==============================
Job started at: Tue Apr  7 18:07:15 EDT 2026
Running on host: udc-ba06-38
Working directory: /sfs/gpfs/tardis/home/xxn2pb/disaster_vision/jobs
SLURM job ID: 11319760
Run directory: /sfs/gpfs/tardis/home/xxn2pb/disaster_vision/jobs/runs/baseline_xview2_11319760_20260407_180713
==============================
Python location:
/home/xxn2pb/venvs/disaster_vision/bin/python
Python version:
Python 3.11.4
GPU check:
Tue Apr  7 18:07:15 2026       
+-----------------------------------------------------------------------------------------+
| NVIDIA-SMI 580.95.05              Driver Version: 580.95.05      CUDA Version: 13.0     |
+-----------------------------------------+------------------------+----------------------+
| GPU  Name                 Persistence-M | Bus-Id          Disp.A | Volatile Uncorr. ECC |
| Fan  Temp   Perf          Pwr:Usage/Cap |           Memory-Usage | GPU-Util  Compute M. |
|                                         |                        |               MIG M. |
|=========================================+========================+======================|
|   0  NVIDIA A40                     Off |   00000000:64:00.0 Off |                    0 |
|  0%   25C    P8             30W /  300W |     125MiB /  46068MiB |      0%      Default |
|                                         |                        |                  N/A |
+-----------------------------------------+------------------------+----------------------+

+-----------------------------------------------------------------------------------------+
| Processes:                                                                              |
|  GPU   GI   CI              PID   Type   Process name                        GPU Memory |
|        ID   ID                                                               Usage      |
|=========================================================================================|
|    0   N/A  N/A           20842      G   /usr/libexec/Xorg                       106MiB |
+-----------------------------------------------------------------------------------------+
Checking key paths...
baseline_test_output
logs
runs
run_siamese_baseline_cpu.slurm
run_siamese_baseline.slurm
siamese_baseline.py
slurm-11265533.out
slurm-11266543.out
hold
test
tier1
tier3
images_jpeg
labels
images_jpeg
labels
Using device: cuda
torch.cuda.is_available(): True
GPU name: NVIDIA A40
Train root: /sfs/gpfs/tardis/home/xxn2pb/siamese_project/data/xview2_jpeg/tier1
Val root: /sfs/gpfs/tardis/home/xxn2pb/siamese_project/data/xview2_jpeg/hold
Save dir: /sfs/gpfs/tardis/home/xxn2pb/disaster_vision/jobs/runs/baseline_xview2_11319760_20260407_180713
Train samples: 2799
Val samples: 933
[DEBUG] guatemala-volcano_00000000 | mask unique=tensor([0, 1]) | mask max=1 | class_label=1 (no-damage)
[SANITY CHECK] sample key: guatemala-volcano_00000000
[SANITY CHECK] mask unique values: tensor([0, 1])
[SANITY CHECK] mask max class: 1 (no-damage)
[SANITY CHECK] class label: 1 (no-damage)
[DEBUG] guatemala-volcano_00000000 | mask unique=tensor([0, 1]) | mask max=1 | class_label=1 (no-damage)
[DEBUG] guatemala-volcano_00000002 | mask unique=tensor([0, 4]) | mask max=4 | class_label=4 (destroyed)
[DEBUG] guatemala-volcano_00000001 | mask unique=tensor([0, 2]) | mask max=2 | class_label=2 (minor-damage)
[DEBUG] guatemala-volcano_00000004 | mask unique=tensor([0, 1, 2, 3, 4]) | mask max=4 | class_label=4 (destroyed)
[DEBUG] guatemala-volcano_00000012 | mask unique=tensor([0, 1]) | mask max=1 | class_label=1 (no-damage)
[DEBUG] guatemala-volcano_00000014 | mask unique=tensor([0, 1, 3, 4]) | mask max=4 | class_label=4 (destroyed)
Epoch 1/5 | train_total=1.7829 | train_seg=0.2667 | train_cls=1.5162 | val_total=1.7353 | val_seg=0.2418 | val_cls=1.4935 | val_dice=0.5815 | val_iou=0.5815 | val_cls_acc=0.2701 | val_cls_f1=0.0900
Saved best model to /sfs/gpfs/tardis/home/xxn2pb/disaster_vision/jobs/runs/baseline_xview2_11319760_20260407_180713/best_model.pt
[DEBUG] guatemala-volcano_00000000 | mask unique=tensor([0, 1]) | mask max=1 | class_label=1 (no-damage)
[DEBUG] guatemala-volcano_00000001 | mask unique=tensor([0, 2]) | mask max=2 | class_label=2 (minor-damage)
[DEBUG] guatemala-volcano_00000002 | mask unique=tensor([0, 4]) | mask max=4 | class_label=4 (destroyed)
[DEBUG] guatemala-volcano_00000004 | mask unique=tensor([0, 1, 2, 3, 4]) | mask max=4 | class_label=4 (destroyed)
[DEBUG] guatemala-volcano_00000012 | mask unique=tensor([0, 1]) | mask max=1 | class_label=1 (no-damage)
[DEBUG] guatemala-volcano_00000014 | mask unique=tensor([0, 1, 3, 4]) | mask max=4 | class_label=4 (destroyed)
Epoch 2/5 | train_total=1.7243 | train_seg=0.2211 | train_cls=1.5033 | val_total=1.7200 | val_seg=0.2391 | val_cls=1.4809 | val_dice=0.5629 | val_iou=0.5615 | val_cls_acc=0.3558 | val_cls_f1=0.1108
[DEBUG] guatemala-volcano_00000001 | mask unique=tensor([0, 2]) | mask max=2 | class_label=2 (minor-damage)
[DEBUG] guatemala-volcano_00000000 | mask unique=tensor([0, 1]) | mask max=1 | class_label=1 (no-damage)
[DEBUG] guatemala-volcano_00000002 | mask unique=tensor([0, 4]) | mask max=4 | class_label=4 (destroyed)
[DEBUG] guatemala-volcano_00000004 | mask unique=tensor([0, 1, 2, 3, 4]) | mask max=4 | class_label=4 (destroyed)
[DEBUG] guatemala-volcano_00000012 | mask unique=tensor([0, 1]) | mask max=1 | class_label=1 (no-damage)
[DEBUG] guatemala-volcano_00000014 | mask unique=tensor([0, 1, 3, 4]) | mask max=4 | class_label=4 (destroyed)
Epoch 3/5 | train_total=1.7170 | train_seg=0.2149 | train_cls=1.5020 | val_total=1.6964 | val_seg=0.2141 | val_cls=1.4823 | val_dice=0.5694 | val_iou=0.5679 | val_cls_acc=0.3558 | val_cls_f1=0.1108
[DEBUG] guatemala-volcano_00000000 | mask unique=tensor([0, 1]) | mask max=1 | class_label=1 (no-damage)
[DEBUG] guatemala-volcano_00000002 | mask unique=tensor([0, 4]) | mask max=4 | class_label=4 (destroyed)
[DEBUG] guatemala-volcano_00000001 | mask unique=tensor([0, 2]) | mask max=2 | class_label=2 (minor-damage)
[DEBUG] guatemala-volcano_00000004 | mask unique=tensor([0, 1, 2, 3, 4]) | mask max=4 | class_label=4 (destroyed)
[DEBUG] guatemala-volcano_00000012 | mask unique=tensor([0, 1]) | mask max=1 | class_label=1 (no-damage)
[DEBUG] guatemala-volcano_00000014 | mask unique=tensor([0, 1, 3, 4]) | mask max=4 | class_label=4 (destroyed)
Epoch 4/5 | train_total=1.7163 | train_seg=0.2090 | train_cls=1.5073 | val_total=1.6820 | val_seg=0.2031 | val_cls=1.4789 | val_dice=0.5464 | val_iou=0.5344 | val_cls_acc=0.3558 | val_cls_f1=0.1108
[DEBUG] guatemala-volcano_00000000 | mask unique=tensor([0, 1]) | mask max=1 | class_label=1 (no-damage)
[DEBUG] guatemala-volcano_00000001 | mask unique=tensor([0, 2]) | mask max=2 | class_label=2 (minor-damage)
[DEBUG] guatemala-volcano_00000002 | mask unique=tensor([0, 4]) | mask max=4 | class_label=4 (destroyed)
[DEBUG] guatemala-volcano_00000004 | mask unique=tensor([0, 1, 2, 3, 4]) | mask max=4 | class_label=4 (destroyed)
[DEBUG] guatemala-volcano_00000012 | mask unique=tensor([0, 1]) | mask max=1 | class_label=1 (no-damage)
[DEBUG] guatemala-volcano_00000014 | mask unique=tensor([0, 1, 3, 4]) | mask max=4 | class_label=4 (destroyed)
Epoch 5/5 | train_total=1.6984 | train_seg=0.1981 | train_cls=1.5003 | val_total=1.6627 | val_seg=0.1929 | val_cls=1.4698 | val_dice=0.5549 | val_iou=0.5431 | val_cls_acc=0.3226 | val_cls_f1=0.1260
Finished training.
Best val dice: 0.5815
Metrics saved to: /sfs/gpfs/tardis/home/xxn2pb/disaster_vision/jobs/runs/baseline_xview2_11319760_20260407_180713/metrics.csv
Plots saved to: /sfs/gpfs/tardis/home/xxn2pb/disaster_vision/jobs/runs/baseline_xview2_11319760_20260407_180713/plots
==============================
Job ended at: Tue Apr  7 18:10:09 EDT 2026
Total runtime: 174 seconds
==============================


Job ID: 11319760
Cluster: shen
User/Group: xxn2pb/users
State: COMPLETED (exit code 0)
Nodes: 1
Cores per node: 6
CPU Utilized: 00:10:34
CPU Efficiency: 60.04% of 00:17:36 core-walltime
Job Wall-clock time: 00:02:56
Memory Utilized: 1.85 GB
Memory Efficiency: 3.84% of 48.00 GB (48.00 GB/node)
