==============================
Job started at: Tue Apr  7 21:07:53 EDT 2026
Running on host: udc-an38-29
Working directory: /sfs/gpfs/tardis/home/xxn2pb/disaster_vision/jobs
SLURM job ID: 11321642
Run directory: /sfs/gpfs/tardis/home/xxn2pb/disaster_vision/jobs/runs/siamese_shared_concat_bottleneck_only_11321642_20260407_210751
Experiment: siamese_shared_concat_bottleneck_only
==============================
Python location:
/home/xxn2pb/venvs/disaster_vision/bin/python
Python version:
Python 3.11.4
GPU check:
Tue Apr  7 21:07:53 2026       
+-----------------------------------------------------------------------------------------+
| NVIDIA-SMI 580.95.05              Driver Version: 580.95.05      CUDA Version: 13.0     |
+-----------------------------------------+------------------------+----------------------+
| GPU  Name                 Persistence-M | Bus-Id          Disp.A | Volatile Uncorr. ECC |
| Fan  Temp   Perf          Pwr:Usage/Cap |           Memory-Usage | GPU-Util  Compute M. |
|                                         |                        |               MIG M. |
|=========================================+========================+======================|
|   0  NVIDIA RTX A6000               Off |   00000000:81:00.0 Off |                  Off |
| 30%   31C    P8             36W /  300W |      20MiB /  49140MiB |      0%      Default |
|                                         |                        |                  N/A |
+-----------------------------------------+------------------------+----------------------+

+-----------------------------------------------------------------------------------------+
| Processes:                                                                              |
|  GPU   GI   CI              PID   Type   Process name                        GPU Memory |
|        ID   ID                                                               Usage      |
|=========================================================================================|
|    0   N/A  N/A           19817      G   /usr/libexec/Xorg                         8MiB |
+-----------------------------------------------------------------------------------------+
Using device: cuda
Experiment name: siamese_shared_concat_bottleneck_only
Train root: /sfs/gpfs/tardis/home/xxn2pb/siamese_project/data/xview2_jpeg/tier1
Val root: /sfs/gpfs/tardis/home/xxn2pb/siamese_project/data/xview2_jpeg/hold
Run dir: /sfs/gpfs/tardis/home/xxn2pb/disaster_vision/jobs/runs/siamese_shared_concat_bottleneck_only_11321642_20260407_210751
Config | input_mode=siamese | encoder_mode=shared | fusion_strategy=concat | fusion_stage=bottleneck_only
Train samples: 2799
Val samples: 933
Epoch 1/5 | train_total=1.8012 | train_seg=0.2849 | train_cls=1.5163 | val_total=1.7273 | val_seg=0.2456 | val_cls=1.4817 | val_dice=0.5815 | val_iou=0.5815 | val_cls_acc=0.3558 | val_cls_f1=0.1108 | val_joint=0.3461
Saved best model to /sfs/gpfs/tardis/home/xxn2pb/disaster_vision/jobs/runs/siamese_shared_concat_bottleneck_only_11321642_20260407_210751/best_model.pt
Epoch 2/5 | train_total=1.7467 | train_seg=0.2436 | train_cls=1.5031 | val_total=1.7155 | val_seg=0.2433 | val_cls=1.4722 | val_dice=0.5815 | val_iou=0.5815 | val_cls_acc=0.3826 | val_cls_f1=0.1320 | val_joint=0.3567
Saved best model to /sfs/gpfs/tardis/home/xxn2pb/disaster_vision/jobs/runs/siamese_shared_concat_bottleneck_only_11321642_20260407_210751/best_model.pt
Epoch 3/5 | train_total=1.7019 | train_seg=0.2455 | train_cls=1.4564 | val_total=1.6535 | val_seg=0.2438 | val_cls=1.4097 | val_dice=0.5815 | val_iou=0.5815 | val_cls_acc=0.3269 | val_cls_f1=0.1253 | val_joint=0.3534
Epoch 4/5 | train_total=1.7344 | train_seg=0.2349 | train_cls=1.4994 | val_total=1.7264 | val_seg=0.2512 | val_cls=1.4752 | val_dice=0.5372 | val_iou=0.5265 | val_cls_acc=0.3558 | val_cls_f1=0.1108 | val_joint=0.3240
Epoch 5/5 | train_total=1.6865 | train_seg=0.2317 | train_cls=1.4548 | val_total=1.6568 | val_seg=0.2333 | val_cls=1.4234 | val_dice=0.5791 | val_iou=0.5791 | val_cls_acc=0.3494 | val_cls_f1=0.1286 | val_joint=0.3538
Finished training.
Best joint_score: 0.3567
Metrics saved to: /sfs/gpfs/tardis/home/xxn2pb/disaster_vision/jobs/runs/siamese_shared_concat_bottleneck_only_11321642_20260407_210751/metrics.csv
Plots saved to: /sfs/gpfs/tardis/home/xxn2pb/disaster_vision/jobs/runs/siamese_shared_concat_bottleneck_only_11321642_20260407_210751/plots
==============================
Job ended at: Tue Apr  7 21:12:01 EDT 2026
Total runtime: 248 seconds
==============================
