==============================
Job started at: Thu Apr  9 00:29:20 EDT 2026
Running on host: udc-an28-1
Working directory: /sfs/gpfs/tardis/home/xxn2pb/disaster_vision/jobs
SLURM job ID: 11389532
Run directory: /sfs/gpfs/tardis/home/xxn2pb/disaster_vision/jobs/runs/siamese_shared_concat_absdiff_multiscale_tuned_es100_11389532_20260409_002919
Experiment: siamese_shared_concat_absdiff_multiscale_tuned_es100
==============================
Python location:
/home/xxn2pb/venvs/disaster_vision/bin/python
Python version:
Python 3.11.4
GPU check:
Thu Apr  9 00:29:20 2026       
+-----------------------------------------------------------------------------------------+
| NVIDIA-SMI 580.95.05              Driver Version: 580.95.05      CUDA Version: 13.0     |
+-----------------------------------------+------------------------+----------------------+
| GPU  Name                 Persistence-M | Bus-Id          Disp.A | Volatile Uncorr. ECC |
| Fan  Temp   Perf          Pwr:Usage/Cap |           Memory-Usage | GPU-Util  Compute M. |
|                                         |                        |               MIG M. |
|=========================================+========================+======================|
|   0  NVIDIA A100-SXM4-40GB          Off |   00000000:07:00.0 Off |                    0 |
| N/A   28C    P0             56W /  400W |     238MiB /  40960MiB |      0%      Default |
|                                         |                        |             Disabled |
+-----------------------------------------+------------------------+----------------------+

+-----------------------------------------------------------------------------------------+
| Processes:                                                                              |
|  GPU   GI   CI              PID   Type   Process name                        GPU Memory |
|        ID   ID                                                               Usage      |
|=========================================================================================|
|    0   N/A  N/A           22424      G   /usr/libexec/Xorg                       108MiB |
|    0   N/A  N/A           22804      G   /usr/bin/gnome-shell                    101MiB |
+-----------------------------------------------------------------------------------------+
Using device: cuda
Experiment name: siamese_shared_concat_absdiff_multiscale_tuned_es100
Train root: /sfs/gpfs/tardis/home/xxn2pb/siamese_project/data/xview2_jpeg/tier1
Val root: /sfs/gpfs/tardis/home/xxn2pb/siamese_project/data/xview2_jpeg/hold
Run dir: /sfs/gpfs/tardis/home/xxn2pb/disaster_vision/jobs/runs/siamese_shared_concat_absdiff_multiscale_tuned_es100_11389532_20260409_002919
Config | input_mode=siamese | encoder_mode=shared | fusion_strategy=concat_absdiff | fusion_stage=multiscale
Early stopping | patience=8 | min_delta=0.0
Train samples: 2799
Val samples: 933
Epoch 1/100 | train_total=3.3641 | train_seg=0.3171 | train_cls=1.5235 | val_total=3.1634 | val_seg=0.2459 | val_cls=1.4588 | val_dice=0.5815 | val_iou=0.5815 | val_cls_acc=0.3558 | val_cls_f1=0.1146 | val_joint=0.3480
Saved best model to /sfs/gpfs/tardis/home/xxn2pb/disaster_vision/jobs/runs/siamese_shared_concat_absdiff_multiscale_tuned_es100_11389532_20260409_002919/best_model.pt
Epoch 2/100 | train_total=3.2059 | train_seg=0.2231 | train_cls=1.4914 | val_total=3.2306 | val_seg=0.2369 | val_cls=1.4969 | val_dice=0.5815 | val_iou=0.5815 | val_cls_acc=0.3441 | val_cls_f1=0.1662 | val_joint=0.3738
Saved best model to /sfs/gpfs/tardis/home/xxn2pb/disaster_vision/jobs/runs/siamese_shared_concat_absdiff_multiscale_tuned_es100_11389532_20260409_002919/best_model.pt
Epoch 3/100 | train_total=3.1672 | train_seg=0.2129 | train_cls=1.4772 | val_total=3.0575 | val_seg=0.2086 | val_cls=1.4245 | val_dice=0.5601 | val_iou=0.5576 | val_cls_acc=0.4148 | val_cls_f1=0.1864 | val_joint=0.3733
Epoch 4/100 | train_total=3.1045 | train_seg=0.2094 | train_cls=1.4476 | val_total=2.9672 | val_seg=0.2059 | val_cls=1.3806 | val_dice=0.5494 | val_iou=0.5420 | val_cls_acc=0.4362 | val_cls_f1=0.2134 | val_joint=0.3814
Saved best model to /sfs/gpfs/tardis/home/xxn2pb/disaster_vision/jobs/runs/siamese_shared_concat_absdiff_multiscale_tuned_es100_11389532_20260409_002919/best_model.pt
Epoch 5/100 | train_total=3.0163 | train_seg=0.2067 | train_cls=1.4048 | val_total=2.9240 | val_seg=0.2025 | val_cls=1.3607 | val_dice=0.5419 | val_iou=0.5306 | val_cls_acc=0.4416 | val_cls_f1=0.2046 | val_joint=0.3732
Epoch 6/100 | train_total=2.9935 | train_seg=0.2027 | train_cls=1.3954 | val_total=2.9629 | val_seg=0.2120 | val_cls=1.3754 | val_dice=0.5499 | val_iou=0.5377 | val_cls_acc=0.4030 | val_cls_f1=0.1797 | val_joint=0.3648
Epoch 7/100 | train_total=2.9475 | train_seg=0.2006 | train_cls=1.3734 | val_total=2.8096 | val_seg=0.1917 | val_cls=1.3089 | val_dice=0.5530 | val_iou=0.5394 | val_cls_acc=0.4491 | val_cls_f1=0.1868 | val_joint=0.3699
Epoch 8/100 | train_total=2.8530 | train_seg=0.1898 | train_cls=1.3316 | val_total=2.7820 | val_seg=0.1953 | val_cls=1.2934 | val_dice=0.5615 | val_iou=0.5496 | val_cls_acc=0.4673 | val_cls_f1=0.1783 | val_joint=0.3699
Epoch 9/100 | train_total=2.7585 | train_seg=0.1832 | train_cls=1.2876 | val_total=2.6635 | val_seg=0.1855 | val_cls=1.2390 | val_dice=0.5591 | val_iou=0.5451 | val_cls_acc=0.4941 | val_cls_f1=0.1786 | val_joint=0.3689
Epoch 10/100 | train_total=2.6937 | train_seg=0.1788 | train_cls=1.2574 | val_total=2.6299 | val_seg=0.1861 | val_cls=1.2219 | val_dice=0.5659 | val_iou=0.5530 | val_cls_acc=0.5273 | val_cls_f1=0.1896 | val_joint=0.3778
Epoch 11/100 | train_total=2.6062 | train_seg=0.1707 | train_cls=1.2178 | val_total=2.5627 | val_seg=0.1804 | val_cls=1.1912 | val_dice=0.5601 | val_iou=0.5447 | val_cls_acc=0.5252 | val_cls_f1=0.1895 | val_joint=0.3748
Epoch 12/100 | train_total=2.5829 | train_seg=0.1710 | train_cls=1.2060 | val_total=2.5528 | val_seg=0.1799 | val_cls=1.1865 | val_dice=0.5661 | val_iou=0.5485 | val_cls_acc=0.5338 | val_cls_f1=0.2066 | val_joint=0.3863
Saved best model to /sfs/gpfs/tardis/home/xxn2pb/disaster_vision/jobs/runs/siamese_shared_concat_absdiff_multiscale_tuned_es100_11389532_20260409_002919/best_model.pt
Epoch 13/100 | train_total=2.4491 | train_seg=0.1665 | train_cls=1.1413 | val_total=2.3526 | val_seg=0.1764 | val_cls=1.0881 | val_dice=0.5678 | val_iou=0.5493 | val_cls_acc=0.5713 | val_cls_f1=0.2144 | val_joint=0.3911
Saved best model to /sfs/gpfs/tardis/home/xxn2pb/disaster_vision/jobs/runs/siamese_shared_concat_absdiff_multiscale_tuned_es100_11389532_20260409_002919/best_model.pt
Epoch 14/100 | train_total=2.3757 | train_seg=0.1619 | train_cls=1.1069 | val_total=2.3243 | val_seg=0.1609 | val_cls=1.0817 | val_dice=0.5742 | val_iou=0.5556 | val_cls_acc=0.5820 | val_cls_f1=0.2303 | val_joint=0.4023
Saved best model to /sfs/gpfs/tardis/home/xxn2pb/disaster_vision/jobs/runs/siamese_shared_concat_absdiff_multiscale_tuned_es100_11389532_20260409_002919/best_model.pt
Epoch 15/100 | train_total=2.3067 | train_seg=0.1569 | train_cls=1.0749 | val_total=2.3233 | val_seg=0.1606 | val_cls=1.0814 | val_dice=0.5749 | val_iou=0.5559 | val_cls_acc=0.5820 | val_cls_f1=0.2245 | val_joint=0.3997
Epoch 16/100 | train_total=2.2909 | train_seg=0.1567 | train_cls=1.0671 | val_total=2.3293 | val_seg=0.1632 | val_cls=1.0831 | val_dice=0.5753 | val_iou=0.5551 | val_cls_acc=0.6002 | val_cls_f1=0.2251 | val_joint=0.4002
Epoch 17/100 | train_total=2.2037 | train_seg=0.1517 | train_cls=1.0260 | val_total=2.3885 | val_seg=0.1581 | val_cls=1.1152 | val_dice=0.5762 | val_iou=0.5573 | val_cls_acc=0.5959 | val_cls_f1=0.2505 | val_joint=0.4133
Saved best model to /sfs/gpfs/tardis/home/xxn2pb/disaster_vision/jobs/runs/siamese_shared_concat_absdiff_multiscale_tuned_es100_11389532_20260409_002919/best_model.pt
Epoch 18/100 | train_total=2.1947 | train_seg=0.1519 | train_cls=1.0214 | val_total=2.2585 | val_seg=0.1553 | val_cls=1.0516 | val_dice=0.5755 | val_iou=0.5551 | val_cls_acc=0.6088 | val_cls_f1=0.2575 | val_joint=0.4165
Saved best model to /sfs/gpfs/tardis/home/xxn2pb/disaster_vision/jobs/runs/siamese_shared_concat_absdiff_multiscale_tuned_es100_11389532_20260409_002919/best_model.pt
Epoch 19/100 | train_total=2.1400 | train_seg=0.1484 | train_cls=0.9958 | val_total=2.1519 | val_seg=0.1531 | val_cls=0.9994 | val_dice=0.5912 | val_iou=0.5719 | val_cls_acc=0.6249 | val_cls_f1=0.2403 | val_joint=0.4158
Epoch 20/100 | train_total=2.1040 | train_seg=0.1434 | train_cls=0.9803 | val_total=2.1060 | val_seg=0.1471 | val_cls=0.9794 | val_dice=0.5645 | val_iou=0.5431 | val_cls_acc=0.6399 | val_cls_f1=0.2592 | val_joint=0.4118
Epoch 21/100 | train_total=2.0535 | train_seg=0.1404 | train_cls=0.9565 | val_total=2.0735 | val_seg=0.1477 | val_cls=0.9629 | val_dice=0.5989 | val_iou=0.5784 | val_cls_acc=0.6367 | val_cls_f1=0.2536 | val_joint=0.4262
Saved best model to /sfs/gpfs/tardis/home/xxn2pb/disaster_vision/jobs/runs/siamese_shared_concat_absdiff_multiscale_tuned_es100_11389532_20260409_002919/best_model.pt
Epoch 22/100 | train_total=2.0275 | train_seg=0.1405 | train_cls=0.9435 | val_total=2.1789 | val_seg=0.1465 | val_cls=1.0162 | val_dice=0.5888 | val_iou=0.5682 | val_cls_acc=0.6206 | val_cls_f1=0.2331 | val_joint=0.4109
Epoch 23/100 | train_total=2.0053 | train_seg=0.1395 | train_cls=0.9329 | val_total=2.1320 | val_seg=0.1438 | val_cls=0.9941 | val_dice=0.5790 | val_iou=0.5572 | val_cls_acc=0.6356 | val_cls_f1=0.2575 | val_joint=0.4182
Epoch 24/100 | train_total=1.9690 | train_seg=0.1378 | train_cls=0.9156 | val_total=2.1015 | val_seg=0.1441 | val_cls=0.9787 | val_dice=0.5815 | val_iou=0.5606 | val_cls_acc=0.6388 | val_cls_f1=0.2514 | val_joint=0.4165
Epoch 25/100 | train_total=1.9179 | train_seg=0.1345 | train_cls=0.8917 | val_total=2.1996 | val_seg=0.1389 | val_cls=1.0303 | val_dice=0.5727 | val_iou=0.5504 | val_cls_acc=0.6184 | val_cls_f1=0.2551 | val_joint=0.4139
Epoch 26/100 | train_total=1.9064 | train_seg=0.1333 | train_cls=0.8865 | val_total=2.0499 | val_seg=0.1377 | val_cls=0.9561 | val_dice=0.5468 | val_iou=0.5227 | val_cls_acc=0.6356 | val_cls_f1=0.2660 | val_joint=0.4064
Epoch 27/100 | train_total=1.8825 | train_seg=0.1324 | train_cls=0.8750 | val_total=2.0400 | val_seg=0.1389 | val_cls=0.9506 | val_dice=0.5491 | val_iou=0.5239 | val_cls_acc=0.6409 | val_cls_f1=0.2506 | val_joint=0.3998
Epoch 28/100 | train_total=1.8533 | train_seg=0.1319 | train_cls=0.8607 | val_total=2.1079 | val_seg=0.1550 | val_cls=0.9765 | val_dice=0.5818 | val_iou=0.5597 | val_cls_acc=0.6313 | val_cls_f1=0.2436 | val_joint=0.4127
Epoch 29/100 | train_total=1.8401 | train_seg=0.1312 | train_cls=0.8544 | val_total=2.0466 | val_seg=0.1396 | val_cls=0.9535 | val_dice=0.5447 | val_iou=0.5209 | val_cls_acc=0.6592 | val_cls_f1=0.2673 | val_joint=0.4060
Early stopping triggered at epoch 29 after 8 epochs without joint_score improvement greater than 0.0.
Finished training.
Best joint_score: 0.4262 at epoch 21
Training stopped early at epoch 29.
Metrics saved to: /sfs/gpfs/tardis/home/xxn2pb/disaster_vision/jobs/runs/siamese_shared_concat_absdiff_multiscale_tuned_es100_11389532_20260409_002919/metrics.csv
Plots saved to: /sfs/gpfs/tardis/home/xxn2pb/disaster_vision/jobs/runs/siamese_shared_concat_absdiff_multiscale_tuned_es100_11389532_20260409_002919/plots
==============================
Job ended at: Thu Apr  9 00:46:09 EDT 2026
Total runtime: 1008 seconds
==============================
