==============================
Job started at: Wed Apr  8 02:34:16 EDT 2026
Running on host: udc-an38-25
Working directory: /sfs/gpfs/tardis/home/xxn2pb/disaster_vision/jobs
SLURM job ID: 11321747
Run directory: /sfs/gpfs/tardis/home/xxn2pb/disaster_vision/jobs/runs/baseline_xview2_v2_11321747_20260408_023414
==============================
Python location:
/home/xxn2pb/venvs/disaster_vision/bin/python
Python version:
Python 3.11.4
GPU check:
Wed Apr  8 02:34:16 2026       
+-----------------------------------------------------------------------------------------+
| NVIDIA-SMI 580.95.05              Driver Version: 580.95.05      CUDA Version: 13.0     |
+-----------------------------------------+------------------------+----------------------+
| GPU  Name                 Persistence-M | Bus-Id          Disp.A | Volatile Uncorr. ECC |
| Fan  Temp   Perf          Pwr:Usage/Cap |           Memory-Usage | GPU-Util  Compute M. |
|                                         |                        |               MIG M. |
|=========================================+========================+======================|
|   0  NVIDIA RTX A6000               Off |   00000000:E1:00.0 Off |                  Off |
| 30%   28C    P8             29W /  300W |      20MiB /  49140MiB |      0%      Default |
|                                         |                        |                  N/A |
+-----------------------------------------+------------------------+----------------------+

+-----------------------------------------------------------------------------------------+
| Processes:                                                                              |
|  GPU   GI   CI              PID   Type   Process name                        GPU Memory |
|        ID   ID                                                               Usage      |
|=========================================================================================|
|    0   N/A  N/A           19988      G   /usr/libexec/Xorg                         8MiB |
+-----------------------------------------------------------------------------------------+
Checking key paths...
baseline_test_output
change_family_experiments.py
logs
new_jobs.txt
run_change_experiment.slurm
run_change_experiment_tuned.slurm
runs
run_siamese_baseline_cpu.slurm
run_siamese_baseline.slurm
run_siamese_baseline_v2.slurm
runs.txt
siamese_baseline.py
siamese_baseline_v2.py
slurm-11265533.out
slurm-11266543.out
hold
test
tier1
tier3
images_jpeg
labels
images_jpeg
labels
Using device: cuda
torch.cuda.is_available(): True
GPU name: NVIDIA RTX A6000
Train root: /sfs/gpfs/tardis/home/xxn2pb/siamese_project/data/xview2_jpeg/tier1
Val root: /sfs/gpfs/tardis/home/xxn2pb/siamese_project/data/xview2_jpeg/hold
Save dir: /sfs/gpfs/tardis/home/xxn2pb/disaster_vision/jobs/runs/baseline_xview2_v2_11321747_20260408_023414
Training profile: v2 | lr=0.0003 | epochs=20 | selection_metric=joint
Train samples: 2799
Val samples: 933
[DEBUG] guatemala-volcano_00000000 | mask unique=tensor([0, 1]) | mask max=1 | class_label=1 (no-damage)
[SANITY CHECK] sample key: guatemala-volcano_00000000
[SANITY CHECK] mask unique values: tensor([0, 1])
[SANITY CHECK] mask max class: 1 (no-damage)
[SANITY CHECK] class label: 1 (no-damage)
[DEBUG] guatemala-volcano_00000001 | mask unique=tensor([0, 2]) | mask max=2 | class_label=2 (minor-damage)
[DEBUG] guatemala-volcano_00000002 | mask unique=tensor([0, 4]) | mask max=4 | class_label=4 (destroyed)
[DEBUG] guatemala-volcano_00000000 | mask unique=tensor([0, 1]) | mask max=1 | class_label=1 (no-damage)
[DEBUG] guatemala-volcano_00000004 | mask unique=tensor([0, 1, 2, 3, 4]) | mask max=4 | class_label=4 (destroyed)
[DEBUG] guatemala-volcano_00000012 | mask unique=tensor([0, 1]) | mask max=1 | class_label=1 (no-damage)
[DEBUG] guatemala-volcano_00000014 | mask unique=tensor([0, 1, 3, 4]) | mask max=4 | class_label=4 (destroyed)
Epoch 1/20 | train_total=1.7887 | train_seg=0.2798 | train_cls=1.5089 | val_total=1.6896 | val_seg=0.2291 | val_cls=1.4604 | val_dice=0.5815 | val_iou=0.5815 | val_cls_acc=0.3558 | val_cls_f1=0.1108 | val_joint=0.3461
Saved best model to /sfs/gpfs/tardis/home/xxn2pb/disaster_vision/jobs/runs/baseline_xview2_v2_11321747_20260408_023414/best_model.pt
[DEBUG] guatemala-volcano_00000000 | mask unique=tensor([0, 1]) | mask max=1 | class_label=1 (no-damage)
[DEBUG] guatemala-volcano_00000002 | mask unique=tensor([0, 4]) | mask max=4 | class_label=4 (destroyed)
[DEBUG] guatemala-volcano_00000001 | mask unique=tensor([0, 2]) | mask max=2 | class_label=2 (minor-damage)
[DEBUG] guatemala-volcano_00000004 | mask unique=tensor([0, 1, 2, 3, 4]) | mask max=4 | class_label=4 (destroyed)
[DEBUG] guatemala-volcano_00000012 | mask unique=tensor([0, 1]) | mask max=1 | class_label=1 (no-damage)
[DEBUG] guatemala-volcano_00000014 | mask unique=tensor([0, 1, 3, 4]) | mask max=4 | class_label=4 (destroyed)
Epoch 2/20 | train_total=1.6814 | train_seg=0.2247 | train_cls=1.4567 | val_total=1.6212 | val_seg=0.2267 | val_cls=1.3945 | val_dice=0.5815 | val_iou=0.5815 | val_cls_acc=0.4555 | val_cls_f1=0.1388 | val_joint=0.3601
Saved best model to /sfs/gpfs/tardis/home/xxn2pb/disaster_vision/jobs/runs/baseline_xview2_v2_11321747_20260408_023414/best_model.pt
[DEBUG] guatemala-volcano_00000002 | mask unique=tensor([0, 4]) | mask max=4 | class_label=4 (destroyed)
[DEBUG] guatemala-volcano_00000001 | mask unique=tensor([0, 2]) | mask max=2 | class_label=2 (minor-damage)
[DEBUG] guatemala-volcano_00000000 | mask unique=tensor([0, 1]) | mask max=1 | class_label=1 (no-damage)
[DEBUG] guatemala-volcano_00000004 | mask unique=tensor([0, 1, 2, 3, 4]) | mask max=4 | class_label=4 (destroyed)
[DEBUG] guatemala-volcano_00000012 | mask unique=tensor([0, 1]) | mask max=1 | class_label=1 (no-damage)
[DEBUG] guatemala-volcano_00000014 | mask unique=tensor([0, 1, 3, 4]) | mask max=4 | class_label=4 (destroyed)
Epoch 3/20 | train_total=1.5255 | train_seg=0.2090 | train_cls=1.3165 | val_total=1.4606 | val_seg=0.1985 | val_cls=1.2621 | val_dice=0.5609 | val_iou=0.5508 | val_cls_acc=0.4759 | val_cls_f1=0.1480 | val_joint=0.3545
[DEBUG] guatemala-volcano_00000001 | mask unique=tensor([0, 2]) | mask max=2 | class_label=2 (minor-damage)
[DEBUG] guatemala-volcano_00000002 | mask unique=tensor([0, 4]) | mask max=4 | class_label=4 (destroyed)
[DEBUG] guatemala-volcano_00000000 | mask unique=tensor([0, 1]) | mask max=1 | class_label=1 (no-damage)
[DEBUG] guatemala-volcano_00000004 | mask unique=tensor([0, 1, 2, 3, 4]) | mask max=4 | class_label=4 (destroyed)
[DEBUG] guatemala-volcano_00000012 | mask unique=tensor([0, 1]) | mask max=1 | class_label=1 (no-damage)
[DEBUG] guatemala-volcano_00000014 | mask unique=tensor([0, 1, 3, 4]) | mask max=4 | class_label=4 (destroyed)
Epoch 4/20 | train_total=1.4486 | train_seg=0.1961 | train_cls=1.2525 | val_total=1.4737 | val_seg=0.1874 | val_cls=1.2862 | val_dice=0.5594 | val_iou=0.5451 | val_cls_acc=0.4855 | val_cls_f1=0.1733 | val_joint=0.3663
Saved best model to /sfs/gpfs/tardis/home/xxn2pb/disaster_vision/jobs/runs/baseline_xview2_v2_11321747_20260408_023414/best_model.pt
[DEBUG] guatemala-volcano_00000001 | mask unique=tensor([0, 2]) | mask max=2 | class_label=2 (minor-damage)
[DEBUG] guatemala-volcano_00000002 | mask unique=tensor([0, 4]) | mask max=4 | class_label=4 (destroyed)
[DEBUG] guatemala-volcano_00000000 | mask unique=tensor([0, 1]) | mask max=1 | class_label=1 (no-damage)
[DEBUG] guatemala-volcano_00000004 | mask unique=tensor([0, 1, 2, 3, 4]) | mask max=4 | class_label=4 (destroyed)
[DEBUG] guatemala-volcano_00000012 | mask unique=tensor([0, 1]) | mask max=1 | class_label=1 (no-damage)
[DEBUG] guatemala-volcano_00000014 | mask unique=tensor([0, 1, 3, 4]) | mask max=4 | class_label=4 (destroyed)
Epoch 5/20 | train_total=1.3864 | train_seg=0.1887 | train_cls=1.1977 | val_total=1.4275 | val_seg=0.1955 | val_cls=1.2321 | val_dice=0.5711 | val_iou=0.5621 | val_cls_acc=0.5155 | val_cls_f1=0.1635 | val_joint=0.3673
Saved best model to /sfs/gpfs/tardis/home/xxn2pb/disaster_vision/jobs/runs/baseline_xview2_v2_11321747_20260408_023414/best_model.pt
[DEBUG] guatemala-volcano_00000002 | mask unique=tensor([0, 4]) | mask max=4 | class_label=4 (destroyed)
[DEBUG] guatemala-volcano_00000001 | mask unique=tensor([0, 2]) | mask max=2 | class_label=2 (minor-damage)
[DEBUG] guatemala-volcano_00000000 | mask unique=tensor([0, 1]) | mask max=1 | class_label=1 (no-damage)
[DEBUG] guatemala-volcano_00000004 | mask unique=tensor([0, 1, 2, 3, 4]) | mask max=4 | class_label=4 (destroyed)
[DEBUG] guatemala-volcano_00000012 | mask unique=tensor([0, 1]) | mask max=1 | class_label=1 (no-damage)
[DEBUG] guatemala-volcano_00000014 | mask unique=tensor([0, 1, 3, 4]) | mask max=4 | class_label=4 (destroyed)
Epoch 6/20 | train_total=1.3428 | train_seg=0.1819 | train_cls=1.1608 | val_total=1.3111 | val_seg=0.1792 | val_cls=1.1319 | val_dice=0.5878 | val_iou=0.5750 | val_cls_acc=0.5691 | val_cls_f1=0.1838 | val_joint=0.3858
Saved best model to /sfs/gpfs/tardis/home/xxn2pb/disaster_vision/jobs/runs/baseline_xview2_v2_11321747_20260408_023414/best_model.pt
[DEBUG] guatemala-volcano_00000002 | mask unique=tensor([0, 4]) | mask max=4 | class_label=4 (destroyed)
[DEBUG] guatemala-volcano_00000000 | mask unique=tensor([0, 1]) | mask max=1 | class_label=1 (no-damage)
[DEBUG] guatemala-volcano_00000001 | mask unique=tensor([0, 2]) | mask max=2 | class_label=2 (minor-damage)
[DEBUG] guatemala-volcano_00000004 | mask unique=tensor([0, 1, 2, 3, 4]) | mask max=4 | class_label=4 (destroyed)
[DEBUG] guatemala-volcano_00000012 | mask unique=tensor([0, 1]) | mask max=1 | class_label=1 (no-damage)
[DEBUG] guatemala-volcano_00000014 | mask unique=tensor([0, 1, 3, 4]) | mask max=4 | class_label=4 (destroyed)
Epoch 7/20 | train_total=1.3232 | train_seg=0.1782 | train_cls=1.1449 | val_total=1.3754 | val_seg=0.1777 | val_cls=1.1977 | val_dice=0.5770 | val_iou=0.5608 | val_cls_acc=0.5595 | val_cls_f1=0.1986 | val_joint=0.3878
Saved best model to /sfs/gpfs/tardis/home/xxn2pb/disaster_vision/jobs/runs/baseline_xview2_v2_11321747_20260408_023414/best_model.pt
[DEBUG] guatemala-volcano_00000000 | mask unique=tensor([0, 1]) | mask max=1 | class_label=1 (no-damage)
[DEBUG] guatemala-volcano_00000001 | mask unique=tensor([0, 2]) | mask max=2 | class_label=2 (minor-damage)
[DEBUG] guatemala-volcano_00000002 | mask unique=tensor([0, 4]) | mask max=4 | class_label=4 (destroyed)
[DEBUG] guatemala-volcano_00000004 | mask unique=tensor([0, 1, 2, 3, 4]) | mask max=4 | class_label=4 (destroyed)
[DEBUG] guatemala-volcano_00000012 | mask unique=tensor([0, 1]) | mask max=1 | class_label=1 (no-damage)
[DEBUG] guatemala-volcano_00000014 | mask unique=tensor([0, 1, 3, 4]) | mask max=4 | class_label=4 (destroyed)
Epoch 8/20 | train_total=1.2962 | train_seg=0.1729 | train_cls=1.1233 | val_total=1.2913 | val_seg=0.1740 | val_cls=1.1173 | val_dice=0.5848 | val_iou=0.5716 | val_cls_acc=0.5681 | val_cls_f1=0.1903 | val_joint=0.3876
[DEBUG] guatemala-volcano_00000002 | mask unique=tensor([0, 4]) | mask max=4 | class_label=4 (destroyed)
[DEBUG] guatemala-volcano_00000000 | mask unique=tensor([0, 1]) | mask max=1 | class_label=1 (no-damage)
[DEBUG] guatemala-volcano_00000001 | mask unique=tensor([0, 2]) | mask max=2 | class_label=2 (minor-damage)
[DEBUG] guatemala-volcano_00000004 | mask unique=tensor([0, 1, 2, 3, 4]) | mask max=4 | class_label=4 (destroyed)
[DEBUG] guatemala-volcano_00000012 | mask unique=tensor([0, 1]) | mask max=1 | class_label=1 (no-damage)
[DEBUG] guatemala-volcano_00000014 | mask unique=tensor([0, 1, 3, 4]) | mask max=4 | class_label=4 (destroyed)
Epoch 9/20 | train_total=1.2754 | train_seg=0.1719 | train_cls=1.1036 | val_total=1.2852 | val_seg=0.2021 | val_cls=1.0832 | val_dice=0.5836 | val_iou=0.5790 | val_cls_acc=0.5970 | val_cls_f1=0.1946 | val_joint=0.3891
Saved best model to /sfs/gpfs/tardis/home/xxn2pb/disaster_vision/jobs/runs/baseline_xview2_v2_11321747_20260408_023414/best_model.pt
[DEBUG] guatemala-volcano_00000001 | mask unique=tensor([0, 2]) | mask max=2 | class_label=2 (minor-damage)
[DEBUG] guatemala-volcano_00000002 | mask unique=tensor([0, 4]) | mask max=4 | class_label=4 (destroyed)
[DEBUG] guatemala-volcano_00000000 | mask unique=tensor([0, 1]) | mask max=1 | class_label=1 (no-damage)
[DEBUG] guatemala-volcano_00000004 | mask unique=tensor([0, 1, 2, 3, 4]) | mask max=4 | class_label=4 (destroyed)
[DEBUG] guatemala-volcano_00000012 | mask unique=tensor([0, 1]) | mask max=1 | class_label=1 (no-damage)
[DEBUG] guatemala-volcano_00000014 | mask unique=tensor([0, 1, 3, 4]) | mask max=4 | class_label=4 (destroyed)
Epoch 10/20 | train_total=1.2545 | train_seg=0.1695 | train_cls=1.0850 | val_total=1.2635 | val_seg=0.1761 | val_cls=1.0874 | val_dice=0.5947 | val_iou=0.5810 | val_cls_acc=0.5959 | val_cls_f1=0.2050 | val_joint=0.3999
Saved best model to /sfs/gpfs/tardis/home/xxn2pb/disaster_vision/jobs/runs/baseline_xview2_v2_11321747_20260408_023414/best_model.pt
[DEBUG] guatemala-volcano_00000002 | mask unique=tensor([0, 4]) | mask max=4 | class_label=4 (destroyed)
[DEBUG] guatemala-volcano_00000001 | mask unique=tensor([0, 2]) | mask max=2 | class_label=2 (minor-damage)
[DEBUG] guatemala-volcano_00000000 | mask unique=tensor([0, 1]) | mask max=1 | class_label=1 (no-damage)
[DEBUG] guatemala-volcano_00000004 | mask unique=tensor([0, 1, 2, 3, 4]) | mask max=4 | class_label=4 (destroyed)
[DEBUG] guatemala-volcano_00000012 | mask unique=tensor([0, 1]) | mask max=1 | class_label=1 (no-damage)
[DEBUG] guatemala-volcano_00000014 | mask unique=tensor([0, 1, 3, 4]) | mask max=4 | class_label=4 (destroyed)
Epoch 11/20 | train_total=1.2359 | train_seg=0.1612 | train_cls=1.0746 | val_total=1.3424 | val_seg=0.1743 | val_cls=1.1681 | val_dice=0.5906 | val_iou=0.5776 | val_cls_acc=0.6045 | val_cls_f1=0.1978 | val_joint=0.3942
[DEBUG] guatemala-volcano_00000000 | mask unique=tensor([0, 1]) | mask max=1 | class_label=1 (no-damage)
[DEBUG] guatemala-volcano_00000001 | mask unique=tensor([0, 2]) | mask max=2 | class_label=2 (minor-damage)
[DEBUG] guatemala-volcano_00000002 | mask unique=tensor([0, 4]) | mask max=4 | class_label=4 (destroyed)
[DEBUG] guatemala-volcano_00000004 | mask unique=tensor([0, 1, 2, 3, 4]) | mask max=4 | class_label=4 (destroyed)
[DEBUG] guatemala-volcano_00000012 | mask unique=tensor([0, 1]) | mask max=1 | class_label=1 (no-damage)
[DEBUG] guatemala-volcano_00000014 | mask unique=tensor([0, 1, 3, 4]) | mask max=4 | class_label=4 (destroyed)
Epoch 12/20 | train_total=1.2272 | train_seg=0.1623 | train_cls=1.0649 | val_total=1.2035 | val_seg=0.1564 | val_cls=1.0470 | val_dice=0.5504 | val_iou=0.5330 | val_cls_acc=0.5981 | val_cls_f1=0.2093 | val_joint=0.3799
[DEBUG] guatemala-volcano_00000000 | mask unique=tensor([0, 1]) | mask max=1 | class_label=1 (no-damage)
[DEBUG] guatemala-volcano_00000002 | mask unique=tensor([0, 4]) | mask max=4 | class_label=4 (destroyed)
[DEBUG] guatemala-volcano_00000001 | mask unique=tensor([0, 2]) | mask max=2 | class_label=2 (minor-damage)
[DEBUG] guatemala-volcano_00000004 | mask unique=tensor([0, 1, 2, 3, 4]) | mask max=4 | class_label=4 (destroyed)
[DEBUG] guatemala-volcano_00000012 | mask unique=tensor([0, 1]) | mask max=1 | class_label=1 (no-damage)
[DEBUG] guatemala-volcano_00000014 | mask unique=tensor([0, 1, 3, 4]) | mask max=4 | class_label=4 (destroyed)
Epoch 13/20 | train_total=1.2134 | train_seg=0.1576 | train_cls=1.0558 | val_total=1.2029 | val_seg=0.1657 | val_cls=1.0372 | val_dice=0.5842 | val_iou=0.5689 | val_cls_acc=0.6227 | val_cls_f1=0.2156 | val_joint=0.3999
Saved best model to /sfs/gpfs/tardis/home/xxn2pb/disaster_vision/jobs/runs/baseline_xview2_v2_11321747_20260408_023414/best_model.pt
[DEBUG] guatemala-volcano_00000001 | mask unique=tensor([0, 2]) | mask max=2 | class_label=2 (minor-damage)
[DEBUG] guatemala-volcano_00000000 | mask unique=tensor([0, 1]) | mask max=1 | class_label=1 (no-damage)
[DEBUG] guatemala-volcano_00000002 | mask unique=tensor([0, 4]) | mask max=4 | class_label=4 (destroyed)
[DEBUG] guatemala-volcano_00000004 | mask unique=tensor([0, 1, 2, 3, 4]) | mask max=4 | class_label=4 (destroyed)
[DEBUG] guatemala-volcano_00000012 | mask unique=tensor([0, 1]) | mask max=1 | class_label=1 (no-damage)
[DEBUG] guatemala-volcano_00000014 | mask unique=tensor([0, 1, 3, 4]) | mask max=4 | class_label=4 (destroyed)
Epoch 14/20 | train_total=1.1922 | train_seg=0.1540 | train_cls=1.0382 | val_total=1.1752 | val_seg=0.1595 | val_cls=1.0157 | val_dice=0.5705 | val_iou=0.5544 | val_cls_acc=0.6077 | val_cls_f1=0.2041 | val_joint=0.3873
[DEBUG] guatemala-volcano_00000000 | mask unique=tensor([0, 1]) | mask max=1 | class_label=1 (no-damage)
[DEBUG] guatemala-volcano_00000001 | mask unique=tensor([0, 2]) | mask max=2 | class_label=2 (minor-damage)
[DEBUG] guatemala-volcano_00000002 | mask unique=tensor([0, 4]) | mask max=4 | class_label=4 (destroyed)
[DEBUG] guatemala-volcano_00000004 | mask unique=tensor([0, 1, 2, 3, 4]) | mask max=4 | class_label=4 (destroyed)
[DEBUG] guatemala-volcano_00000012 | mask unique=tensor([0, 1]) | mask max=1 | class_label=1 (no-damage)
[DEBUG] guatemala-volcano_00000014 | mask unique=tensor([0, 1, 3, 4]) | mask max=4 | class_label=4 (destroyed)
Epoch 15/20 | train_total=1.1797 | train_seg=0.1530 | train_cls=1.0268 | val_total=1.1800 | val_seg=0.1526 | val_cls=1.0274 | val_dice=0.5730 | val_iou=0.5549 | val_cls_acc=0.5991 | val_cls_f1=0.2097 | val_joint=0.3914
[DEBUG] guatemala-volcano_00000000 | mask unique=tensor([0, 1]) | mask max=1 | class_label=1 (no-damage)
[DEBUG] guatemala-volcano_00000001 | mask unique=tensor([0, 2]) | mask max=2 | class_label=2 (minor-damage)
[DEBUG] guatemala-volcano_00000002 | mask unique=tensor([0, 4]) | mask max=4 | class_label=4 (destroyed)
[DEBUG] guatemala-volcano_00000004 | mask unique=tensor([0, 1, 2, 3, 4]) | mask max=4 | class_label=4 (destroyed)
[DEBUG] guatemala-volcano_00000012 | mask unique=tensor([0, 1]) | mask max=1 | class_label=1 (no-damage)
[DEBUG] guatemala-volcano_00000014 | mask unique=tensor([0, 1, 3, 4]) | mask max=4 | class_label=4 (destroyed)
Epoch 16/20 | train_total=1.1655 | train_seg=0.1478 | train_cls=1.0177 | val_total=1.1507 | val_seg=0.1543 | val_cls=0.9964 | val_dice=0.5666 | val_iou=0.5460 | val_cls_acc=0.6367 | val_cls_f1=0.2238 | val_joint=0.3952
[DEBUG] guatemala-volcano_00000000 | mask unique=tensor([0, 1]) | mask max=1 | class_label=1 (no-damage)
[DEBUG] guatemala-volcano_00000002 | mask unique=tensor([0, 4]) | mask max=4 | class_label=4 (destroyed)
[DEBUG] guatemala-volcano_00000001 | mask unique=tensor([0, 2]) | mask max=2 | class_label=2 (minor-damage)
[DEBUG] guatemala-volcano_00000004 | mask unique=tensor([0, 1, 2, 3, 4]) | mask max=4 | class_label=4 (destroyed)
[DEBUG] guatemala-volcano_00000012 | mask unique=tensor([0, 1]) | mask max=1 | class_label=1 (no-damage)
[DEBUG] guatemala-volcano_00000014 | mask unique=tensor([0, 1, 3, 4]) | mask max=4 | class_label=4 (destroyed)
Epoch 17/20 | train_total=1.1478 | train_seg=0.1465 | train_cls=1.0013 | val_total=1.1736 | val_seg=0.1452 | val_cls=1.0285 | val_dice=0.5690 | val_iou=0.5478 | val_cls_acc=0.6066 | val_cls_f1=0.2249 | val_joint=0.3970
[DEBUG] guatemala-volcano_00000000 | mask unique=tensor([0, 1]) | mask max=1 | class_label=1 (no-damage)
[DEBUG] guatemala-volcano_00000002 | mask unique=tensor([0, 4]) | mask max=4 | class_label=4 (destroyed)
[DEBUG] guatemala-volcano_00000001 | mask unique=tensor([0, 2]) | mask max=2 | class_label=2 (minor-damage)
[DEBUG] guatemala-volcano_00000004 | mask unique=tensor([0, 1, 2, 3, 4]) | mask max=4 | class_label=4 (destroyed)
[DEBUG] guatemala-volcano_00000012 | mask unique=tensor([0, 1]) | mask max=1 | class_label=1 (no-damage)
[DEBUG] guatemala-volcano_00000014 | mask unique=tensor([0, 1, 3, 4]) | mask max=4 | class_label=4 (destroyed)
Epoch 18/20 | train_total=1.1126 | train_seg=0.1424 | train_cls=0.9702 | val_total=1.2148 | val_seg=0.1461 | val_cls=1.0687 | val_dice=0.5494 | val_iou=0.5256 | val_cls_acc=0.6066 | val_cls_f1=0.2201 | val_joint=0.3847
[DEBUG] guatemala-volcano_00000002 | mask unique=tensor([0, 4]) | mask max=4 | class_label=4 (destroyed)
[DEBUG] guatemala-volcano_00000001 | mask unique=tensor([0, 2]) | mask max=2 | class_label=2 (minor-damage)
[DEBUG] guatemala-volcano_00000000 | mask unique=tensor([0, 1]) | mask max=1 | class_label=1 (no-damage)
[DEBUG] guatemala-volcano_00000004 | mask unique=tensor([0, 1, 2, 3, 4]) | mask max=4 | class_label=4 (destroyed)
[DEBUG] guatemala-volcano_00000012 | mask unique=tensor([0, 1]) | mask max=1 | class_label=1 (no-damage)
[DEBUG] guatemala-volcano_00000014 | mask unique=tensor([0, 1, 3, 4]) | mask max=4 | class_label=4 (destroyed)
Epoch 19/20 | train_total=1.1088 | train_seg=0.1384 | train_cls=0.9704 | val_total=1.1323 | val_seg=0.1461 | val_cls=0.9861 | val_dice=0.5840 | val_iou=0.5629 | val_cls_acc=0.6302 | val_cls_f1=0.2161 | val_joint=0.4001
Saved best model to /sfs/gpfs/tardis/home/xxn2pb/disaster_vision/jobs/runs/baseline_xview2_v2_11321747_20260408_023414/best_model.pt
[DEBUG] guatemala-volcano_00000000 | mask unique=tensor([0, 1]) | mask max=1 | class_label=1 (no-damage)
[DEBUG] guatemala-volcano_00000001 | mask unique=tensor([0, 2]) | mask max=2 | class_label=2 (minor-damage)
[DEBUG] guatemala-volcano_00000002 | mask unique=tensor([0, 4]) | mask max=4 | class_label=4 (destroyed)
[DEBUG] guatemala-volcano_00000004 | mask unique=tensor([0, 1, 2, 3, 4]) | mask max=4 | class_label=4 (destroyed)
[DEBUG] guatemala-volcano_00000012 | mask unique=tensor([0, 1]) | mask max=1 | class_label=1 (no-damage)
[DEBUG] guatemala-volcano_00000014 | mask unique=tensor([0, 1, 3, 4]) | mask max=4 | class_label=4 (destroyed)
Epoch 20/20 | train_total=1.0944 | train_seg=0.1366 | train_cls=0.9578 | val_total=1.1061 | val_seg=0.1489 | val_cls=0.9572 | val_dice=0.5835 | val_iou=0.5654 | val_cls_acc=0.6388 | val_cls_f1=0.2249 | val_joint=0.4042
Saved best model to /sfs/gpfs/tardis/home/xxn2pb/disaster_vision/jobs/runs/baseline_xview2_v2_11321747_20260408_023414/best_model.pt
Finished training.
Best joint: 0.4042
Metrics saved to: /sfs/gpfs/tardis/home/xxn2pb/disaster_vision/jobs/runs/baseline_xview2_v2_11321747_20260408_023414/metrics.csv
Plots saved to: /sfs/gpfs/tardis/home/xxn2pb/disaster_vision/jobs/runs/baseline_xview2_v2_11321747_20260408_023414/plots
Config saved to: /sfs/gpfs/tardis/home/xxn2pb/disaster_vision/jobs/runs/baseline_xview2_v2_11321747_20260408_023414/config.json
==============================
Job ended at: Wed Apr  8 02:49:53 EDT 2026
Total runtime: 937 seconds
==============================
