==============================
Job started at: Wed Apr  8 22:51:22 EDT 2026
Running on host: udc-an34-19
Working directory: /sfs/gpfs/tardis/home/xxn2pb/disaster_vision/jobs
SLURM job ID: 11386952
Run directory: /sfs/gpfs/tardis/home/xxn2pb/disaster_vision/jobs/runs/baseline_xview2_v2_11386952_20260408_225121
==============================
Python location:
/home/xxn2pb/venvs/disaster_vision/bin/python
Python version:
Python 3.11.4
GPU check:
Wed Apr  8 22:51:22 2026       
+-----------------------------------------------------------------------------------------+
| NVIDIA-SMI 580.95.05              Driver Version: 580.95.05      CUDA Version: 13.0     |
+-----------------------------------------+------------------------+----------------------+
| GPU  Name                 Persistence-M | Bus-Id          Disp.A | Volatile Uncorr. ECC |
| Fan  Temp   Perf          Pwr:Usage/Cap |           Memory-Usage | GPU-Util  Compute M. |
|                                         |                        |               MIG M. |
|=========================================+========================+======================|
|   0  NVIDIA A100-SXM4-80GB          Off |   00000000:90:00.0 Off |                    0 |
| N/A   37C    P0             67W /  400W |     116MiB /  81920MiB |      0%      Default |
|                                         |                        |             Disabled |
+-----------------------------------------+------------------------+----------------------+

+-----------------------------------------------------------------------------------------+
| Processes:                                                                              |
|  GPU   GI   CI              PID   Type   Process name                        GPU Memory |
|        ID   ID                                                               Usage      |
|=========================================================================================|
|    0   N/A  N/A           22592      G   /usr/libexec/Xorg                       106MiB |
+-----------------------------------------------------------------------------------------+
Checking key paths...
baseline_test_output
change_family_experiments.py
logs
new_jobs.txt
__pycache__
run_change_experiment.slurm
run_change_experiment_tuned.slurm
runs
run_siamese_baseline_cpu.slurm
run_siamese_baseline.slurm
run_siamese_baseline_v2.slurm
runs.txt
siamese_baseline.py
siamese_baseline_v2.py
slurm-11265533.out
slurm-11266543.out
hold
test
tier1
tier3
images_jpeg
labels
images_jpeg
labels
Using device: cuda
torch.cuda.is_available(): True
GPU name: NVIDIA A100-SXM4-80GB
Train root: /sfs/gpfs/tardis/home/xxn2pb/siamese_project/data/xview2_jpeg/tier1
Val root: /sfs/gpfs/tardis/home/xxn2pb/siamese_project/data/xview2_jpeg/hold
Save dir: /sfs/gpfs/tardis/home/xxn2pb/disaster_vision/jobs/runs/baseline_xview2_v2_11386952_20260408_225121
Training profile: v2 | lr=0.0003 | epochs=50 | selection_metric=joint
Train samples: 2799
Val samples: 933
[DEBUG] guatemala-volcano_00000000 | mask unique=tensor([0, 1]) | mask max=1 | class_label=1 (no-damage)
[SANITY CHECK] sample key: guatemala-volcano_00000000
[SANITY CHECK] mask unique values: tensor([0, 1])
[SANITY CHECK] mask max class: 1 (no-damage)
[SANITY CHECK] class label: 1 (no-damage)
[DEBUG] guatemala-volcano_00000001 | mask unique=tensor([0, 2]) | mask max=2 | class_label=2 (minor-damage)
[DEBUG] guatemala-volcano_00000000 | mask unique=tensor([0, 1]) | mask max=1 | class_label=1 (no-damage)
[DEBUG] guatemala-volcano_00000002 | mask unique=tensor([0, 4]) | mask max=4 | class_label=4 (destroyed)
[DEBUG] guatemala-volcano_00000004 | mask unique=tensor([0, 1, 2, 3, 4]) | mask max=4 | class_label=4 (destroyed)
[DEBUG] guatemala-volcano_00000012 | mask unique=tensor([0, 1]) | mask max=1 | class_label=1 (no-damage)
[DEBUG] guatemala-volcano_00000014 | mask unique=tensor([0, 1, 3, 4]) | mask max=4 | class_label=4 (destroyed)
Epoch 1/50 | train_total=1.7943 | train_seg=0.2898 | train_cls=1.5045 | val_total=1.7028 | val_seg=0.2321 | val_cls=1.4708 | val_dice=0.5815 | val_iou=0.5815 | val_cls_acc=0.3558 | val_cls_f1=0.1108 | val_joint=0.3461
Saved best model to /sfs/gpfs/tardis/home/xxn2pb/disaster_vision/jobs/runs/baseline_xview2_v2_11386952_20260408_225121/best_model.pt
[DEBUG] guatemala-volcano_00000002 | mask unique=tensor([0, 4]) | mask max=4 | class_label=4 (destroyed)
[DEBUG] guatemala-volcano_00000000 | mask unique=tensor([0, 1]) | mask max=1 | class_label=1 (no-damage)
[DEBUG] guatemala-volcano_00000001 | mask unique=tensor([0, 2]) | mask max=2 | class_label=2 (minor-damage)
[DEBUG] guatemala-volcano_00000004 | mask unique=tensor([0, 1, 2, 3, 4]) | mask max=4 | class_label=4 (destroyed)
[DEBUG] guatemala-volcano_00000012 | mask unique=tensor([0, 1]) | mask max=1 | class_label=1 (no-damage)
[DEBUG] guatemala-volcano_00000014 | mask unique=tensor([0, 1, 3, 4]) | mask max=4 | class_label=4 (destroyed)
Epoch 2/50 | train_total=1.7080 | train_seg=0.2234 | train_cls=1.4847 | val_total=1.6710 | val_seg=0.2206 | val_cls=1.4504 | val_dice=0.5687 | val_iou=0.5652 | val_cls_acc=0.3483 | val_cls_f1=0.1329 | val_joint=0.3508
Saved best model to /sfs/gpfs/tardis/home/xxn2pb/disaster_vision/jobs/runs/baseline_xview2_v2_11386952_20260408_225121/best_model.pt
[DEBUG] guatemala-volcano_00000001 | mask unique=tensor([0, 2]) | mask max=2 | class_label=2 (minor-damage)
[DEBUG] guatemala-volcano_00000000 | mask unique=tensor([0, 1]) | mask max=1 | class_label=1 (no-damage)
[DEBUG] guatemala-volcano_00000002 | mask unique=tensor([0, 4]) | mask max=4 | class_label=4 (destroyed)
[DEBUG] guatemala-volcano_00000004 | mask unique=tensor([0, 1, 2, 3, 4]) | mask max=4 | class_label=4 (destroyed)
[DEBUG] guatemala-volcano_00000012 | mask unique=tensor([0, 1]) | mask max=1 | class_label=1 (no-damage)
[DEBUG] guatemala-volcano_00000014 | mask unique=tensor([0, 1, 3, 4]) | mask max=4 | class_label=4 (destroyed)
Epoch 3/50 | train_total=1.6484 | train_seg=0.2150 | train_cls=1.4334 | val_total=1.5612 | val_seg=0.2106 | val_cls=1.3506 | val_dice=0.5649 | val_iou=0.5604 | val_cls_acc=0.4330 | val_cls_f1=0.1295 | val_joint=0.3472
[DEBUG] guatemala-volcano_00000001 | mask unique=tensor([0, 2]) | mask max=2 | class_label=2 (minor-damage)
[DEBUG] guatemala-volcano_00000002 | mask unique=tensor([0, 4]) | mask max=4 | class_label=4 (destroyed)
[DEBUG] guatemala-volcano_00000000 | mask unique=tensor([0, 1]) | mask max=1 | class_label=1 (no-damage)
[DEBUG] guatemala-volcano_00000004 | mask unique=tensor([0, 1, 2, 3, 4]) | mask max=4 | class_label=4 (destroyed)
[DEBUG] guatemala-volcano_00000012 | mask unique=tensor([0, 1]) | mask max=1 | class_label=1 (no-damage)
[DEBUG] guatemala-volcano_00000014 | mask unique=tensor([0, 1, 3, 4]) | mask max=4 | class_label=4 (destroyed)
Epoch 4/50 | train_total=1.5423 | train_seg=0.2016 | train_cls=1.3407 | val_total=1.4475 | val_seg=0.1925 | val_cls=1.2550 | val_dice=0.5631 | val_iou=0.5510 | val_cls_acc=0.4716 | val_cls_f1=0.1474 | val_joint=0.3552
Saved best model to /sfs/gpfs/tardis/home/xxn2pb/disaster_vision/jobs/runs/baseline_xview2_v2_11386952_20260408_225121/best_model.pt
[DEBUG] guatemala-volcano_00000001 | mask unique=tensor([0, 2]) | mask max=2 | class_label=2 (minor-damage)
[DEBUG] guatemala-volcano_00000002 | mask unique=tensor([0, 4]) | mask max=4 | class_label=4 (destroyed)
[DEBUG] guatemala-volcano_00000000 | mask unique=tensor([0, 1]) | mask max=1 | class_label=1 (no-damage)
[DEBUG] guatemala-volcano_00000004 | mask unique=tensor([0, 1, 2, 3, 4]) | mask max=4 | class_label=4 (destroyed)
[DEBUG] guatemala-volcano_00000012 | mask unique=tensor([0, 1]) | mask max=1 | class_label=1 (no-damage)
[DEBUG] guatemala-volcano_00000014 | mask unique=tensor([0, 1, 3, 4]) | mask max=4 | class_label=4 (destroyed)
Epoch 5/50 | train_total=1.4845 | train_seg=0.1927 | train_cls=1.2918 | val_total=1.6641 | val_seg=0.1998 | val_cls=1.4644 | val_dice=0.5713 | val_iou=0.5552 | val_cls_acc=0.3987 | val_cls_f1=0.1054 | val_joint=0.3384
[DEBUG] guatemala-volcano_00000001 | mask unique=tensor([0, 2]) | mask max=2 | class_label=2 (minor-damage)
[DEBUG] guatemala-volcano_00000000 | mask unique=tensor([0, 1]) | mask max=1 | class_label=1 (no-damage)
[DEBUG] guatemala-volcano_00000002 | mask unique=tensor([0, 4]) | mask max=4 | class_label=4 (destroyed)
[DEBUG] guatemala-volcano_00000004 | mask unique=tensor([0, 1, 2, 3, 4]) | mask max=4 | class_label=4 (destroyed)
[DEBUG] guatemala-volcano_00000012 | mask unique=tensor([0, 1]) | mask max=1 | class_label=1 (no-damage)
[DEBUG] guatemala-volcano_00000014 | mask unique=tensor([0, 1, 3, 4]) | mask max=4 | class_label=4 (destroyed)
Epoch 6/50 | train_total=1.4351 | train_seg=0.1846 | train_cls=1.2506 | val_total=1.4308 | val_seg=0.1973 | val_cls=1.2335 | val_dice=0.5716 | val_iou=0.5608 | val_cls_acc=0.4995 | val_cls_f1=0.1705 | val_joint=0.3710
Saved best model to /sfs/gpfs/tardis/home/xxn2pb/disaster_vision/jobs/runs/baseline_xview2_v2_11386952_20260408_225121/best_model.pt
[DEBUG] guatemala-volcano_00000001 | mask unique=tensor([0, 2]) | mask max=2 | class_label=2 (minor-damage)
[DEBUG] guatemala-volcano_00000002 | mask unique=tensor([0, 4]) | mask max=4 | class_label=4 (destroyed)
[DEBUG] guatemala-volcano_00000000 | mask unique=tensor([0, 1]) | mask max=1 | class_label=1 (no-damage)
[DEBUG] guatemala-volcano_00000004 | mask unique=tensor([0, 1, 2, 3, 4]) | mask max=4 | class_label=4 (destroyed)
[DEBUG] guatemala-volcano_00000012 | mask unique=tensor([0, 1]) | mask max=1 | class_label=1 (no-damage)
[DEBUG] guatemala-volcano_00000014 | mask unique=tensor([0, 1, 3, 4]) | mask max=4 | class_label=4 (destroyed)
Epoch 7/50 | train_total=1.3973 | train_seg=0.1795 | train_cls=1.2179 | val_total=1.4168 | val_seg=0.1891 | val_cls=1.2277 | val_dice=0.5647 | val_iou=0.5479 | val_cls_acc=0.5273 | val_cls_f1=0.1687 | val_joint=0.3667
[DEBUG] guatemala-volcano_00000002 | mask unique=tensor([0, 4]) | mask max=4 | class_label=4 (destroyed)
[DEBUG] guatemala-volcano_00000001 | mask unique=tensor([0, 2]) | mask max=2 | class_label=2 (minor-damage)
[DEBUG] guatemala-volcano_00000000 | mask unique=tensor([0, 1]) | mask max=1 | class_label=1 (no-damage)
[DEBUG] guatemala-volcano_00000004 | mask unique=tensor([0, 1, 2, 3, 4]) | mask max=4 | class_label=4 (destroyed)
[DEBUG] guatemala-volcano_00000012 | mask unique=tensor([0, 1]) | mask max=1 | class_label=1 (no-damage)
[DEBUG] guatemala-volcano_00000014 | mask unique=tensor([0, 1, 3, 4]) | mask max=4 | class_label=4 (destroyed)
Epoch 8/50 | train_total=1.3610 | train_seg=0.1747 | train_cls=1.1863 | val_total=1.3623 | val_seg=0.1714 | val_cls=1.1909 | val_dice=0.5788 | val_iou=0.5632 | val_cls_acc=0.5102 | val_cls_f1=0.1783 | val_joint=0.3785
Saved best model to /sfs/gpfs/tardis/home/xxn2pb/disaster_vision/jobs/runs/baseline_xview2_v2_11386952_20260408_225121/best_model.pt
[DEBUG] guatemala-volcano_00000001 | mask unique=tensor([0, 2]) | mask max=2 | class_label=2 (minor-damage)
[DEBUG] guatemala-volcano_00000002 | mask unique=tensor([0, 4]) | mask max=4 | class_label=4 (destroyed)
[DEBUG] guatemala-volcano_00000000 | mask unique=tensor([0, 1]) | mask max=1 | class_label=1 (no-damage)
[DEBUG] guatemala-volcano_00000004 | mask unique=tensor([0, 1, 2, 3, 4]) | mask max=4 | class_label=4 (destroyed)
[DEBUG] guatemala-volcano_00000012 | mask unique=tensor([0, 1]) | mask max=1 | class_label=1 (no-damage)
[DEBUG] guatemala-volcano_00000014 | mask unique=tensor([0, 1, 3, 4]) | mask max=4 | class_label=4 (destroyed)
Epoch 9/50 | train_total=1.3009 | train_seg=0.1711 | train_cls=1.1298 | val_total=1.4201 | val_seg=0.1685 | val_cls=1.2516 | val_dice=0.5818 | val_iou=0.5651 | val_cls_acc=0.5305 | val_cls_f1=0.1828 | val_joint=0.3823
Saved best model to /sfs/gpfs/tardis/home/xxn2pb/disaster_vision/jobs/runs/baseline_xview2_v2_11386952_20260408_225121/best_model.pt
[DEBUG] guatemala-volcano_00000002 | mask unique=tensor([0, 4]) | mask max=4 | class_label=4 (destroyed)
[DEBUG] guatemala-volcano_00000001 | mask unique=tensor([0, 2]) | mask max=2 | class_label=2 (minor-damage)
[DEBUG] guatemala-volcano_00000000 | mask unique=tensor([0, 1]) | mask max=1 | class_label=1 (no-damage)
[DEBUG] guatemala-volcano_00000004 | mask unique=tensor([0, 1, 2, 3, 4]) | mask max=4 | class_label=4 (destroyed)
[DEBUG] guatemala-volcano_00000012 | mask unique=tensor([0, 1]) | mask max=1 | class_label=1 (no-damage)
[DEBUG] guatemala-volcano_00000014 | mask unique=tensor([0, 1, 3, 4]) | mask max=4 | class_label=4 (destroyed)
Epoch 10/50 | train_total=1.2842 | train_seg=0.1670 | train_cls=1.1172 | val_total=1.3039 | val_seg=0.1830 | val_cls=1.1209 | val_dice=0.5880 | val_iou=0.5687 | val_cls_acc=0.5970 | val_cls_f1=0.2078 | val_joint=0.3979
Saved best model to /sfs/gpfs/tardis/home/xxn2pb/disaster_vision/jobs/runs/baseline_xview2_v2_11386952_20260408_225121/best_model.pt
[DEBUG] guatemala-volcano_00000001 | mask unique=tensor([0, 2]) | mask max=2 | class_label=2 (minor-damage)
[DEBUG] guatemala-volcano_00000000 | mask unique=tensor([0, 1]) | mask max=1 | class_label=1 (no-damage)
[DEBUG] guatemala-volcano_00000002 | mask unique=tensor([0, 4]) | mask max=4 | class_label=4 (destroyed)
[DEBUG] guatemala-volcano_00000004 | mask unique=tensor([0, 1, 2, 3, 4]) | mask max=4 | class_label=4 (destroyed)
[DEBUG] guatemala-volcano_00000012 | mask unique=tensor([0, 1]) | mask max=1 | class_label=1 (no-damage)
[DEBUG] guatemala-volcano_00000014 | mask unique=tensor([0, 1, 3, 4]) | mask max=4 | class_label=4 (destroyed)
Epoch 11/50 | train_total=1.2540 | train_seg=0.1645 | train_cls=1.0896 | val_total=1.3322 | val_seg=0.1799 | val_cls=1.1523 | val_dice=0.5979 | val_iou=0.5824 | val_cls_acc=0.5627 | val_cls_f1=0.1762 | val_joint=0.3870
[DEBUG] guatemala-volcano_00000002 | mask unique=tensor([0, 4]) | mask max=4 | class_label=4 (destroyed)
[DEBUG] guatemala-volcano_00000001 | mask unique=tensor([0, 2]) | mask max=2 | class_label=2 (minor-damage)
[DEBUG] guatemala-volcano_00000000 | mask unique=tensor([0, 1]) | mask max=1 | class_label=1 (no-damage)
[DEBUG] guatemala-volcano_00000004 | mask unique=tensor([0, 1, 2, 3, 4]) | mask max=4 | class_label=4 (destroyed)
[DEBUG] guatemala-volcano_00000012 | mask unique=tensor([0, 1]) | mask max=1 | class_label=1 (no-damage)
[DEBUG] guatemala-volcano_00000014 | mask unique=tensor([0, 1, 3, 4]) | mask max=4 | class_label=4 (destroyed)
Epoch 12/50 | train_total=1.2361 | train_seg=0.1572 | train_cls=1.0788 | val_total=1.2255 | val_seg=0.1594 | val_cls=1.0660 | val_dice=0.5813 | val_iou=0.5633 | val_cls_acc=0.5874 | val_cls_f1=0.2039 | val_joint=0.3926
[DEBUG] guatemala-volcano_00000000 | mask unique=tensor([0, 1]) | mask max=1 | class_label=1 (no-damage)
[DEBUG] guatemala-volcano_00000002 | mask unique=tensor([0, 4]) | mask max=4 | class_label=4 (destroyed)
[DEBUG] guatemala-volcano_00000001 | mask unique=tensor([0, 2]) | mask max=2 | class_label=2 (minor-damage)
[DEBUG] guatemala-volcano_00000004 | mask unique=tensor([0, 1, 2, 3, 4]) | mask max=4 | class_label=4 (destroyed)
[DEBUG] guatemala-volcano_00000012 | mask unique=tensor([0, 1]) | mask max=1 | class_label=1 (no-damage)
[DEBUG] guatemala-volcano_00000014 | mask unique=tensor([0, 1, 3, 4]) | mask max=4 | class_label=4 (destroyed)
Epoch 13/50 | train_total=1.2143 | train_seg=0.1555 | train_cls=1.0589 | val_total=1.2814 | val_seg=0.1641 | val_cls=1.1173 | val_dice=0.5528 | val_iou=0.5329 | val_cls_acc=0.5616 | val_cls_f1=0.1907 | val_joint=0.3718
[DEBUG] guatemala-volcano_00000000 | mask unique=tensor([0, 1]) | mask max=1 | class_label=1 (no-damage)
[DEBUG] guatemala-volcano_00000001 | mask unique=tensor([0, 2]) | mask max=2 | class_label=2 (minor-damage)
[DEBUG] guatemala-volcano_00000002 | mask unique=tensor([0, 4]) | mask max=4 | class_label=4 (destroyed)
[DEBUG] guatemala-volcano_00000004 | mask unique=tensor([0, 1, 2, 3, 4]) | mask max=4 | class_label=4 (destroyed)
[DEBUG] guatemala-volcano_00000012 | mask unique=tensor([0, 1]) | mask max=1 | class_label=1 (no-damage)
[DEBUG] guatemala-volcano_00000014 | mask unique=tensor([0, 1, 3, 4]) | mask max=4 | class_label=4 (destroyed)
Epoch 14/50 | train_total=1.1915 | train_seg=0.1513 | train_cls=1.0402 | val_total=1.2215 | val_seg=0.1518 | val_cls=1.0698 | val_dice=0.5720 | val_iou=0.5515 | val_cls_acc=0.5970 | val_cls_f1=0.1986 | val_joint=0.3853
[DEBUG] guatemala-volcano_00000000 | mask unique=tensor([0, 1]) | mask max=1 | class_label=1 (no-damage)
[DEBUG] guatemala-volcano_00000001 | mask unique=tensor([0, 2]) | mask max=2 | class_label=2 (minor-damage)
[DEBUG] guatemala-volcano_00000002 | mask unique=tensor([0, 4]) | mask max=4 | class_label=4 (destroyed)
[DEBUG] guatemala-volcano_00000004 | mask unique=tensor([0, 1, 2, 3, 4]) | mask max=4 | class_label=4 (destroyed)
[DEBUG] guatemala-volcano_00000012 | mask unique=tensor([0, 1]) | mask max=1 | class_label=1 (no-damage)
[DEBUG] guatemala-volcano_00000014 | mask unique=tensor([0, 1, 3, 4]) | mask max=4 | class_label=4 (destroyed)
Epoch 15/50 | train_total=1.1683 | train_seg=0.1464 | train_cls=1.0219 | val_total=1.2411 | val_seg=0.1527 | val_cls=1.0884 | val_dice=0.5208 | val_iou=0.5009 | val_cls_acc=0.5723 | val_cls_f1=0.2048 | val_joint=0.3628
[DEBUG] guatemala-volcano_00000002 | mask unique=tensor([0, 4]) | mask max=4 | class_label=4 (destroyed)
[DEBUG] guatemala-volcano_00000000 | mask unique=tensor([0, 1]) | mask max=1 | class_label=1 (no-damage)
[DEBUG] guatemala-volcano_00000001 | mask unique=tensor([0, 2]) | mask max=2 | class_label=2 (minor-damage)
[DEBUG] guatemala-volcano_00000004 | mask unique=tensor([0, 1, 2, 3, 4]) | mask max=4 | class_label=4 (destroyed)
[DEBUG] guatemala-volcano_00000012 | mask unique=tensor([0, 1]) | mask max=1 | class_label=1 (no-damage)
[DEBUG] guatemala-volcano_00000014 | mask unique=tensor([0, 1, 3, 4]) | mask max=4 | class_label=4 (destroyed)
Epoch 16/50 | train_total=1.1589 | train_seg=0.1448 | train_cls=1.0140 | val_total=1.2156 | val_seg=0.1453 | val_cls=1.0704 | val_dice=0.5648 | val_iou=0.5433 | val_cls_acc=0.5874 | val_cls_f1=0.2075 | val_joint=0.3862
[DEBUG] guatemala-volcano_00000002 | mask unique=tensor([0, 4]) | mask max=4 | class_label=4 (destroyed)
[DEBUG] guatemala-volcano_00000000 | mask unique=tensor([0, 1]) | mask max=1 | class_label=1 (no-damage)
[DEBUG] guatemala-volcano_00000001 | mask unique=tensor([0, 2]) | mask max=2 | class_label=2 (minor-damage)
[DEBUG] guatemala-volcano_00000004 | mask unique=tensor([0, 1, 2, 3, 4]) | mask max=4 | class_label=4 (destroyed)
[DEBUG] guatemala-volcano_00000012 | mask unique=tensor([0, 1]) | mask max=1 | class_label=1 (no-damage)
[DEBUG] guatemala-volcano_00000014 | mask unique=tensor([0, 1, 3, 4]) | mask max=4 | class_label=4 (destroyed)
Epoch 17/50 | train_total=1.1473 | train_seg=0.1452 | train_cls=1.0021 | val_total=1.2201 | val_seg=0.1590 | val_cls=1.0611 | val_dice=0.5608 | val_iou=0.5414 | val_cls_acc=0.5874 | val_cls_f1=0.2164 | val_joint=0.3886
[DEBUG] guatemala-volcano_00000002 | mask unique=tensor([0, 4]) | mask max=4 | class_label=4 (destroyed)
[DEBUG] guatemala-volcano_00000000 | mask unique=tensor([0, 1]) | mask max=1 | class_label=1 (no-damage)
[DEBUG] guatemala-volcano_00000001 | mask unique=tensor([0, 2]) | mask max=2 | class_label=2 (minor-damage)
[DEBUG] guatemala-volcano_00000004 | mask unique=tensor([0, 1, 2, 3, 4]) | mask max=4 | class_label=4 (destroyed)
[DEBUG] guatemala-volcano_00000012 | mask unique=tensor([0, 1]) | mask max=1 | class_label=1 (no-damage)
[DEBUG] guatemala-volcano_00000014 | mask unique=tensor([0, 1, 3, 4]) | mask max=4 | class_label=4 (destroyed)
Epoch 18/50 | train_total=1.1444 | train_seg=0.1424 | train_cls=1.0020 | val_total=1.1679 | val_seg=0.1483 | val_cls=1.0196 | val_dice=0.5629 | val_iou=0.5407 | val_cls_acc=0.6217 | val_cls_f1=0.2155 | val_joint=0.3892
[DEBUG] guatemala-volcano_00000000 | mask unique=tensor([0, 1]) | mask max=1 | class_label=1 (no-damage)
[DEBUG] guatemala-volcano_00000001 | mask unique=tensor([0, 2]) | mask max=2 | class_label=2 (minor-damage)
[DEBUG] guatemala-volcano_00000002 | mask unique=tensor([0, 4]) | mask max=4 | class_label=4 (destroyed)
[DEBUG] guatemala-volcano_00000004 | mask unique=tensor([0, 1, 2, 3, 4]) | mask max=4 | class_label=4 (destroyed)
[DEBUG] guatemala-volcano_00000012 | mask unique=tensor([0, 1]) | mask max=1 | class_label=1 (no-damage)
[DEBUG] guatemala-volcano_00000014 | mask unique=tensor([0, 1, 3, 4]) | mask max=4 | class_label=4 (destroyed)
Epoch 19/50 | train_total=1.1094 | train_seg=0.1376 | train_cls=0.9718 | val_total=1.1563 | val_seg=0.1443 | val_cls=1.0120 | val_dice=0.5572 | val_iou=0.5337 | val_cls_acc=0.6045 | val_cls_f1=0.2098 | val_joint=0.3835
[DEBUG] guatemala-volcano_00000001 | mask unique=tensor([0, 2]) | mask max=2 | class_label=2 (minor-damage)
[DEBUG] guatemala-volcano_00000002 | mask unique=tensor([0, 4]) | mask max=4 | class_label=4 (destroyed)
[DEBUG] guatemala-volcano_00000000 | mask unique=tensor([0, 1]) | mask max=1 | class_label=1 (no-damage)
[DEBUG] guatemala-volcano_00000004 | mask unique=tensor([0, 1, 2, 3, 4]) | mask max=4 | class_label=4 (destroyed)
[DEBUG] guatemala-volcano_00000012 | mask unique=tensor([0, 1]) | mask max=1 | class_label=1 (no-damage)
[DEBUG] guatemala-volcano_00000014 | mask unique=tensor([0, 1, 3, 4]) | mask max=4 | class_label=4 (destroyed)
Epoch 20/50 | train_total=1.1002 | train_seg=0.1375 | train_cls=0.9627 | val_total=1.1172 | val_seg=0.1372 | val_cls=0.9800 | val_dice=0.5743 | val_iou=0.5512 | val_cls_acc=0.6206 | val_cls_f1=0.2195 | val_joint=0.3969
[DEBUG] guatemala-volcano_00000001 | mask unique=tensor([0, 2]) | mask max=2 | class_label=2 (minor-damage)
[DEBUG] guatemala-volcano_00000000 | mask unique=tensor([0, 1]) | mask max=1 | class_label=1 (no-damage)
[DEBUG] guatemala-volcano_00000002 | mask unique=tensor([0, 4]) | mask max=4 | class_label=4 (destroyed)
[DEBUG] guatemala-volcano_00000004 | mask unique=tensor([0, 1, 2, 3, 4]) | mask max=4 | class_label=4 (destroyed)
[DEBUG] guatemala-volcano_00000012 | mask unique=tensor([0, 1]) | mask max=1 | class_label=1 (no-damage)
[DEBUG] guatemala-volcano_00000014 | mask unique=tensor([0, 1, 3, 4]) | mask max=4 | class_label=4 (destroyed)
Epoch 21/50 | train_total=1.0778 | train_seg=0.1339 | train_cls=0.9440 | val_total=1.1109 | val_seg=0.1338 | val_cls=0.9771 | val_dice=0.5612 | val_iou=0.5380 | val_cls_acc=0.6163 | val_cls_f1=0.2189 | val_joint=0.3901
[DEBUG] guatemala-volcano_00000000 | mask unique=tensor([0, 1]) | mask max=1 | class_label=1 (no-damage)
[DEBUG] guatemala-volcano_00000002 | mask unique=tensor([0, 4]) | mask max=4 | class_label=4 (destroyed)
[DEBUG] guatemala-volcano_00000001 | mask unique=tensor([0, 2]) | mask max=2 | class_label=2 (minor-damage)
[DEBUG] guatemala-volcano_00000004 | mask unique=tensor([0, 1, 2, 3, 4]) | mask max=4 | class_label=4 (destroyed)
[DEBUG] guatemala-volcano_00000012 | mask unique=tensor([0, 1]) | mask max=1 | class_label=1 (no-damage)
[DEBUG] guatemala-volcano_00000014 | mask unique=tensor([0, 1, 3, 4]) | mask max=4 | class_label=4 (destroyed)
Epoch 22/50 | train_total=1.0656 | train_seg=0.1320 | train_cls=0.9336 | val_total=1.2357 | val_seg=0.1332 | val_cls=1.1025 | val_dice=0.5509 | val_iou=0.5262 | val_cls_acc=0.5723 | val_cls_f1=0.1984 | val_joint=0.3747
[DEBUG] guatemala-volcano_00000001 | mask unique=tensor([0, 2]) | mask max=2 | class_label=2 (minor-damage)
[DEBUG] guatemala-volcano_00000002 | mask unique=tensor([0, 4]) | mask max=4 | class_label=4 (destroyed)
[DEBUG] guatemala-volcano_00000000 | mask unique=tensor([0, 1]) | mask max=1 | class_label=1 (no-damage)
[DEBUG] guatemala-volcano_00000004 | mask unique=tensor([0, 1, 2, 3, 4]) | mask max=4 | class_label=4 (destroyed)
[DEBUG] guatemala-volcano_00000012 | mask unique=tensor([0, 1]) | mask max=1 | class_label=1 (no-damage)
[DEBUG] guatemala-volcano_00000014 | mask unique=tensor([0, 1, 3, 4]) | mask max=4 | class_label=4 (destroyed)
Epoch 23/50 | train_total=1.0528 | train_seg=0.1322 | train_cls=0.9206 | val_total=1.1968 | val_seg=0.1380 | val_cls=1.0588 | val_dice=0.5728 | val_iou=0.5492 | val_cls_acc=0.6270 | val_cls_f1=0.2126 | val_joint=0.3927
[DEBUG] guatemala-volcano_00000002 | mask unique=tensor([0, 4]) | mask max=4 | class_label=4 (destroyed)
[DEBUG] guatemala-volcano_00000001 | mask unique=tensor([0, 2]) | mask max=2 | class_label=2 (minor-damage)
[DEBUG] guatemala-volcano_00000000 | mask unique=tensor([0, 1]) | mask max=1 | class_label=1 (no-damage)
[DEBUG] guatemala-volcano_00000004 | mask unique=tensor([0, 1, 2, 3, 4]) | mask max=4 | class_label=4 (destroyed)
[DEBUG] guatemala-volcano_00000012 | mask unique=tensor([0, 1]) | mask max=1 | class_label=1 (no-damage)
[DEBUG] guatemala-volcano_00000014 | mask unique=tensor([0, 1, 3, 4]) | mask max=4 | class_label=4 (destroyed)
Epoch 24/50 | train_total=1.0419 | train_seg=0.1282 | train_cls=0.9137 | val_total=1.1562 | val_seg=0.1352 | val_cls=1.0210 | val_dice=0.5713 | val_iou=0.5485 | val_cls_acc=0.6184 | val_cls_f1=0.2338 | val_joint=0.4025
Saved best model to /sfs/gpfs/tardis/home/xxn2pb/disaster_vision/jobs/runs/baseline_xview2_v2_11386952_20260408_225121/best_model.pt
[DEBUG] guatemala-volcano_00000000 | mask unique=tensor([0, 1]) | mask max=1 | class_label=1 (no-damage)
[DEBUG] guatemala-volcano_00000002 | mask unique=tensor([0, 4]) | mask max=4 | class_label=4 (destroyed)
[DEBUG] guatemala-volcano_00000001 | mask unique=tensor([0, 2]) | mask max=2 | class_label=2 (minor-damage)
[DEBUG] guatemala-volcano_00000004 | mask unique=tensor([0, 1, 2, 3, 4]) | mask max=4 | class_label=4 (destroyed)
[DEBUG] guatemala-volcano_00000012 | mask unique=tensor([0, 1]) | mask max=1 | class_label=1 (no-damage)
[DEBUG] guatemala-volcano_00000014 | mask unique=tensor([0, 1, 3, 4]) | mask max=4 | class_label=4 (destroyed)
Epoch 25/50 | train_total=1.0403 | train_seg=0.1302 | train_cls=0.9100 | val_total=1.1335 | val_seg=0.1470 | val_cls=0.9865 | val_dice=0.5713 | val_iou=0.5492 | val_cls_acc=0.6259 | val_cls_f1=0.2231 | val_joint=0.3972
[DEBUG] guatemala-volcano_00000001 | mask unique=tensor([0, 2]) | mask max=2 | class_label=2 (minor-damage)
[DEBUG] guatemala-volcano_00000000 | mask unique=tensor([0, 1]) | mask max=1 | class_label=1 (no-damage)
[DEBUG] guatemala-volcano_00000002 | mask unique=tensor([0, 4]) | mask max=4 | class_label=4 (destroyed)
[DEBUG] guatemala-volcano_00000004 | mask unique=tensor([0, 1, 2, 3, 4]) | mask max=4 | class_label=4 (destroyed)
[DEBUG] guatemala-volcano_00000012 | mask unique=tensor([0, 1]) | mask max=1 | class_label=1 (no-damage)
[DEBUG] guatemala-volcano_00000014 | mask unique=tensor([0, 1, 3, 4]) | mask max=4 | class_label=4 (destroyed)
Epoch 26/50 | train_total=1.0070 | train_seg=0.1247 | train_cls=0.8822 | val_total=1.1186 | val_seg=0.1280 | val_cls=0.9906 | val_dice=0.5593 | val_iou=0.5343 | val_cls_acc=0.6356 | val_cls_f1=0.2286 | val_joint=0.3940
[DEBUG] guatemala-volcano_00000001 | mask unique=tensor([0, 2]) | mask max=2 | class_label=2 (minor-damage)
[DEBUG] guatemala-volcano_00000000 | mask unique=tensor([0, 1]) | mask max=1 | class_label=1 (no-damage)
[DEBUG] guatemala-volcano_00000002 | mask unique=tensor([0, 4]) | mask max=4 | class_label=4 (destroyed)
[DEBUG] guatemala-volcano_00000004 | mask unique=tensor([0, 1, 2, 3, 4]) | mask max=4 | class_label=4 (destroyed)
[DEBUG] guatemala-volcano_00000012 | mask unique=tensor([0, 1]) | mask max=1 | class_label=1 (no-damage)
[DEBUG] guatemala-volcano_00000014 | mask unique=tensor([0, 1, 3, 4]) | mask max=4 | class_label=4 (destroyed)
Epoch 27/50 | train_total=1.0136 | train_seg=0.1245 | train_cls=0.8891 | val_total=1.1089 | val_seg=0.1277 | val_cls=0.9812 | val_dice=0.5745 | val_iou=0.5477 | val_cls_acc=0.6409 | val_cls_f1=0.2287 | val_joint=0.4016
[DEBUG] guatemala-volcano_00000001 | mask unique=tensor([0, 2]) | mask max=2 | class_label=2 (minor-damage)
[DEBUG] guatemala-volcano_00000002 | mask unique=tensor([0, 4]) | mask max=4 | class_label=4 (destroyed)
[DEBUG] guatemala-volcano_00000000 | mask unique=tensor([0, 1]) | mask max=1 | class_label=1 (no-damage)
[DEBUG] guatemala-volcano_00000004 | mask unique=tensor([0, 1, 2, 3, 4]) | mask max=4 | class_label=4 (destroyed)
[DEBUG] guatemala-volcano_00000012 | mask unique=tensor([0, 1]) | mask max=1 | class_label=1 (no-damage)
[DEBUG] guatemala-volcano_00000014 | mask unique=tensor([0, 1, 3, 4]) | mask max=4 | class_label=4 (destroyed)
Epoch 28/50 | train_total=0.9964 | train_seg=0.1226 | train_cls=0.8738 | val_total=1.1091 | val_seg=0.1298 | val_cls=0.9793 | val_dice=0.5709 | val_iou=0.5464 | val_cls_acc=0.6431 | val_cls_f1=0.2254 | val_joint=0.3982
[DEBUG] guatemala-volcano_00000001 | mask unique=tensor([0, 2]) | mask max=2 | class_label=2 (minor-damage)
[DEBUG] guatemala-volcano_00000002 | mask unique=tensor([0, 4]) | mask max=4 | class_label=4 (destroyed)
[DEBUG] guatemala-volcano_00000000 | mask unique=tensor([0, 1]) | mask max=1 | class_label=1 (no-damage)
[DEBUG] guatemala-volcano_00000004 | mask unique=tensor([0, 1, 2, 3, 4]) | mask max=4 | class_label=4 (destroyed)
[DEBUG] guatemala-volcano_00000012 | mask unique=tensor([0, 1]) | mask max=1 | class_label=1 (no-damage)
[DEBUG] guatemala-volcano_00000014 | mask unique=tensor([0, 1, 3, 4]) | mask max=4 | class_label=4 (destroyed)
Epoch 29/50 | train_total=0.9773 | train_seg=0.1224 | train_cls=0.8549 | val_total=1.0746 | val_seg=0.1271 | val_cls=0.9475 | val_dice=0.5277 | val_iou=0.5014 | val_cls_acc=0.6452 | val_cls_f1=0.2281 | val_joint=0.3779
[DEBUG] guatemala-volcano_00000002 | mask unique=tensor([0, 4]) | mask max=4 | class_label=4 (destroyed)
[DEBUG] guatemala-volcano_00000001 | mask unique=tensor([0, 2]) | mask max=2 | class_label=2 (minor-damage)
[DEBUG] guatemala-volcano_00000000 | mask unique=tensor([0, 1]) | mask max=1 | class_label=1 (no-damage)
[DEBUG] guatemala-volcano_00000004 | mask unique=tensor([0, 1, 2, 3, 4]) | mask max=4 | class_label=4 (destroyed)
[DEBUG] guatemala-volcano_00000012 | mask unique=tensor([0, 1]) | mask max=1 | class_label=1 (no-damage)
[DEBUG] guatemala-volcano_00000014 | mask unique=tensor([0, 1, 3, 4]) | mask max=4 | class_label=4 (destroyed)
Epoch 30/50 | train_total=0.9609 | train_seg=0.1189 | train_cls=0.8420 | val_total=1.1282 | val_seg=0.1416 | val_cls=0.9866 | val_dice=0.5918 | val_iou=0.5689 | val_cls_acc=0.6452 | val_cls_f1=0.2237 | val_joint=0.4077
Saved best model to /sfs/gpfs/tardis/home/xxn2pb/disaster_vision/jobs/runs/baseline_xview2_v2_11386952_20260408_225121/best_model.pt
[DEBUG] guatemala-volcano_00000002 | mask unique=tensor([0, 4]) | mask max=4 | class_label=4 (destroyed)
[DEBUG] guatemala-volcano_00000000 | mask unique=tensor([0, 1]) | mask max=1 | class_label=1 (no-damage)
[DEBUG] guatemala-volcano_00000001 | mask unique=tensor([0, 2]) | mask max=2 | class_label=2 (minor-damage)
[DEBUG] guatemala-volcano_00000004 | mask unique=tensor([0, 1, 2, 3, 4]) | mask max=4 | class_label=4 (destroyed)
[DEBUG] guatemala-volcano_00000012 | mask unique=tensor([0, 1]) | mask max=1 | class_label=1 (no-damage)
[DEBUG] guatemala-volcano_00000014 | mask unique=tensor([0, 1, 3, 4]) | mask max=4 | class_label=4 (destroyed)
Epoch 31/50 | train_total=0.9504 | train_seg=0.1196 | train_cls=0.8307 | val_total=1.1174 | val_seg=0.1332 | val_cls=0.9842 | val_dice=0.5266 | val_iou=0.5008 | val_cls_acc=0.6367 | val_cls_f1=0.2129 | val_joint=0.3698
[DEBUG] guatemala-volcano_00000002 | mask unique=tensor([0, 4]) | mask max=4 | class_label=4 (destroyed)
[DEBUG] guatemala-volcano_00000000 | mask unique=tensor([0, 1]) | mask max=1 | class_label=1 (no-damage)
[DEBUG] guatemala-volcano_00000001 | mask unique=tensor([0, 2]) | mask max=2 | class_label=2 (minor-damage)
[DEBUG] guatemala-volcano_00000004 | mask unique=tensor([0, 1, 2, 3, 4]) | mask max=4 | class_label=4 (destroyed)
[DEBUG] guatemala-volcano_00000012 | mask unique=tensor([0, 1]) | mask max=1 | class_label=1 (no-damage)
[DEBUG] guatemala-volcano_00000014 | mask unique=tensor([0, 1, 3, 4]) | mask max=4 | class_label=4 (destroyed)
Epoch 32/50 | train_total=0.9330 | train_seg=0.1172 | train_cls=0.8158 | val_total=1.0629 | val_seg=0.1209 | val_cls=0.9420 | val_dice=0.5563 | val_iou=0.5299 | val_cls_acc=0.6302 | val_cls_f1=0.2294 | val_joint=0.3929
[DEBUG] guatemala-volcano_00000000 | mask unique=tensor([0, 1]) | mask max=1 | class_label=1 (no-damage)
[DEBUG] guatemala-volcano_00000002 | mask unique=tensor([0, 4]) | mask max=4 | class_label=4 (destroyed)
[DEBUG] guatemala-volcano_00000001 | mask unique=tensor([0, 2]) | mask max=2 | class_label=2 (minor-damage)
[DEBUG] guatemala-volcano_00000004 | mask unique=tensor([0, 1, 2, 3, 4]) | mask max=4 | class_label=4 (destroyed)
[DEBUG] guatemala-volcano_00000012 | mask unique=tensor([0, 1]) | mask max=1 | class_label=1 (no-damage)
[DEBUG] guatemala-volcano_00000014 | mask unique=tensor([0, 1, 3, 4]) | mask max=4 | class_label=4 (destroyed)
Epoch 33/50 | train_total=0.9173 | train_seg=0.1160 | train_cls=0.8014 | val_total=1.0296 | val_seg=0.1216 | val_cls=0.9081 | val_dice=0.5297 | val_iou=0.5015 | val_cls_acc=0.6731 | val_cls_f1=0.2367 | val_joint=0.3832
[DEBUG] guatemala-volcano_00000002 | mask unique=tensor([0, 4]) | mask max=4 | class_label=4 (destroyed)
[DEBUG] guatemala-volcano_00000001 | mask unique=tensor([0, 2]) | mask max=2 | class_label=2 (minor-damage)
[DEBUG] guatemala-volcano_00000000 | mask unique=tensor([0, 1]) | mask max=1 | class_label=1 (no-damage)
[DEBUG] guatemala-volcano_00000004 | mask unique=tensor([0, 1, 2, 3, 4]) | mask max=4 | class_label=4 (destroyed)
[DEBUG] guatemala-volcano_00000012 | mask unique=tensor([0, 1]) | mask max=1 | class_label=1 (no-damage)
[DEBUG] guatemala-volcano_00000014 | mask unique=tensor([0, 1, 3, 4]) | mask max=4 | class_label=4 (destroyed)
Epoch 34/50 | train_total=0.9079 | train_seg=0.1143 | train_cls=0.7936 | val_total=1.1122 | val_seg=0.1273 | val_cls=0.9849 | val_dice=0.5136 | val_iou=0.4849 | val_cls_acc=0.6313 | val_cls_f1=0.2294 | val_joint=0.3715
[DEBUG] guatemala-volcano_00000002 | mask unique=tensor([0, 4]) | mask max=4 | class_label=4 (destroyed)
[DEBUG] guatemala-volcano_00000001 | mask unique=tensor([0, 2]) | mask max=2 | class_label=2 (minor-damage)
[DEBUG] guatemala-volcano_00000000 | mask unique=tensor([0, 1]) | mask max=1 | class_label=1 (no-damage)
[DEBUG] guatemala-volcano_00000004 | mask unique=tensor([0, 1, 2, 3, 4]) | mask max=4 | class_label=4 (destroyed)
[DEBUG] guatemala-volcano_00000012 | mask unique=tensor([0, 1]) | mask max=1 | class_label=1 (no-damage)
[DEBUG] guatemala-volcano_00000014 | mask unique=tensor([0, 1, 3, 4]) | mask max=4 | class_label=4 (destroyed)
Epoch 35/50 | train_total=0.8980 | train_seg=0.1139 | train_cls=0.7841 | val_total=1.0466 | val_seg=0.1169 | val_cls=0.9297 | val_dice=0.5602 | val_iou=0.5315 | val_cls_acc=0.6506 | val_cls_f1=0.2367 | val_joint=0.3984
[DEBUG] guatemala-volcano_00000000 | mask unique=tensor([0, 1]) | mask max=1 | class_label=1 (no-damage)
[DEBUG] guatemala-volcano_00000001 | mask unique=tensor([0, 2]) | mask max=2 | class_label=2 (minor-damage)
[DEBUG] guatemala-volcano_00000002 | mask unique=tensor([0, 4]) | mask max=4 | class_label=4 (destroyed)
[DEBUG] guatemala-volcano_00000004 | mask unique=tensor([0, 1, 2, 3, 4]) | mask max=4 | class_label=4 (destroyed)
[DEBUG] guatemala-volcano_00000012 | mask unique=tensor([0, 1]) | mask max=1 | class_label=1 (no-damage)
[DEBUG] guatemala-volcano_00000014 | mask unique=tensor([0, 1, 3, 4]) | mask max=4 | class_label=4 (destroyed)
Epoch 36/50 | train_total=0.8602 | train_seg=0.1104 | train_cls=0.7498 | val_total=1.1531 | val_seg=0.1195 | val_cls=1.0336 | val_dice=0.5332 | val_iou=0.5048 | val_cls_acc=0.6356 | val_cls_f1=0.2143 | val_joint=0.3737
[DEBUG] guatemala-volcano_00000002 | mask unique=tensor([0, 4]) | mask max=4 | class_label=4 (destroyed)
[DEBUG] guatemala-volcano_00000001 | mask unique=tensor([0, 2]) | mask max=2 | class_label=2 (minor-damage)
[DEBUG] guatemala-volcano_00000000 | mask unique=tensor([0, 1]) | mask max=1 | class_label=1 (no-damage)
[DEBUG] guatemala-volcano_00000004 | mask unique=tensor([0, 1, 2, 3, 4]) | mask max=4 | class_label=4 (destroyed)
[DEBUG] guatemala-volcano_00000012 | mask unique=tensor([0, 1]) | mask max=1 | class_label=1 (no-damage)
[DEBUG] guatemala-volcano_00000014 | mask unique=tensor([0, 1, 3, 4]) | mask max=4 | class_label=4 (destroyed)
Epoch 37/50 | train_total=0.8545 | train_seg=0.1113 | train_cls=0.7432 | val_total=1.0493 | val_seg=0.1156 | val_cls=0.9338 | val_dice=0.5520 | val_iou=0.5227 | val_cls_acc=0.6827 | val_cls_f1=0.2460 | val_joint=0.3990
[DEBUG] guatemala-volcano_00000002 | mask unique=tensor([0, 4]) | mask max=4 | class_label=4 (destroyed)
[DEBUG] guatemala-volcano_00000000 | mask unique=tensor([0, 1]) | mask max=1 | class_label=1 (no-damage)
[DEBUG] guatemala-volcano_00000001 | mask unique=tensor([0, 2]) | mask max=2 | class_label=2 (minor-damage)
[DEBUG] guatemala-volcano_00000004 | mask unique=tensor([0, 1, 2, 3, 4]) | mask max=4 | class_label=4 (destroyed)
[DEBUG] guatemala-volcano_00000012 | mask unique=tensor([0, 1]) | mask max=1 | class_label=1 (no-damage)
[DEBUG] guatemala-volcano_00000014 | mask unique=tensor([0, 1, 3, 4]) | mask max=4 | class_label=4 (destroyed)
Epoch 38/50 | train_total=0.8522 | train_seg=0.1114 | train_cls=0.7408 | val_total=1.0555 | val_seg=0.1172 | val_cls=0.9383 | val_dice=0.5750 | val_iou=0.5482 | val_cls_acc=0.6731 | val_cls_f1=0.2414 | val_joint=0.4082
Saved best model to /sfs/gpfs/tardis/home/xxn2pb/disaster_vision/jobs/runs/baseline_xview2_v2_11386952_20260408_225121/best_model.pt
[DEBUG] guatemala-volcano_00000002 | mask unique=tensor([0, 4]) | mask max=4 | class_label=4 (destroyed)
[DEBUG] guatemala-volcano_00000000 | mask unique=tensor([0, 1]) | mask max=1 | class_label=1 (no-damage)
[DEBUG] guatemala-volcano_00000001 | mask unique=tensor([0, 2]) | mask max=2 | class_label=2 (minor-damage)
[DEBUG] guatemala-volcano_00000004 | mask unique=tensor([0, 1, 2, 3, 4]) | mask max=4 | class_label=4 (destroyed)
[DEBUG] guatemala-volcano_00000012 | mask unique=tensor([0, 1]) | mask max=1 | class_label=1 (no-damage)
[DEBUG] guatemala-volcano_00000014 | mask unique=tensor([0, 1, 3, 4]) | mask max=4 | class_label=4 (destroyed)
Epoch 39/50 | train_total=0.8439 | train_seg=0.1104 | train_cls=0.7336 | val_total=1.1165 | val_seg=0.1267 | val_cls=0.9897 | val_dice=0.5684 | val_iou=0.5418 | val_cls_acc=0.6570 | val_cls_f1=0.2242 | val_joint=0.3963
[DEBUG] guatemala-volcano_00000002 | mask unique=tensor([0, 4]) | mask max=4 | class_label=4 (destroyed)
[DEBUG] guatemala-volcano_00000001 | mask unique=tensor([0, 2]) | mask max=2 | class_label=2 (minor-damage)
[DEBUG] guatemala-volcano_00000000 | mask unique=tensor([0, 1]) | mask max=1 | class_label=1 (no-damage)
[DEBUG] guatemala-volcano_00000004 | mask unique=tensor([0, 1, 2, 3, 4]) | mask max=4 | class_label=4 (destroyed)
[DEBUG] guatemala-volcano_00000012 | mask unique=tensor([0, 1]) | mask max=1 | class_label=1 (no-damage)
[DEBUG] guatemala-volcano_00000014 | mask unique=tensor([0, 1, 3, 4]) | mask max=4 | class_label=4 (destroyed)
Epoch 40/50 | train_total=0.8334 | train_seg=0.1083 | train_cls=0.7251 | val_total=1.1056 | val_seg=0.1184 | val_cls=0.9872 | val_dice=0.5262 | val_iou=0.4968 | val_cls_acc=0.6527 | val_cls_f1=0.2270 | val_joint=0.3766
[DEBUG] guatemala-volcano_00000000 | mask unique=tensor([0, 1]) | mask max=1 | class_label=1 (no-damage)
[DEBUG] guatemala-volcano_00000002 | mask unique=tensor([0, 4]) | mask max=4 | class_label=4 (destroyed)
[DEBUG] guatemala-volcano_00000001 | mask unique=tensor([0, 2]) | mask max=2 | class_label=2 (minor-damage)
[DEBUG] guatemala-volcano_00000004 | mask unique=tensor([0, 1, 2, 3, 4]) | mask max=4 | class_label=4 (destroyed)
[DEBUG] guatemala-volcano_00000012 | mask unique=tensor([0, 1]) | mask max=1 | class_label=1 (no-damage)
[DEBUG] guatemala-volcano_00000014 | mask unique=tensor([0, 1, 3, 4]) | mask max=4 | class_label=4 (destroyed)
Epoch 41/50 | train_total=0.7970 | train_seg=0.1081 | train_cls=0.6890 | val_total=1.0829 | val_seg=0.1168 | val_cls=0.9661 | val_dice=0.5097 | val_iou=0.4800 | val_cls_acc=0.6602 | val_cls_f1=0.2359 | val_joint=0.3728
[DEBUG] guatemala-volcano_00000001 | mask unique=tensor([0, 2]) | mask max=2 | class_label=2 (minor-damage)
[DEBUG] guatemala-volcano_00000002 | mask unique=tensor([0, 4]) | mask max=4 | class_label=4 (destroyed)
[DEBUG] guatemala-volcano_00000000 | mask unique=tensor([0, 1]) | mask max=1 | class_label=1 (no-damage)
[DEBUG] guatemala-volcano_00000004 | mask unique=tensor([0, 1, 2, 3, 4]) | mask max=4 | class_label=4 (destroyed)
[DEBUG] guatemala-volcano_00000012 | mask unique=tensor([0, 1]) | mask max=1 | class_label=1 (no-damage)
[DEBUG] guatemala-volcano_00000014 | mask unique=tensor([0, 1, 3, 4]) | mask max=4 | class_label=4 (destroyed)
Epoch 42/50 | train_total=0.7840 | train_seg=0.1077 | train_cls=0.6763 | val_total=1.0796 | val_seg=0.1164 | val_cls=0.9632 | val_dice=0.5481 | val_iou=0.5195 | val_cls_acc=0.6892 | val_cls_f1=0.2430 | val_joint=0.3956
[DEBUG] guatemala-volcano_00000000 | mask unique=tensor([0, 1]) | mask max=1 | class_label=1 (no-damage)
[DEBUG] guatemala-volcano_00000002 | mask unique=tensor([0, 4]) | mask max=4 | class_label=4 (destroyed)
[DEBUG] guatemala-volcano_00000001 | mask unique=tensor([0, 2]) | mask max=2 | class_label=2 (minor-damage)
[DEBUG] guatemala-volcano_00000004 | mask unique=tensor([0, 1, 2, 3, 4]) | mask max=4 | class_label=4 (destroyed)
[DEBUG] guatemala-volcano_00000012 | mask unique=tensor([0, 1]) | mask max=1 | class_label=1 (no-damage)
[DEBUG] guatemala-volcano_00000014 | mask unique=tensor([0, 1, 3, 4]) | mask max=4 | class_label=4 (destroyed)
Epoch 43/50 | train_total=0.7822 | train_seg=0.1065 | train_cls=0.6757 | val_total=1.0351 | val_seg=0.1165 | val_cls=0.9186 | val_dice=0.5793 | val_iou=0.5514 | val_cls_acc=0.6838 | val_cls_f1=0.2500 | val_joint=0.4147
Saved best model to /sfs/gpfs/tardis/home/xxn2pb/disaster_vision/jobs/runs/baseline_xview2_v2_11386952_20260408_225121/best_model.pt
[DEBUG] guatemala-volcano_00000000 | mask unique=tensor([0, 1]) | mask max=1 | class_label=1 (no-damage)
[DEBUG] guatemala-volcano_00000001 | mask unique=tensor([0, 2]) | mask max=2 | class_label=2 (minor-damage)
[DEBUG] guatemala-volcano_00000002 | mask unique=tensor([0, 4]) | mask max=4 | class_label=4 (destroyed)
[DEBUG] guatemala-volcano_00000004 | mask unique=tensor([0, 1, 2, 3, 4]) | mask max=4 | class_label=4 (destroyed)
[DEBUG] guatemala-volcano_00000012 | mask unique=tensor([0, 1]) | mask max=1 | class_label=1 (no-damage)
[DEBUG] guatemala-volcano_00000014 | mask unique=tensor([0, 1, 3, 4]) | mask max=4 | class_label=4 (destroyed)
Epoch 44/50 | train_total=0.7665 | train_seg=0.1059 | train_cls=0.6606 | val_total=1.1359 | val_seg=0.1236 | val_cls=1.0123 | val_dice=0.4481 | val_iou=0.4178 | val_cls_acc=0.6549 | val_cls_f1=0.2407 | val_joint=0.3444
[DEBUG] guatemala-volcano_00000000 | mask unique=tensor([0, 1]) | mask max=1 | class_label=1 (no-damage)
[DEBUG] guatemala-volcano_00000002 | mask unique=tensor([0, 4]) | mask max=4 | class_label=4 (destroyed)
[DEBUG] guatemala-volcano_00000001 | mask unique=tensor([0, 2]) | mask max=2 | class_label=2 (minor-damage)
[DEBUG] guatemala-volcano_00000004 | mask unique=tensor([0, 1, 2, 3, 4]) | mask max=4 | class_label=4 (destroyed)
[DEBUG] guatemala-volcano_00000012 | mask unique=tensor([0, 1]) | mask max=1 | class_label=1 (no-damage)
[DEBUG] guatemala-volcano_00000014 | mask unique=tensor([0, 1, 3, 4]) | mask max=4 | class_label=4 (destroyed)
Epoch 45/50 | train_total=0.7233 | train_seg=0.1034 | train_cls=0.6199 | val_total=1.1052 | val_seg=0.1138 | val_cls=0.9914 | val_dice=0.5407 | val_iou=0.5099 | val_cls_acc=0.6785 | val_cls_f1=0.2397 | val_joint=0.3902
[DEBUG] guatemala-volcano_00000002 | mask unique=tensor([0, 4]) | mask max=4 | class_label=4 (destroyed)
[DEBUG] guatemala-volcano_00000001 | mask unique=tensor([0, 2]) | mask max=2 | class_label=2 (minor-damage)
[DEBUG] guatemala-volcano_00000000 | mask unique=tensor([0, 1]) | mask max=1 | class_label=1 (no-damage)
[DEBUG] guatemala-volcano_00000004 | mask unique=tensor([0, 1, 2, 3, 4]) | mask max=4 | class_label=4 (destroyed)
[DEBUG] guatemala-volcano_00000012 | mask unique=tensor([0, 1]) | mask max=1 | class_label=1 (no-damage)
[DEBUG] guatemala-volcano_00000014 | mask unique=tensor([0, 1, 3, 4]) | mask max=4 | class_label=4 (destroyed)
Epoch 46/50 | train_total=0.7286 | train_seg=0.1042 | train_cls=0.6244 | val_total=1.0893 | val_seg=0.1171 | val_cls=0.9722 | val_dice=0.5494 | val_iou=0.5208 | val_cls_acc=0.6699 | val_cls_f1=0.2338 | val_joint=0.3916
[DEBUG] guatemala-volcano_00000001 | mask unique=tensor([0, 2]) | mask max=2 | class_label=2 (minor-damage)
[DEBUG] guatemala-volcano_00000002 | mask unique=tensor([0, 4]) | mask max=4 | class_label=4 (destroyed)
[DEBUG] guatemala-volcano_00000000 | mask unique=tensor([0, 1]) | mask max=1 | class_label=1 (no-damage)
[DEBUG] guatemala-volcano_00000004 | mask unique=tensor([0, 1, 2, 3, 4]) | mask max=4 | class_label=4 (destroyed)
[DEBUG] guatemala-volcano_00000012 | mask unique=tensor([0, 1]) | mask max=1 | class_label=1 (no-damage)
[DEBUG] guatemala-volcano_00000014 | mask unique=tensor([0, 1, 3, 4]) | mask max=4 | class_label=4 (destroyed)
Epoch 47/50 | train_total=0.7027 | train_seg=0.1021 | train_cls=0.6006 | val_total=1.0822 | val_seg=0.1148 | val_cls=0.9675 | val_dice=0.5472 | val_iou=0.5181 | val_cls_acc=0.6806 | val_cls_f1=0.2379 | val_joint=0.3925
[DEBUG] guatemala-volcano_00000002 | mask unique=tensor([0, 4]) | mask max=4 | class_label=4 (destroyed)
[DEBUG] guatemala-volcano_00000001 | mask unique=tensor([0, 2]) | mask max=2 | class_label=2 (minor-damage)
[DEBUG] guatemala-volcano_00000000 | mask unique=tensor([0, 1]) | mask max=1 | class_label=1 (no-damage)
[DEBUG] guatemala-volcano_00000004 | mask unique=tensor([0, 1, 2, 3, 4]) | mask max=4 | class_label=4 (destroyed)
[DEBUG] guatemala-volcano_00000012 | mask unique=tensor([0, 1]) | mask max=1 | class_label=1 (no-damage)
[DEBUG] guatemala-volcano_00000014 | mask unique=tensor([0, 1, 3, 4]) | mask max=4 | class_label=4 (destroyed)
Epoch 48/50 | train_total=0.6851 | train_seg=0.1024 | train_cls=0.5828 | val_total=1.1319 | val_seg=0.1131 | val_cls=1.0189 | val_dice=0.5244 | val_iou=0.4939 | val_cls_acc=0.6742 | val_cls_f1=0.2425 | val_joint=0.3834
[DEBUG] guatemala-volcano_00000000 | mask unique=tensor([0, 1]) | mask max=1 | class_label=1 (no-damage)
[DEBUG] guatemala-volcano_00000002 | mask unique=tensor([0, 4]) | mask max=4 | class_label=4 (destroyed)
[DEBUG] guatemala-volcano_00000001 | mask unique=tensor([0, 2]) | mask max=2 | class_label=2 (minor-damage)
[DEBUG] guatemala-volcano_00000004 | mask unique=tensor([0, 1, 2, 3, 4]) | mask max=4 | class_label=4 (destroyed)
[DEBUG] guatemala-volcano_00000012 | mask unique=tensor([0, 1]) | mask max=1 | class_label=1 (no-damage)
[DEBUG] guatemala-volcano_00000014 | mask unique=tensor([0, 1, 3, 4]) | mask max=4 | class_label=4 (destroyed)
Epoch 49/50 | train_total=0.7100 | train_seg=0.1022 | train_cls=0.6077 | val_total=1.0965 | val_seg=0.1123 | val_cls=0.9842 | val_dice=0.5321 | val_iou=0.5029 | val_cls_acc=0.6495 | val_cls_f1=0.2345 | val_joint=0.3833
[DEBUG] guatemala-volcano_00000000 | mask unique=tensor([0, 1]) | mask max=1 | class_label=1 (no-damage)
[DEBUG] guatemala-volcano_00000002 | mask unique=tensor([0, 4]) | mask max=4 | class_label=4 (destroyed)
[DEBUG] guatemala-volcano_00000001 | mask unique=tensor([0, 2]) | mask max=2 | class_label=2 (minor-damage)
[DEBUG] guatemala-volcano_00000004 | mask unique=tensor([0, 1, 2, 3, 4]) | mask max=4 | class_label=4 (destroyed)
[DEBUG] guatemala-volcano_00000012 | mask unique=tensor([0, 1]) | mask max=1 | class_label=1 (no-damage)
[DEBUG] guatemala-volcano_00000014 | mask unique=tensor([0, 1, 3, 4]) | mask max=4 | class_label=4 (destroyed)
Epoch 50/50 | train_total=0.6573 | train_seg=0.1009 | train_cls=0.5564 | val_total=1.1881 | val_seg=0.1130 | val_cls=1.0750 | val_dice=0.5237 | val_iou=0.4937 | val_cls_acc=0.6677 | val_cls_f1=0.2411 | val_joint=0.3824
Finished training.
Best joint: 0.4147
Metrics saved to: /sfs/gpfs/tardis/home/xxn2pb/disaster_vision/jobs/runs/baseline_xview2_v2_11386952_20260408_225121/metrics.csv
Plots saved to: /sfs/gpfs/tardis/home/xxn2pb/disaster_vision/jobs/runs/baseline_xview2_v2_11386952_20260408_225121/plots
Config saved to: /sfs/gpfs/tardis/home/xxn2pb/disaster_vision/jobs/runs/baseline_xview2_v2_11386952_20260408_225121/config.json
==============================
Job ended at: Wed Apr  8 23:34:50 EDT 2026
Total runtime: 2608 seconds
==============================
