==============================
Job started at: Wed Apr  8 02:23:54 EDT 2026
Running on host: udc-ba02-38
Working directory: /sfs/gpfs/tardis/home/xxn2pb/disaster_vision/jobs
SLURM job ID: 11324148
Run directory: /sfs/gpfs/tardis/home/xxn2pb/disaster_vision/jobs/runs/siamese_shared_concat_multiscale_tuned_11324148_20260408_022353
Experiment: siamese_shared_concat_multiscale_tuned
==============================
Python location:
/home/xxn2pb/venvs/disaster_vision/bin/python
Python version:
Python 3.11.4
GPU check:
Wed Apr  8 02:23:54 2026       
+-----------------------------------------------------------------------------------------+
| NVIDIA-SMI 580.95.05              Driver Version: 580.95.05      CUDA Version: 13.0     |
+-----------------------------------------+------------------------+----------------------+
| GPU  Name                 Persistence-M | Bus-Id          Disp.A | Volatile Uncorr. ECC |
| Fan  Temp   Perf          Pwr:Usage/Cap |           Memory-Usage | GPU-Util  Compute M. |
|                                         |                        |               MIG M. |
|=========================================+========================+======================|
|   0  NVIDIA A40                     Off |   00000000:84:00.0 Off |                    0 |
|  0%   35C    P8             33W /  300W |     117MiB /  46068MiB |      0%      Default |
|                                         |                        |                  N/A |
+-----------------------------------------+------------------------+----------------------+

+-----------------------------------------------------------------------------------------+
| Processes:                                                                              |
|  GPU   GI   CI              PID   Type   Process name                        GPU Memory |
|        ID   ID                                                               Usage      |
|=========================================================================================|
|    0   N/A  N/A           20848      G   /usr/libexec/Xorg                       106MiB |
+-----------------------------------------------------------------------------------------+
Using device: cuda
Experiment name: siamese_shared_concat_multiscale_tuned
Train root: /sfs/gpfs/tardis/home/xxn2pb/siamese_project/data/xview2_jpeg/tier1
Val root: /sfs/gpfs/tardis/home/xxn2pb/siamese_project/data/xview2_jpeg/hold
Run dir: /sfs/gpfs/tardis/home/xxn2pb/disaster_vision/jobs/runs/siamese_shared_concat_multiscale_tuned_11324148_20260408_022353
Config | input_mode=siamese | encoder_mode=shared | fusion_strategy=concat | fusion_stage=multiscale
Train samples: 2799
Val samples: 933
Epoch 1/20 | train_total=3.3755 | train_seg=0.3466 | train_cls=1.5144 | val_total=3.1923 | val_seg=0.2324 | val_cls=1.4800 | val_dice=0.5815 | val_iou=0.5815 | val_cls_acc=0.3558 | val_cls_f1=0.1146 | val_joint=0.3480
Saved best model to /sfs/gpfs/tardis/home/xxn2pb/disaster_vision/jobs/runs/siamese_shared_concat_multiscale_tuned_11324148_20260408_022353/best_model.pt
Epoch 2/20 | train_total=3.2190 | train_seg=0.2223 | train_cls=1.4984 | val_total=3.1634 | val_seg=0.2151 | val_cls=1.4742 | val_dice=0.5815 | val_iou=0.5815 | val_cls_acc=0.3558 | val_cls_f1=0.1146 | val_joint=0.3480
Epoch 3/20 | train_total=3.1749 | train_seg=0.2090 | train_cls=1.4829 | val_total=3.1194 | val_seg=0.2022 | val_cls=1.4586 | val_dice=0.5485 | val_iou=0.5360 | val_cls_acc=0.3258 | val_cls_f1=0.1474 | val_joint=0.3479
Epoch 4/20 | train_total=3.0283 | train_seg=0.2201 | train_cls=1.4041 | val_total=2.8912 | val_seg=0.2107 | val_cls=1.3403 | val_dice=0.5658 | val_iou=0.5632 | val_cls_acc=0.4212 | val_cls_f1=0.1803 | val_joint=0.3730
Saved best model to /sfs/gpfs/tardis/home/xxn2pb/disaster_vision/jobs/runs/siamese_shared_concat_multiscale_tuned_11324148_20260408_022353/best_model.pt
Epoch 5/20 | train_total=2.8610 | train_seg=0.2073 | train_cls=1.3269 | val_total=2.7719 | val_seg=0.2063 | val_cls=1.2828 | val_dice=0.5433 | val_iou=0.5334 | val_cls_acc=0.4448 | val_cls_f1=0.1715 | val_joint=0.3574
Epoch 6/20 | train_total=2.7360 | train_seg=0.1948 | train_cls=1.2706 | val_total=2.5865 | val_seg=0.1941 | val_cls=1.1962 | val_dice=0.5592 | val_iou=0.5481 | val_cls_acc=0.4834 | val_cls_f1=0.1788 | val_joint=0.3690
Epoch 7/20 | train_total=2.6273 | train_seg=0.1878 | train_cls=1.2198 | val_total=2.5337 | val_seg=0.1887 | val_cls=1.1725 | val_dice=0.5713 | val_iou=0.5582 | val_cls_acc=0.5134 | val_cls_f1=0.1926 | val_joint=0.3819
Saved best model to /sfs/gpfs/tardis/home/xxn2pb/disaster_vision/jobs/runs/siamese_shared_concat_multiscale_tuned_11324148_20260408_022353/best_model.pt
Epoch 8/20 | train_total=2.5205 | train_seg=0.1902 | train_cls=1.1652 | val_total=2.4488 | val_seg=0.1827 | val_cls=1.1331 | val_dice=0.5699 | val_iou=0.5538 | val_cls_acc=0.5456 | val_cls_f1=0.2162 | val_joint=0.3931
Saved best model to /sfs/gpfs/tardis/home/xxn2pb/disaster_vision/jobs/runs/siamese_shared_concat_multiscale_tuned_11324148_20260408_022353/best_model.pt
Epoch 9/20 | train_total=2.4336 | train_seg=0.1858 | train_cls=1.1239 | val_total=2.5127 | val_seg=0.1951 | val_cls=1.1588 | val_dice=0.5746 | val_iou=0.5640 | val_cls_acc=0.5338 | val_cls_f1=0.1962 | val_joint=0.3854
Epoch 10/20 | train_total=2.3891 | train_seg=0.1795 | train_cls=1.1048 | val_total=2.4452 | val_seg=0.1789 | val_cls=1.1332 | val_dice=0.5803 | val_iou=0.5667 | val_cls_acc=0.5606 | val_cls_f1=0.2066 | val_joint=0.3934
Saved best model to /sfs/gpfs/tardis/home/xxn2pb/disaster_vision/jobs/runs/siamese_shared_concat_multiscale_tuned_11324148_20260408_022353/best_model.pt
Epoch 11/20 | train_total=2.3370 | train_seg=0.1759 | train_cls=1.0806 | val_total=2.4766 | val_seg=0.1785 | val_cls=1.1490 | val_dice=0.5825 | val_iou=0.5650 | val_cls_acc=0.5391 | val_cls_f1=0.2119 | val_joint=0.3972
Saved best model to /sfs/gpfs/tardis/home/xxn2pb/disaster_vision/jobs/runs/siamese_shared_concat_multiscale_tuned_11324148_20260408_022353/best_model.pt
Epoch 12/20 | train_total=2.2874 | train_seg=0.1702 | train_cls=1.0586 | val_total=2.3489 | val_seg=0.1717 | val_cls=1.0886 | val_dice=0.5861 | val_iou=0.5687 | val_cls_acc=0.5723 | val_cls_f1=0.2187 | val_joint=0.4024
Saved best model to /sfs/gpfs/tardis/home/xxn2pb/disaster_vision/jobs/runs/siamese_shared_concat_multiscale_tuned_11324148_20260408_022353/best_model.pt
Epoch 13/20 | train_total=2.2690 | train_seg=0.1686 | train_cls=1.0502 | val_total=2.3145 | val_seg=0.1714 | val_cls=1.0715 | val_dice=0.5826 | val_iou=0.5656 | val_cls_acc=0.5906 | val_cls_f1=0.2347 | val_joint=0.4087
Saved best model to /sfs/gpfs/tardis/home/xxn2pb/disaster_vision/jobs/runs/siamese_shared_concat_multiscale_tuned_11324148_20260408_022353/best_model.pt
Epoch 14/20 | train_total=2.2694 | train_seg=0.1668 | train_cls=1.0513 | val_total=2.2233 | val_seg=0.1656 | val_cls=1.0288 | val_dice=0.5761 | val_iou=0.5571 | val_cls_acc=0.6109 | val_cls_f1=0.2508 | val_joint=0.4135
Saved best model to /sfs/gpfs/tardis/home/xxn2pb/disaster_vision/jobs/runs/siamese_shared_concat_multiscale_tuned_11324148_20260408_022353/best_model.pt
Epoch 15/20 | train_total=2.2252 | train_seg=0.1622 | train_cls=1.0315 | val_total=2.3078 | val_seg=0.1729 | val_cls=1.0674 | val_dice=0.5898 | val_iou=0.5770 | val_cls_acc=0.5949 | val_cls_f1=0.2480 | val_joint=0.4189
Saved best model to /sfs/gpfs/tardis/home/xxn2pb/disaster_vision/jobs/runs/siamese_shared_concat_multiscale_tuned_11324148_20260408_022353/best_model.pt
Epoch 16/20 | train_total=2.1946 | train_seg=0.1590 | train_cls=1.0178 | val_total=2.3514 | val_seg=0.1582 | val_cls=1.0966 | val_dice=0.5691 | val_iou=0.5509 | val_cls_acc=0.5841 | val_cls_f1=0.2453 | val_joint=0.4072
Epoch 17/20 | train_total=2.2025 | train_seg=0.1589 | train_cls=1.0218 | val_total=2.2173 | val_seg=0.1598 | val_cls=1.0287 | val_dice=0.5712 | val_iou=0.5518 | val_cls_acc=0.6109 | val_cls_f1=0.2526 | val_joint=0.4119
Epoch 18/20 | train_total=2.1475 | train_seg=0.1584 | train_cls=0.9945 | val_total=2.2585 | val_seg=0.1877 | val_cls=1.0354 | val_dice=0.5845 | val_iou=0.5749 | val_cls_acc=0.6120 | val_cls_f1=0.2480 | val_joint=0.4163
Epoch 19/20 | train_total=2.1416 | train_seg=0.1551 | train_cls=0.9932 | val_total=2.2193 | val_seg=0.1581 | val_cls=1.0306 | val_dice=0.5620 | val_iou=0.5418 | val_cls_acc=0.6249 | val_cls_f1=0.2568 | val_joint=0.4094
Epoch 20/20 | train_total=2.1162 | train_seg=0.1531 | train_cls=0.9815 | val_total=2.1753 | val_seg=0.1590 | val_cls=1.0081 | val_dice=0.5122 | val_iou=0.4922 | val_cls_acc=0.6324 | val_cls_f1=0.2699 | val_joint=0.3910
Finished training.
Best joint_score: 0.4189
Metrics saved to: /sfs/gpfs/tardis/home/xxn2pb/disaster_vision/jobs/runs/siamese_shared_concat_multiscale_tuned_11324148_20260408_022353/metrics.csv
Plots saved to: /sfs/gpfs/tardis/home/xxn2pb/disaster_vision/jobs/runs/siamese_shared_concat_multiscale_tuned_11324148_20260408_022353/plots
==============================
Job ended at: Wed Apr  8 02:34:44 EDT 2026
Total runtime: 650 seconds
==============================
