==============================
Job started at: Thu Apr  9 00:32:12 EDT 2026
Running on host: udc-an37-13
Working directory: /sfs/gpfs/tardis/home/xxn2pb/disaster_vision/jobs
SLURM job ID: 11389533
Run directory: /sfs/gpfs/tardis/home/xxn2pb/disaster_vision/jobs/runs/siamese_separate_concat_absdiff_bottleneck_tuned_es100_11389533_20260409_003210
Experiment: siamese_separate_concat_absdiff_bottleneck_tuned_es100
==============================
Python location:
/home/xxn2pb/venvs/disaster_vision/bin/python
Python version:
Python 3.11.4
GPU check:
Thu Apr  9 00:32:13 2026       
+-----------------------------------------------------------------------------------------+
| NVIDIA-SMI 580.95.05              Driver Version: 580.95.05      CUDA Version: 13.0     |
+-----------------------------------------+------------------------+----------------------+
| GPU  Name                 Persistence-M | Bus-Id          Disp.A | Volatile Uncorr. ECC |
| Fan  Temp   Perf          Pwr:Usage/Cap |           Memory-Usage | GPU-Util  Compute M. |
|                                         |                        |               MIG M. |
|=========================================+========================+======================|
|   0  NVIDIA A100-SXM4-80GB          Off |   00000000:4E:00.0 Off |                    0 |
| N/A   26C    P0             64W /  400W |     116MiB /  81920MiB |      0%      Default |
|                                         |                        |             Disabled |
+-----------------------------------------+------------------------+----------------------+

+-----------------------------------------------------------------------------------------+
| Processes:                                                                              |
|  GPU   GI   CI              PID   Type   Process name                        GPU Memory |
|        ID   ID                                                               Usage      |
|=========================================================================================|
|    0   N/A  N/A           22565      G   /usr/libexec/Xorg                       106MiB |
+-----------------------------------------------------------------------------------------+
Using device: cuda
Experiment name: siamese_separate_concat_absdiff_bottleneck_tuned_es100
Train root: /sfs/gpfs/tardis/home/xxn2pb/siamese_project/data/xview2_jpeg/tier1
Val root: /sfs/gpfs/tardis/home/xxn2pb/siamese_project/data/xview2_jpeg/hold
Run dir: /sfs/gpfs/tardis/home/xxn2pb/disaster_vision/jobs/runs/siamese_separate_concat_absdiff_bottleneck_tuned_es100_11389533_20260409_003210
Config | input_mode=siamese | encoder_mode=separate | fusion_strategy=concat_absdiff | fusion_stage=bottleneck_only
Early stopping | patience=8 | min_delta=0.0
Train samples: 2799
Val samples: 933
Epoch 1/100 | train_total=3.3969 | train_seg=0.3558 | train_cls=1.5205 | val_total=3.2574 | val_seg=0.2558 | val_cls=1.5008 | val_dice=0.5815 | val_iou=0.5815 | val_cls_acc=0.3558 | val_cls_f1=0.1146 | val_joint=0.3480
Saved best model to /sfs/gpfs/tardis/home/xxn2pb/disaster_vision/jobs/runs/siamese_separate_concat_absdiff_bottleneck_tuned_es100_11389533_20260409_003210/best_model.pt
Epoch 2/100 | train_total=3.2436 | train_seg=0.2483 | train_cls=1.4976 | val_total=3.1499 | val_seg=0.2472 | val_cls=1.4513 | val_dice=0.5815 | val_iou=0.5815 | val_cls_acc=0.3558 | val_cls_f1=0.1146 | val_joint=0.3480
Epoch 3/100 | train_total=3.2241 | train_seg=0.2430 | train_cls=1.4905 | val_total=3.1495 | val_seg=0.2403 | val_cls=1.4546 | val_dice=0.5815 | val_iou=0.5815 | val_cls_acc=0.3537 | val_cls_f1=0.1529 | val_joint=0.3672
Saved best model to /sfs/gpfs/tardis/home/xxn2pb/disaster_vision/jobs/runs/siamese_separate_concat_absdiff_bottleneck_tuned_es100_11389533_20260409_003210/best_model.pt
Epoch 4/100 | train_total=3.1679 | train_seg=0.2355 | train_cls=1.4662 | val_total=3.1464 | val_seg=0.2387 | val_cls=1.4539 | val_dice=0.5815 | val_iou=0.5815 | val_cls_acc=0.3569 | val_cls_f1=0.1662 | val_joint=0.3738
Saved best model to /sfs/gpfs/tardis/home/xxn2pb/disaster_vision/jobs/runs/siamese_separate_concat_absdiff_bottleneck_tuned_es100_11389533_20260409_003210/best_model.pt
Epoch 5/100 | train_total=3.1279 | train_seg=0.2372 | train_cls=1.4454 | val_total=3.1581 | val_seg=0.2395 | val_cls=1.4593 | val_dice=0.5815 | val_iou=0.5815 | val_cls_acc=0.3408 | val_cls_f1=0.1475 | val_joint=0.3645
Epoch 6/100 | train_total=3.0444 | train_seg=0.2346 | train_cls=1.4049 | val_total=2.9543 | val_seg=0.2369 | val_cls=1.3587 | val_dice=0.5815 | val_iou=0.5815 | val_cls_acc=0.3633 | val_cls_f1=0.1473 | val_joint=0.3644
Epoch 7/100 | train_total=2.9164 | train_seg=0.2249 | train_cls=1.3458 | val_total=2.8000 | val_seg=0.2138 | val_cls=1.2931 | val_dice=0.5815 | val_iou=0.5815 | val_cls_acc=0.4352 | val_cls_f1=0.1453 | val_joint=0.3634
Epoch 8/100 | train_total=2.8508 | train_seg=0.2168 | train_cls=1.3170 | val_total=2.7578 | val_seg=0.2153 | val_cls=1.2713 | val_dice=0.5785 | val_iou=0.5776 | val_cls_acc=0.4394 | val_cls_f1=0.1295 | val_joint=0.3540
Epoch 9/100 | train_total=2.7930 | train_seg=0.2081 | train_cls=1.2924 | val_total=2.7911 | val_seg=0.2150 | val_cls=1.2880 | val_dice=0.5775 | val_iou=0.5769 | val_cls_acc=0.4737 | val_cls_f1=0.1503 | val_joint=0.3639
Epoch 10/100 | train_total=2.7253 | train_seg=0.2027 | train_cls=1.2613 | val_total=2.6254 | val_seg=0.2069 | val_cls=1.2092 | val_dice=0.5773 | val_iou=0.5701 | val_cls_acc=0.5295 | val_cls_f1=0.1883 | val_joint=0.3828
Saved best model to /sfs/gpfs/tardis/home/xxn2pb/disaster_vision/jobs/runs/siamese_separate_concat_absdiff_bottleneck_tuned_es100_11389533_20260409_003210/best_model.pt
Epoch 11/100 | train_total=2.6906 | train_seg=0.2030 | train_cls=1.2438 | val_total=2.6110 | val_seg=0.2077 | val_cls=1.2017 | val_dice=0.5763 | val_iou=0.5640 | val_cls_acc=0.5102 | val_cls_f1=0.1858 | val_joint=0.3811
Epoch 12/100 | train_total=2.6363 | train_seg=0.1952 | train_cls=1.2205 | val_total=2.5872 | val_seg=0.1961 | val_cls=1.1956 | val_dice=0.5785 | val_iou=0.5678 | val_cls_acc=0.5230 | val_cls_f1=0.1928 | val_joint=0.3857
Saved best model to /sfs/gpfs/tardis/home/xxn2pb/disaster_vision/jobs/runs/siamese_separate_concat_absdiff_bottleneck_tuned_es100_11389533_20260409_003210/best_model.pt
Epoch 13/100 | train_total=2.6071 | train_seg=0.1939 | train_cls=1.2066 | val_total=2.6405 | val_seg=0.2243 | val_cls=1.2081 | val_dice=0.5752 | val_iou=0.5616 | val_cls_acc=0.5284 | val_cls_f1=0.1900 | val_joint=0.3826
Epoch 14/100 | train_total=2.5751 | train_seg=0.1949 | train_cls=1.1901 | val_total=2.5286 | val_seg=0.1961 | val_cls=1.1663 | val_dice=0.5801 | val_iou=0.5716 | val_cls_acc=0.5263 | val_cls_f1=0.1807 | val_joint=0.3804
Epoch 15/100 | train_total=2.5529 | train_seg=0.1894 | train_cls=1.1818 | val_total=2.6275 | val_seg=0.1948 | val_cls=1.2163 | val_dice=0.5804 | val_iou=0.5719 | val_cls_acc=0.5166 | val_cls_f1=0.1998 | val_joint=0.3901
Saved best model to /sfs/gpfs/tardis/home/xxn2pb/disaster_vision/jobs/runs/siamese_separate_concat_absdiff_bottleneck_tuned_es100_11389533_20260409_003210/best_model.pt
Epoch 16/100 | train_total=2.5179 | train_seg=0.1886 | train_cls=1.1647 | val_total=2.5288 | val_seg=0.1981 | val_cls=1.1653 | val_dice=0.5848 | val_iou=0.5755 | val_cls_acc=0.5466 | val_cls_f1=0.2041 | val_joint=0.3944
Saved best model to /sfs/gpfs/tardis/home/xxn2pb/disaster_vision/jobs/runs/siamese_separate_concat_absdiff_bottleneck_tuned_es100_11389533_20260409_003210/best_model.pt
Epoch 17/100 | train_total=2.5067 | train_seg=0.1879 | train_cls=1.1594 | val_total=2.5405 | val_seg=0.2011 | val_cls=1.1697 | val_dice=0.5818 | val_iou=0.5750 | val_cls_acc=0.5541 | val_cls_f1=0.2012 | val_joint=0.3915
Epoch 18/100 | train_total=2.4667 | train_seg=0.1842 | train_cls=1.1413 | val_total=2.4740 | val_seg=0.1873 | val_cls=1.1434 | val_dice=0.5844 | val_iou=0.5725 | val_cls_acc=0.5531 | val_cls_f1=0.2093 | val_joint=0.3969
Saved best model to /sfs/gpfs/tardis/home/xxn2pb/disaster_vision/jobs/runs/siamese_separate_concat_absdiff_bottleneck_tuned_es100_11389533_20260409_003210/best_model.pt
Epoch 19/100 | train_total=2.4561 | train_seg=0.1823 | train_cls=1.1369 | val_total=2.5623 | val_seg=0.1856 | val_cls=1.1884 | val_dice=0.5854 | val_iou=0.5726 | val_cls_acc=0.5316 | val_cls_f1=0.1859 | val_joint=0.3856
Epoch 20/100 | train_total=2.4186 | train_seg=0.1857 | train_cls=1.1164 | val_total=2.5048 | val_seg=0.1905 | val_cls=1.1571 | val_dice=0.5814 | val_iou=0.5723 | val_cls_acc=0.5584 | val_cls_f1=0.2075 | val_joint=0.3944
Epoch 21/100 | train_total=2.3815 | train_seg=0.1836 | train_cls=1.0989 | val_total=2.5070 | val_seg=0.1926 | val_cls=1.1572 | val_dice=0.5809 | val_iou=0.5695 | val_cls_acc=0.5305 | val_cls_f1=0.2104 | val_joint=0.3956
Epoch 22/100 | train_total=2.3549 | train_seg=0.1806 | train_cls=1.0872 | val_total=2.3478 | val_seg=0.1877 | val_cls=1.0801 | val_dice=0.5824 | val_iou=0.5670 | val_cls_acc=0.6002 | val_cls_f1=0.2343 | val_joint=0.4084
Saved best model to /sfs/gpfs/tardis/home/xxn2pb/disaster_vision/jobs/runs/siamese_separate_concat_absdiff_bottleneck_tuned_es100_11389533_20260409_003210/best_model.pt
Epoch 23/100 | train_total=2.3357 | train_seg=0.1797 | train_cls=1.0780 | val_total=2.4198 | val_seg=0.1847 | val_cls=1.1176 | val_dice=0.5713 | val_iou=0.5585 | val_cls_acc=0.5863 | val_cls_f1=0.2286 | val_joint=0.4000
Epoch 24/100 | train_total=2.2926 | train_seg=0.1784 | train_cls=1.0571 | val_total=2.3139 | val_seg=0.1784 | val_cls=1.0678 | val_dice=0.5855 | val_iou=0.5722 | val_cls_acc=0.6066 | val_cls_f1=0.2381 | val_joint=0.4118
Saved best model to /sfs/gpfs/tardis/home/xxn2pb/disaster_vision/jobs/runs/siamese_separate_concat_absdiff_bottleneck_tuned_es100_11389533_20260409_003210/best_model.pt
Epoch 25/100 | train_total=2.2529 | train_seg=0.1748 | train_cls=1.0391 | val_total=2.4993 | val_seg=0.1781 | val_cls=1.1606 | val_dice=0.5814 | val_iou=0.5654 | val_cls_acc=0.5541 | val_cls_f1=0.2286 | val_joint=0.4050
Epoch 26/100 | train_total=2.2177 | train_seg=0.1753 | train_cls=1.0212 | val_total=2.4007 | val_seg=0.1820 | val_cls=1.1093 | val_dice=0.5907 | val_iou=0.5786 | val_cls_acc=0.5852 | val_cls_f1=0.2194 | val_joint=0.4050
Epoch 27/100 | train_total=2.2105 | train_seg=0.1743 | train_cls=1.0181 | val_total=2.2982 | val_seg=0.1769 | val_cls=1.0606 | val_dice=0.5917 | val_iou=0.5760 | val_cls_acc=0.5916 | val_cls_f1=0.2341 | val_joint=0.4129
Saved best model to /sfs/gpfs/tardis/home/xxn2pb/disaster_vision/jobs/runs/siamese_separate_concat_absdiff_bottleneck_tuned_es100_11389533_20260409_003210/best_model.pt
Epoch 28/100 | train_total=2.2149 | train_seg=0.1735 | train_cls=1.0207 | val_total=2.3970 | val_seg=0.1774 | val_cls=1.1098 | val_dice=0.5838 | val_iou=0.5680 | val_cls_acc=0.5949 | val_cls_f1=0.2397 | val_joint=0.4118
Epoch 29/100 | train_total=2.1920 | train_seg=0.1728 | train_cls=1.0096 | val_total=2.4098 | val_seg=0.1773 | val_cls=1.1162 | val_dice=0.5853 | val_iou=0.5706 | val_cls_acc=0.5327 | val_cls_f1=0.2172 | val_joint=0.4012
Epoch 30/100 | train_total=2.1120 | train_seg=0.1672 | train_cls=0.9724 | val_total=2.3345 | val_seg=0.1865 | val_cls=1.0740 | val_dice=0.5784 | val_iou=0.5671 | val_cls_acc=0.5991 | val_cls_f1=0.2325 | val_joint=0.4054
Epoch 31/100 | train_total=2.1178 | train_seg=0.1685 | train_cls=0.9747 | val_total=2.2217 | val_seg=0.1731 | val_cls=1.0243 | val_dice=0.5902 | val_iou=0.5722 | val_cls_acc=0.6066 | val_cls_f1=0.2531 | val_joint=0.4217
Saved best model to /sfs/gpfs/tardis/home/xxn2pb/disaster_vision/jobs/runs/siamese_separate_concat_absdiff_bottleneck_tuned_es100_11389533_20260409_003210/best_model.pt
Epoch 32/100 | train_total=2.0477 | train_seg=0.1664 | train_cls=0.9406 | val_total=2.2870 | val_seg=0.1722 | val_cls=1.0574 | val_dice=0.5860 | val_iou=0.5691 | val_cls_acc=0.6034 | val_cls_f1=0.2451 | val_joint=0.4155
Epoch 33/100 | train_total=2.0465 | train_seg=0.1663 | train_cls=0.9401 | val_total=2.2038 | val_seg=0.1722 | val_cls=1.0158 | val_dice=0.5565 | val_iou=0.5416 | val_cls_acc=0.6313 | val_cls_f1=0.2526 | val_joint=0.4045
Epoch 34/100 | train_total=2.0210 | train_seg=0.1645 | train_cls=0.9283 | val_total=2.1849 | val_seg=0.1709 | val_cls=1.0070 | val_dice=0.5615 | val_iou=0.5472 | val_cls_acc=0.6034 | val_cls_f1=0.2409 | val_joint=0.4012
Epoch 35/100 | train_total=2.0136 | train_seg=0.1629 | train_cls=0.9253 | val_total=2.3397 | val_seg=0.1702 | val_cls=1.0848 | val_dice=0.5794 | val_iou=0.5614 | val_cls_acc=0.6056 | val_cls_f1=0.2428 | val_joint=0.4111
Epoch 36/100 | train_total=1.9466 | train_seg=0.1616 | train_cls=0.8925 | val_total=2.1750 | val_seg=0.1692 | val_cls=1.0029 | val_dice=0.5473 | val_iou=0.5310 | val_cls_acc=0.6034 | val_cls_f1=0.2462 | val_joint=0.3967
Epoch 37/100 | train_total=1.9625 | train_seg=0.1622 | train_cls=0.9001 | val_total=2.1743 | val_seg=0.1666 | val_cls=1.0039 | val_dice=0.5842 | val_iou=0.5680 | val_cls_acc=0.6302 | val_cls_f1=0.2564 | val_joint=0.4203
Epoch 38/100 | train_total=1.8690 | train_seg=0.1593 | train_cls=0.8549 | val_total=2.3672 | val_seg=0.1757 | val_cls=1.0958 | val_dice=0.5846 | val_iou=0.5676 | val_cls_acc=0.5756 | val_cls_f1=0.2337 | val_joint=0.4092
Epoch 39/100 | train_total=1.9163 | train_seg=0.1605 | train_cls=0.8779 | val_total=2.1657 | val_seg=0.1669 | val_cls=0.9994 | val_dice=0.5471 | val_iou=0.5298 | val_cls_acc=0.6334 | val_cls_f1=0.2741 | val_joint=0.4106
Early stopping triggered at epoch 39 after 8 epochs without joint_score improvement greater than 0.0.
Finished training.
Best joint_score: 0.4217 at epoch 31
Training stopped early at epoch 39.
Metrics saved to: /sfs/gpfs/tardis/home/xxn2pb/disaster_vision/jobs/runs/siamese_separate_concat_absdiff_bottleneck_tuned_es100_11389533_20260409_003210/metrics.csv
Plots saved to: /sfs/gpfs/tardis/home/xxn2pb/disaster_vision/jobs/runs/siamese_separate_concat_absdiff_bottleneck_tuned_es100_11389533_20260409_003210/plots
==============================
Job ended at: Thu Apr  9 00:54:22 EDT 2026
Total runtime: 1329 seconds
==============================
