==============================
Job started at: Wed Apr  8 21:01:14 EDT 2026
Running on host: udc-an38-17
Working directory: /sfs/gpfs/tardis/home/xxn2pb/disaster_vision/jobs
SLURM job ID: 11381202
Run directory: /sfs/gpfs/tardis/home/xxn2pb/disaster_vision/jobs/runs/siamese_shared_concat_bottleneck_tuned_11381202_20260408_210113
Experiment: siamese_shared_concat_bottleneck_tuned
==============================
Python location:
/home/xxn2pb/venvs/disaster_vision/bin/python
Python version:
Python 3.11.4
GPU check:
Wed Apr  8 21:01:14 2026       
+-----------------------------------------------------------------------------------------+
| NVIDIA-SMI 580.95.05              Driver Version: 580.95.05      CUDA Version: 13.0     |
+-----------------------------------------+------------------------+----------------------+
| GPU  Name                 Persistence-M | Bus-Id          Disp.A | Volatile Uncorr. ECC |
| Fan  Temp   Perf          Pwr:Usage/Cap |           Memory-Usage | GPU-Util  Compute M. |
|                                         |                        |               MIG M. |
|=========================================+========================+======================|
|   0  NVIDIA RTX A6000               Off |   00000000:23:00.0 Off |                  Off |
| 30%   27C    P8             36W /  300W |      20MiB /  49140MiB |      0%      Default |
|                                         |                        |                  N/A |
+-----------------------------------------+------------------------+----------------------+

+-----------------------------------------------------------------------------------------+
| Processes:                                                                              |
|  GPU   GI   CI              PID   Type   Process name                        GPU Memory |
|        ID   ID                                                               Usage      |
|=========================================================================================|
|    0   N/A  N/A           21983      G   /usr/libexec/Xorg                         8MiB |
+-----------------------------------------------------------------------------------------+
Using device: cuda
Experiment name: siamese_shared_concat_bottleneck_tuned
Train root: /sfs/gpfs/tardis/home/xxn2pb/siamese_project/data/xview2_jpeg/tier1
Val root: /sfs/gpfs/tardis/home/xxn2pb/siamese_project/data/xview2_jpeg/hold
Run dir: /sfs/gpfs/tardis/home/xxn2pb/disaster_vision/jobs/runs/siamese_shared_concat_bottleneck_tuned_11381202_20260408_210113
Config | input_mode=siamese | encoder_mode=shared | fusion_strategy=concat | fusion_stage=bottleneck_only
Train samples: 2799
Val samples: 933
Epoch 1/50 | train_total=3.3905 | train_seg=0.3578 | train_cls=1.5164 | val_total=3.1990 | val_seg=0.2598 | val_cls=1.4696 | val_dice=0.5815 | val_iou=0.5815 | val_cls_acc=0.3558 | val_cls_f1=0.1146 | val_joint=0.3480
Saved best model to /sfs/gpfs/tardis/home/xxn2pb/disaster_vision/jobs/runs/siamese_shared_concat_bottleneck_tuned_11381202_20260408_210113/best_model.pt
Epoch 2/50 | train_total=3.2577 | train_seg=0.2496 | train_cls=1.5040 | val_total=3.2081 | val_seg=0.2478 | val_cls=1.4802 | val_dice=0.5815 | val_iou=0.5815 | val_cls_acc=0.3558 | val_cls_f1=0.1146 | val_joint=0.3480
Epoch 3/50 | train_total=3.2320 | train_seg=0.2439 | train_cls=1.4940 | val_total=3.2165 | val_seg=0.2444 | val_cls=1.4860 | val_dice=0.5815 | val_iou=0.5815 | val_cls_acc=0.3644 | val_cls_f1=0.1531 | val_joint=0.3673
Saved best model to /sfs/gpfs/tardis/home/xxn2pb/disaster_vision/jobs/runs/siamese_shared_concat_bottleneck_tuned_11381202_20260408_210113/best_model.pt
Epoch 4/50 | train_total=3.1576 | train_seg=0.2370 | train_cls=1.4603 | val_total=3.0747 | val_seg=0.2390 | val_cls=1.4178 | val_dice=0.5815 | val_iou=0.5815 | val_cls_acc=0.3880 | val_cls_f1=0.1588 | val_joint=0.3701
Saved best model to /sfs/gpfs/tardis/home/xxn2pb/disaster_vision/jobs/runs/siamese_shared_concat_bottleneck_tuned_11381202_20260408_210113/best_model.pt
Epoch 5/50 | train_total=3.0778 | train_seg=0.2374 | train_cls=1.4202 | val_total=2.9778 | val_seg=0.2406 | val_cls=1.3686 | val_dice=0.5815 | val_iou=0.5815 | val_cls_acc=0.4319 | val_cls_f1=0.1393 | val_joint=0.3604
Epoch 6/50 | train_total=2.8766 | train_seg=0.2308 | train_cls=1.3229 | val_total=2.7012 | val_seg=0.2258 | val_cls=1.2377 | val_dice=0.5815 | val_iou=0.5815 | val_cls_acc=0.4952 | val_cls_f1=0.1703 | val_joint=0.3759
Saved best model to /sfs/gpfs/tardis/home/xxn2pb/disaster_vision/jobs/runs/siamese_shared_concat_bottleneck_tuned_11381202_20260408_210113/best_model.pt
Epoch 7/50 | train_total=2.6948 | train_seg=0.2262 | train_cls=1.2343 | val_total=2.5669 | val_seg=0.2180 | val_cls=1.1744 | val_dice=0.5797 | val_iou=0.5797 | val_cls_acc=0.5338 | val_cls_f1=0.2039 | val_joint=0.3918
Saved best model to /sfs/gpfs/tardis/home/xxn2pb/disaster_vision/jobs/runs/siamese_shared_concat_bottleneck_tuned_11381202_20260408_210113/best_model.pt
Epoch 8/50 | train_total=2.5881 | train_seg=0.2200 | train_cls=1.1840 | val_total=2.5242 | val_seg=0.2301 | val_cls=1.1471 | val_dice=0.5812 | val_iou=0.5812 | val_cls_acc=0.5509 | val_cls_f1=0.2114 | val_joint=0.3963
Saved best model to /sfs/gpfs/tardis/home/xxn2pb/disaster_vision/jobs/runs/siamese_shared_concat_bottleneck_tuned_11381202_20260408_210113/best_model.pt
Epoch 9/50 | train_total=2.5059 | train_seg=0.2144 | train_cls=1.1457 | val_total=2.4267 | val_seg=0.2130 | val_cls=1.1068 | val_dice=0.5716 | val_iou=0.5678 | val_cls_acc=0.5670 | val_cls_f1=0.2069 | val_joint=0.3892
Epoch 10/50 | train_total=2.4407 | train_seg=0.2060 | train_cls=1.1174 | val_total=2.5094 | val_seg=0.2063 | val_cls=1.1515 | val_dice=0.5728 | val_iou=0.5658 | val_cls_acc=0.5359 | val_cls_f1=0.1942 | val_joint=0.3835
Epoch 11/50 | train_total=2.4110 | train_seg=0.2036 | train_cls=1.1037 | val_total=2.4347 | val_seg=0.2051 | val_cls=1.1148 | val_dice=0.5704 | val_iou=0.5635 | val_cls_acc=0.5691 | val_cls_f1=0.2274 | val_joint=0.3989
Saved best model to /sfs/gpfs/tardis/home/xxn2pb/disaster_vision/jobs/runs/siamese_shared_concat_bottleneck_tuned_11381202_20260408_210113/best_model.pt
Epoch 12/50 | train_total=2.3598 | train_seg=0.2025 | train_cls=1.0787 | val_total=2.4113 | val_seg=0.2264 | val_cls=1.0924 | val_dice=0.5750 | val_iou=0.5696 | val_cls_acc=0.5702 | val_cls_f1=0.2152 | val_joint=0.3951
Epoch 13/50 | train_total=2.3344 | train_seg=0.1982 | train_cls=1.0681 | val_total=2.4014 | val_seg=0.2077 | val_cls=1.0968 | val_dice=0.5649 | val_iou=0.5514 | val_cls_acc=0.5702 | val_cls_f1=0.2250 | val_joint=0.3950
Epoch 14/50 | train_total=2.3032 | train_seg=0.1965 | train_cls=1.0534 | val_total=2.3223 | val_seg=0.1956 | val_cls=1.0634 | val_dice=0.5715 | val_iou=0.5616 | val_cls_acc=0.5874 | val_cls_f1=0.2228 | val_joint=0.3971
Epoch 15/50 | train_total=2.2813 | train_seg=0.1916 | train_cls=1.0448 | val_total=2.2709 | val_seg=0.1915 | val_cls=1.0397 | val_dice=0.5750 | val_iou=0.5628 | val_cls_acc=0.6217 | val_cls_f1=0.2466 | val_joint=0.4108
Saved best model to /sfs/gpfs/tardis/home/xxn2pb/disaster_vision/jobs/runs/siamese_shared_concat_bottleneck_tuned_11381202_20260408_210113/best_model.pt
Epoch 16/50 | train_total=2.2444 | train_seg=0.1894 | train_cls=1.0275 | val_total=2.3279 | val_seg=0.1912 | val_cls=1.0684 | val_dice=0.5800 | val_iou=0.5679 | val_cls_acc=0.5927 | val_cls_f1=0.2264 | val_joint=0.4032
Epoch 17/50 | train_total=2.2456 | train_seg=0.1894 | train_cls=1.0281 | val_total=2.4282 | val_seg=0.2029 | val_cls=1.1126 | val_dice=0.5812 | val_iou=0.5730 | val_cls_acc=0.5541 | val_cls_f1=0.2156 | val_joint=0.3984
Epoch 18/50 | train_total=2.2160 | train_seg=0.1871 | train_cls=1.0145 | val_total=2.2997 | val_seg=0.1902 | val_cls=1.0548 | val_dice=0.5759 | val_iou=0.5632 | val_cls_acc=0.6013 | val_cls_f1=0.2380 | val_joint=0.4069
Epoch 19/50 | train_total=2.2026 | train_seg=0.1855 | train_cls=1.0086 | val_total=2.2380 | val_seg=0.1874 | val_cls=1.0253 | val_dice=0.5801 | val_iou=0.5675 | val_cls_acc=0.6024 | val_cls_f1=0.2422 | val_joint=0.4111
Saved best model to /sfs/gpfs/tardis/home/xxn2pb/disaster_vision/jobs/runs/siamese_shared_concat_bottleneck_tuned_11381202_20260408_210113/best_model.pt
Epoch 20/50 | train_total=2.1739 | train_seg=0.1843 | train_cls=0.9948 | val_total=2.2647 | val_seg=0.1849 | val_cls=1.0399 | val_dice=0.5807 | val_iou=0.5703 | val_cls_acc=0.5895 | val_cls_f1=0.2480 | val_joint=0.4143
Saved best model to /sfs/gpfs/tardis/home/xxn2pb/disaster_vision/jobs/runs/siamese_shared_concat_bottleneck_tuned_11381202_20260408_210113/best_model.pt
Epoch 21/50 | train_total=2.1688 | train_seg=0.1837 | train_cls=0.9925 | val_total=2.2761 | val_seg=0.1939 | val_cls=1.0411 | val_dice=0.5819 | val_iou=0.5685 | val_cls_acc=0.6120 | val_cls_f1=0.2393 | val_joint=0.4106
Epoch 22/50 | train_total=2.1221 | train_seg=0.1815 | train_cls=0.9703 | val_total=2.3061 | val_seg=0.1847 | val_cls=1.0607 | val_dice=0.5829 | val_iou=0.5724 | val_cls_acc=0.5788 | val_cls_f1=0.2453 | val_joint=0.4141
Epoch 23/50 | train_total=2.1075 | train_seg=0.1788 | train_cls=0.9644 | val_total=2.2513 | val_seg=0.1783 | val_cls=1.0365 | val_dice=0.5817 | val_iou=0.5694 | val_cls_acc=0.6024 | val_cls_f1=0.2559 | val_joint=0.4188
Saved best model to /sfs/gpfs/tardis/home/xxn2pb/disaster_vision/jobs/runs/siamese_shared_concat_bottleneck_tuned_11381202_20260408_210113/best_model.pt
Epoch 24/50 | train_total=2.1012 | train_seg=0.1773 | train_cls=0.9619 | val_total=2.2521 | val_seg=0.1796 | val_cls=1.0362 | val_dice=0.5791 | val_iou=0.5644 | val_cls_acc=0.6024 | val_cls_f1=0.2446 | val_joint=0.4118
Epoch 25/50 | train_total=2.0683 | train_seg=0.1754 | train_cls=0.9465 | val_total=2.2477 | val_seg=0.1869 | val_cls=1.0304 | val_dice=0.5763 | val_iou=0.5616 | val_cls_acc=0.6109 | val_cls_f1=0.2481 | val_joint=0.4122
Epoch 26/50 | train_total=2.0488 | train_seg=0.1750 | train_cls=0.9369 | val_total=2.2690 | val_seg=0.1776 | val_cls=1.0457 | val_dice=0.5851 | val_iou=0.5711 | val_cls_acc=0.6056 | val_cls_f1=0.2537 | val_joint=0.4194
Saved best model to /sfs/gpfs/tardis/home/xxn2pb/disaster_vision/jobs/runs/siamese_shared_concat_bottleneck_tuned_11381202_20260408_210113/best_model.pt
Epoch 27/50 | train_total=2.0065 | train_seg=0.1736 | train_cls=0.9165 | val_total=2.2879 | val_seg=0.1798 | val_cls=1.0541 | val_dice=0.5857 | val_iou=0.5715 | val_cls_acc=0.5981 | val_cls_f1=0.2422 | val_joint=0.4139
Epoch 28/50 | train_total=2.0083 | train_seg=0.1727 | train_cls=0.9178 | val_total=2.2565 | val_seg=0.1779 | val_cls=1.0393 | val_dice=0.5857 | val_iou=0.5710 | val_cls_acc=0.6066 | val_cls_f1=0.2538 | val_joint=0.4198
Saved best model to /sfs/gpfs/tardis/home/xxn2pb/disaster_vision/jobs/runs/siamese_shared_concat_bottleneck_tuned_11381202_20260408_210113/best_model.pt
Epoch 29/50 | train_total=1.9746 | train_seg=0.1699 | train_cls=0.9023 | val_total=2.1340 | val_seg=0.1723 | val_cls=0.9809 | val_dice=0.5899 | val_iou=0.5772 | val_cls_acc=0.6367 | val_cls_f1=0.2580 | val_joint=0.4239
Saved best model to /sfs/gpfs/tardis/home/xxn2pb/disaster_vision/jobs/runs/siamese_shared_concat_bottleneck_tuned_11381202_20260408_210113/best_model.pt
Epoch 30/50 | train_total=1.9725 | train_seg=0.1713 | train_cls=0.9006 | val_total=2.2250 | val_seg=0.1739 | val_cls=1.0256 | val_dice=0.5891 | val_iou=0.5759 | val_cls_acc=0.6238 | val_cls_f1=0.2483 | val_joint=0.4187
Epoch 31/50 | train_total=1.9484 | train_seg=0.1698 | train_cls=0.8893 | val_total=2.1763 | val_seg=0.1736 | val_cls=1.0013 | val_dice=0.5933 | val_iou=0.5781 | val_cls_acc=0.6077 | val_cls_f1=0.2461 | val_joint=0.4197
Epoch 32/50 | train_total=1.9008 | train_seg=0.1657 | train_cls=0.8676 | val_total=2.2394 | val_seg=0.1750 | val_cls=1.0322 | val_dice=0.5880 | val_iou=0.5715 | val_cls_acc=0.6088 | val_cls_f1=0.2485 | val_joint=0.4182
Epoch 33/50 | train_total=1.9052 | train_seg=0.1667 | train_cls=0.8693 | val_total=2.2025 | val_seg=0.1719 | val_cls=1.0153 | val_dice=0.5839 | val_iou=0.5699 | val_cls_acc=0.6259 | val_cls_f1=0.2564 | val_joint=0.4202
Epoch 34/50 | train_total=1.8490 | train_seg=0.1643 | train_cls=0.8423 | val_total=2.1103 | val_seg=0.1712 | val_cls=0.9695 | val_dice=0.5846 | val_iou=0.5686 | val_cls_acc=0.6345 | val_cls_f1=0.2536 | val_joint=0.4191
Epoch 35/50 | train_total=1.8443 | train_seg=0.1648 | train_cls=0.8398 | val_total=2.1351 | val_seg=0.1712 | val_cls=0.9819 | val_dice=0.5893 | val_iou=0.5734 | val_cls_acc=0.6399 | val_cls_f1=0.2642 | val_joint=0.4267
Saved best model to /sfs/gpfs/tardis/home/xxn2pb/disaster_vision/jobs/runs/siamese_shared_concat_bottleneck_tuned_11381202_20260408_210113/best_model.pt
Epoch 36/50 | train_total=1.8259 | train_seg=0.1646 | train_cls=0.8306 | val_total=2.2382 | val_seg=0.1770 | val_cls=1.0306 | val_dice=0.5760 | val_iou=0.5619 | val_cls_acc=0.6302 | val_cls_f1=0.2563 | val_joint=0.4161
Epoch 37/50 | train_total=1.8409 | train_seg=0.1658 | train_cls=0.8376 | val_total=2.1402 | val_seg=0.1705 | val_cls=0.9848 | val_dice=0.5875 | val_iou=0.5730 | val_cls_acc=0.6463 | val_cls_f1=0.2663 | val_joint=0.4269
Saved best model to /sfs/gpfs/tardis/home/xxn2pb/disaster_vision/jobs/runs/siamese_shared_concat_bottleneck_tuned_11381202_20260408_210113/best_model.pt
Epoch 38/50 | train_total=1.7683 | train_seg=0.1620 | train_cls=0.8031 | val_total=2.1883 | val_seg=0.1711 | val_cls=1.0086 | val_dice=0.5527 | val_iou=0.5366 | val_cls_acc=0.6270 | val_cls_f1=0.2553 | val_joint=0.4040
Epoch 39/50 | train_total=1.8065 | train_seg=0.1624 | train_cls=0.8220 | val_total=2.1360 | val_seg=0.1657 | val_cls=0.9852 | val_dice=0.5561 | val_iou=0.5389 | val_cls_acc=0.6538 | val_cls_f1=0.2568 | val_joint=0.4065
Epoch 40/50 | train_total=1.7229 | train_seg=0.1590 | train_cls=0.7820 | val_total=2.1678 | val_seg=0.1677 | val_cls=1.0001 | val_dice=0.5748 | val_iou=0.5560 | val_cls_acc=0.6592 | val_cls_f1=0.2730 | val_joint=0.4239
Epoch 41/50 | train_total=1.7364 | train_seg=0.1598 | train_cls=0.7883 | val_total=2.2742 | val_seg=0.1696 | val_cls=1.0523 | val_dice=0.5663 | val_iou=0.5496 | val_cls_acc=0.6367 | val_cls_f1=0.2541 | val_joint=0.4102
Epoch 42/50 | train_total=1.7026 | train_seg=0.1568 | train_cls=0.7729 | val_total=2.1097 | val_seg=0.1700 | val_cls=0.9698 | val_dice=0.5680 | val_iou=0.5534 | val_cls_acc=0.6463 | val_cls_f1=0.2622 | val_joint=0.4151
Epoch 43/50 | train_total=1.6752 | train_seg=0.1581 | train_cls=0.7586 | val_total=2.0980 | val_seg=0.1723 | val_cls=0.9629 | val_dice=0.5930 | val_iou=0.5782 | val_cls_acc=0.6570 | val_cls_f1=0.2616 | val_joint=0.4273
Saved best model to /sfs/gpfs/tardis/home/xxn2pb/disaster_vision/jobs/runs/siamese_shared_concat_bottleneck_tuned_11381202_20260408_210113/best_model.pt
Epoch 44/50 | train_total=1.6354 | train_seg=0.1563 | train_cls=0.7395 | val_total=2.1375 | val_seg=0.1721 | val_cls=0.9827 | val_dice=0.5265 | val_iou=0.5112 | val_cls_acc=0.6463 | val_cls_f1=0.2611 | val_joint=0.3938
Epoch 45/50 | train_total=1.6324 | train_seg=0.1549 | train_cls=0.7388 | val_total=2.2943 | val_seg=0.1628 | val_cls=1.0658 | val_dice=0.5751 | val_iou=0.5582 | val_cls_acc=0.6345 | val_cls_f1=0.2577 | val_joint=0.4164
Epoch 46/50 | train_total=1.6261 | train_seg=0.1563 | train_cls=0.7349 | val_total=2.1834 | val_seg=0.1655 | val_cls=1.0090 | val_dice=0.5832 | val_iou=0.5674 | val_cls_acc=0.6452 | val_cls_f1=0.2527 | val_joint=0.4179
Epoch 47/50 | train_total=1.5698 | train_seg=0.1527 | train_cls=0.7086 | val_total=2.0498 | val_seg=0.1625 | val_cls=0.9437 | val_dice=0.5588 | val_iou=0.5384 | val_cls_acc=0.6645 | val_cls_f1=0.2788 | val_joint=0.4188
Epoch 48/50 | train_total=1.5532 | train_seg=0.1529 | train_cls=0.7001 | val_total=2.1627 | val_seg=0.1628 | val_cls=1.0000 | val_dice=0.5281 | val_iou=0.5092 | val_cls_acc=0.6302 | val_cls_f1=0.2683 | val_joint=0.3982
Epoch 49/50 | train_total=1.5083 | train_seg=0.1512 | train_cls=0.6785 | val_total=2.2540 | val_seg=0.1589 | val_cls=1.0475 | val_dice=0.5851 | val_iou=0.5653 | val_cls_acc=0.6602 | val_cls_f1=0.2700 | val_joint=0.4276
Saved best model to /sfs/gpfs/tardis/home/xxn2pb/disaster_vision/jobs/runs/siamese_shared_concat_bottleneck_tuned_11381202_20260408_210113/best_model.pt
Epoch 50/50 | train_total=1.5393 | train_seg=0.1533 | train_cls=0.6930 | val_total=2.1220 | val_seg=0.1583 | val_cls=0.9819 | val_dice=0.5647 | val_iou=0.5443 | val_cls_acc=0.6763 | val_cls_f1=0.2764 | val_joint=0.4206
Finished training.
Best joint_score: 0.4276
Metrics saved to: /sfs/gpfs/tardis/home/xxn2pb/disaster_vision/jobs/runs/siamese_shared_concat_bottleneck_tuned_11381202_20260408_210113/metrics.csv
Plots saved to: /sfs/gpfs/tardis/home/xxn2pb/disaster_vision/jobs/runs/siamese_shared_concat_bottleneck_tuned_11381202_20260408_210113/plots
==============================
Job ended at: Wed Apr  8 21:32:00 EDT 2026
Total runtime: 1846 seconds
==============================
