==============================
Job started at: Thu Apr  9 12:08:52 EDT 2026
Running on host: udc-an38-33
Working directory: /sfs/gpfs/tardis/home/xxn2pb/disaster_vision/jobs
SLURM job ID: 11401764
Run directory: /sfs/gpfs/tardis/home/xxn2pb/disaster_vision/jobs/runs/after_only_baseline_tuned_rerun_b_es100_11401764_20260409_120850
Experiment: after_only_baseline_tuned_rerun_b_es100
==============================
Python location:
/home/xxn2pb/venvs/disaster_vision/bin/python
Python version:
Python 3.11.4
GPU check:
Thu Apr  9 12:08:52 2026       
+-----------------------------------------------------------------------------------------+
| NVIDIA-SMI 580.95.05              Driver Version: 580.95.05      CUDA Version: 13.0     |
+-----------------------------------------+------------------------+----------------------+
| GPU  Name                 Persistence-M | Bus-Id          Disp.A | Volatile Uncorr. ECC |
| Fan  Temp   Perf          Pwr:Usage/Cap |           Memory-Usage | GPU-Util  Compute M. |
|                                         |                        |               MIG M. |
|=========================================+========================+======================|
|   0  NVIDIA RTX A6000               Off |   00000000:61:00.0 Off |                  Off |
| 30%   27C    P8             39W /  300W |      20MiB /  49140MiB |      0%      Default |
|                                         |                        |                  N/A |
+-----------------------------------------+------------------------+----------------------+

+-----------------------------------------------------------------------------------------+
| Processes:                                                                              |
|  GPU   GI   CI              PID   Type   Process name                        GPU Memory |
|        ID   ID                                                               Usage      |
|=========================================================================================|
|    0   N/A  N/A           20022      G   /usr/libexec/Xorg                         8MiB |
+-----------------------------------------------------------------------------------------+
Using device: cuda
Experiment name: after_only_baseline_tuned_rerun_b_es100
Train root: /sfs/gpfs/tardis/home/xxn2pb/siamese_project/data/xview2_jpeg/tier1
Val root: /sfs/gpfs/tardis/home/xxn2pb/siamese_project/data/xview2_jpeg/hold
Run dir: /sfs/gpfs/tardis/home/xxn2pb/disaster_vision/jobs/runs/after_only_baseline_tuned_rerun_b_es100_11401764_20260409_120850
Config | input_mode=after_only | encoder_mode=shared | fusion_strategy=concat | fusion_stage=bottleneck_only
Early stopping | patience=8 | min_delta=0.0
Train samples: 2799
Val samples: 933
Epoch 1/100 | train_total=3.3932 | train_seg=0.3678 | train_cls=1.5127 | val_total=3.2306 | val_seg=0.2636 | val_cls=1.4835 | val_dice=0.5815 | val_iou=0.5815 | val_cls_acc=0.3558 | val_cls_f1=0.1146 | val_joint=0.3480
Saved best model to /sfs/gpfs/tardis/home/xxn2pb/disaster_vision/jobs/runs/after_only_baseline_tuned_rerun_b_es100_11401764_20260409_120850/best_model.pt
Epoch 2/100 | train_total=3.2444 | train_seg=0.2480 | train_cls=1.4982 | val_total=3.1970 | val_seg=0.2474 | val_cls=1.4748 | val_dice=0.5815 | val_iou=0.5815 | val_cls_acc=0.3558 | val_cls_f1=0.1146 | val_joint=0.3480
Epoch 3/100 | train_total=3.1782 | train_seg=0.2402 | train_cls=1.4690 | val_total=3.1133 | val_seg=0.2367 | val_cls=1.4383 | val_dice=0.5815 | val_iou=0.5815 | val_cls_acc=0.2947 | val_cls_f1=0.1309 | val_joint=0.3562
Saved best model to /sfs/gpfs/tardis/home/xxn2pb/disaster_vision/jobs/runs/after_only_baseline_tuned_rerun_b_es100_11401764_20260409_120850/best_model.pt
Epoch 4/100 | train_total=3.0799 | train_seg=0.2316 | train_cls=1.4242 | val_total=3.0843 | val_seg=0.2268 | val_cls=1.4287 | val_dice=0.5793 | val_iou=0.5792 | val_cls_acc=0.3955 | val_cls_f1=0.0965 | val_joint=0.3379
Epoch 5/100 | train_total=2.9624 | train_seg=0.2208 | train_cls=1.3708 | val_total=2.8484 | val_seg=0.2170 | val_cls=1.3157 | val_dice=0.5687 | val_iou=0.5677 | val_cls_acc=0.4019 | val_cls_f1=0.1429 | val_joint=0.3558
Epoch 6/100 | train_total=2.8956 | train_seg=0.2132 | train_cls=1.3412 | val_total=2.9423 | val_seg=0.2219 | val_cls=1.3602 | val_dice=0.5563 | val_iou=0.5512 | val_cls_acc=0.3987 | val_cls_f1=0.1216 | val_joint=0.3389
Epoch 7/100 | train_total=2.8733 | train_seg=0.2119 | train_cls=1.3307 | val_total=2.7563 | val_seg=0.2118 | val_cls=1.2723 | val_dice=0.5552 | val_iou=0.5521 | val_cls_acc=0.4126 | val_cls_f1=0.1528 | val_joint=0.3540
Epoch 8/100 | train_total=2.8388 | train_seg=0.2098 | train_cls=1.3145 | val_total=2.7344 | val_seg=0.2090 | val_cls=1.2627 | val_dice=0.5594 | val_iou=0.5540 | val_cls_acc=0.4502 | val_cls_f1=0.1309 | val_joint=0.3451
Epoch 9/100 | train_total=2.7807 | train_seg=0.2018 | train_cls=1.2895 | val_total=2.7248 | val_seg=0.2054 | val_cls=1.2597 | val_dice=0.5703 | val_iou=0.5587 | val_cls_acc=0.4716 | val_cls_f1=0.1566 | val_joint=0.3635
Saved best model to /sfs/gpfs/tardis/home/xxn2pb/disaster_vision/jobs/runs/after_only_baseline_tuned_rerun_b_es100_11401764_20260409_120850/best_model.pt
Epoch 10/100 | train_total=2.7435 | train_seg=0.2032 | train_cls=1.2701 | val_total=2.6664 | val_seg=0.2005 | val_cls=1.2329 | val_dice=0.5668 | val_iou=0.5577 | val_cls_acc=0.4823 | val_cls_f1=0.1723 | val_joint=0.3696
Saved best model to /sfs/gpfs/tardis/home/xxn2pb/disaster_vision/jobs/runs/after_only_baseline_tuned_rerun_b_es100_11401764_20260409_120850/best_model.pt
Epoch 11/100 | train_total=2.6904 | train_seg=0.1997 | train_cls=1.2453 | val_total=2.6686 | val_seg=0.2083 | val_cls=1.2302 | val_dice=0.5583 | val_iou=0.5468 | val_cls_acc=0.5166 | val_cls_f1=0.2008 | val_joint=0.3795
Saved best model to /sfs/gpfs/tardis/home/xxn2pb/disaster_vision/jobs/runs/after_only_baseline_tuned_rerun_b_es100_11401764_20260409_120850/best_model.pt
Epoch 12/100 | train_total=2.6516 | train_seg=0.1992 | train_cls=1.2262 | val_total=2.5767 | val_seg=0.1977 | val_cls=1.1895 | val_dice=0.5793 | val_iou=0.5691 | val_cls_acc=0.5241 | val_cls_f1=0.1996 | val_joint=0.3895
Saved best model to /sfs/gpfs/tardis/home/xxn2pb/disaster_vision/jobs/runs/after_only_baseline_tuned_rerun_b_es100_11401764_20260409_120850/best_model.pt
Epoch 13/100 | train_total=2.5916 | train_seg=0.1955 | train_cls=1.1981 | val_total=2.5247 | val_seg=0.2031 | val_cls=1.1608 | val_dice=0.5761 | val_iou=0.5614 | val_cls_acc=0.5316 | val_cls_f1=0.1997 | val_joint=0.3879
Epoch 14/100 | train_total=2.5270 | train_seg=0.1970 | train_cls=1.1650 | val_total=2.4565 | val_seg=0.1969 | val_cls=1.1298 | val_dice=0.5753 | val_iou=0.5620 | val_cls_acc=0.5766 | val_cls_f1=0.2311 | val_joint=0.4032
Saved best model to /sfs/gpfs/tardis/home/xxn2pb/disaster_vision/jobs/runs/after_only_baseline_tuned_rerun_b_es100_11401764_20260409_120850/best_model.pt
Epoch 15/100 | train_total=2.4863 | train_seg=0.1945 | train_cls=1.1459 | val_total=2.4402 | val_seg=0.1950 | val_cls=1.1226 | val_dice=0.5824 | val_iou=0.5737 | val_cls_acc=0.5723 | val_cls_f1=0.2246 | val_joint=0.4035
Saved best model to /sfs/gpfs/tardis/home/xxn2pb/disaster_vision/jobs/runs/after_only_baseline_tuned_rerun_b_es100_11401764_20260409_120850/best_model.pt
Epoch 16/100 | train_total=2.4608 | train_seg=0.1942 | train_cls=1.1333 | val_total=2.4185 | val_seg=0.1956 | val_cls=1.1115 | val_dice=0.5809 | val_iou=0.5722 | val_cls_acc=0.5723 | val_cls_f1=0.2320 | val_joint=0.4064
Saved best model to /sfs/gpfs/tardis/home/xxn2pb/disaster_vision/jobs/runs/after_only_baseline_tuned_rerun_b_es100_11401764_20260409_120850/best_model.pt
Epoch 17/100 | train_total=2.4170 | train_seg=0.1889 | train_cls=1.1141 | val_total=2.4132 | val_seg=0.2010 | val_cls=1.1061 | val_dice=0.5795 | val_iou=0.5729 | val_cls_acc=0.5841 | val_cls_f1=0.2302 | val_joint=0.4049
Epoch 18/100 | train_total=2.4061 | train_seg=0.1909 | train_cls=1.1076 | val_total=2.4499 | val_seg=0.1962 | val_cls=1.1268 | val_dice=0.5783 | val_iou=0.5700 | val_cls_acc=0.5509 | val_cls_f1=0.2141 | val_joint=0.3962
Epoch 19/100 | train_total=2.3856 | train_seg=0.1902 | train_cls=1.0977 | val_total=2.4101 | val_seg=0.1901 | val_cls=1.1100 | val_dice=0.5835 | val_iou=0.5701 | val_cls_acc=0.5520 | val_cls_f1=0.2110 | val_joint=0.3973
Epoch 20/100 | train_total=2.3417 | train_seg=0.1878 | train_cls=1.0770 | val_total=2.3936 | val_seg=0.1915 | val_cls=1.1010 | val_dice=0.5774 | val_iou=0.5694 | val_cls_acc=0.5820 | val_cls_f1=0.2404 | val_joint=0.4089
Saved best model to /sfs/gpfs/tardis/home/xxn2pb/disaster_vision/jobs/runs/after_only_baseline_tuned_rerun_b_es100_11401764_20260409_120850/best_model.pt
Epoch 21/100 | train_total=2.3328 | train_seg=0.1860 | train_cls=1.0734 | val_total=2.3788 | val_seg=0.1895 | val_cls=1.0946 | val_dice=0.5781 | val_iou=0.5677 | val_cls_acc=0.5820 | val_cls_f1=0.2302 | val_joint=0.4041
Epoch 22/100 | train_total=2.3410 | train_seg=0.1847 | train_cls=1.0781 | val_total=2.4111 | val_seg=0.1904 | val_cls=1.1104 | val_dice=0.5777 | val_iou=0.5670 | val_cls_acc=0.5809 | val_cls_f1=0.2204 | val_joint=0.3991
Epoch 23/100 | train_total=2.3129 | train_seg=0.1830 | train_cls=1.0649 | val_total=2.3428 | val_seg=0.1925 | val_cls=1.0752 | val_dice=0.5800 | val_iou=0.5701 | val_cls_acc=0.5809 | val_cls_f1=0.2241 | val_joint=0.4021
Epoch 24/100 | train_total=2.2837 | train_seg=0.1812 | train_cls=1.0513 | val_total=2.3362 | val_seg=0.1907 | val_cls=1.0728 | val_dice=0.5809 | val_iou=0.5731 | val_cls_acc=0.6088 | val_cls_f1=0.2398 | val_joint=0.4104
Saved best model to /sfs/gpfs/tardis/home/xxn2pb/disaster_vision/jobs/runs/after_only_baseline_tuned_rerun_b_es100_11401764_20260409_120850/best_model.pt
Epoch 25/100 | train_total=2.2642 | train_seg=0.1816 | train_cls=1.0413 | val_total=2.3831 | val_seg=0.1901 | val_cls=1.0965 | val_dice=0.5851 | val_iou=0.5692 | val_cls_acc=0.5745 | val_cls_f1=0.2319 | val_joint=0.4085
Epoch 26/100 | train_total=2.2458 | train_seg=0.1822 | train_cls=1.0318 | val_total=2.3347 | val_seg=0.1930 | val_cls=1.0709 | val_dice=0.5826 | val_iou=0.5749 | val_cls_acc=0.5831 | val_cls_f1=0.2248 | val_joint=0.4037
Epoch 27/100 | train_total=2.2093 | train_seg=0.1791 | train_cls=1.0151 | val_total=2.3074 | val_seg=0.1816 | val_cls=1.0629 | val_dice=0.5800 | val_iou=0.5650 | val_cls_acc=0.5852 | val_cls_f1=0.2398 | val_joint=0.4099
Epoch 28/100 | train_total=2.1917 | train_seg=0.1764 | train_cls=1.0077 | val_total=2.2882 | val_seg=0.1841 | val_cls=1.0521 | val_dice=0.5819 | val_iou=0.5699 | val_cls_acc=0.6120 | val_cls_f1=0.2422 | val_joint=0.4121
Saved best model to /sfs/gpfs/tardis/home/xxn2pb/disaster_vision/jobs/runs/after_only_baseline_tuned_rerun_b_es100_11401764_20260409_120850/best_model.pt
Epoch 29/100 | train_total=2.1598 | train_seg=0.1766 | train_cls=0.9916 | val_total=2.2660 | val_seg=0.1832 | val_cls=1.0414 | val_dice=0.5814 | val_iou=0.5646 | val_cls_acc=0.6120 | val_cls_f1=0.2440 | val_joint=0.4127
Saved best model to /sfs/gpfs/tardis/home/xxn2pb/disaster_vision/jobs/runs/after_only_baseline_tuned_rerun_b_es100_11401764_20260409_120850/best_model.pt
Epoch 30/100 | train_total=2.1419 | train_seg=0.1737 | train_cls=0.9841 | val_total=2.2678 | val_seg=0.1825 | val_cls=1.0426 | val_dice=0.5736 | val_iou=0.5595 | val_cls_acc=0.6249 | val_cls_f1=0.2483 | val_joint=0.4110
Epoch 31/100 | train_total=2.1209 | train_seg=0.1736 | train_cls=0.9737 | val_total=2.2732 | val_seg=0.1801 | val_cls=1.0466 | val_dice=0.5879 | val_iou=0.5716 | val_cls_acc=0.5916 | val_cls_f1=0.2285 | val_joint=0.4082
Epoch 32/100 | train_total=2.0989 | train_seg=0.1721 | train_cls=0.9634 | val_total=2.2233 | val_seg=0.1864 | val_cls=1.0185 | val_dice=0.5701 | val_iou=0.5606 | val_cls_acc=0.6270 | val_cls_f1=0.2538 | val_joint=0.4120
Epoch 33/100 | train_total=2.0855 | train_seg=0.1715 | train_cls=0.9570 | val_total=2.2672 | val_seg=0.1747 | val_cls=1.0462 | val_dice=0.5837 | val_iou=0.5676 | val_cls_acc=0.6120 | val_cls_f1=0.2540 | val_joint=0.4189
Saved best model to /sfs/gpfs/tardis/home/xxn2pb/disaster_vision/jobs/runs/after_only_baseline_tuned_rerun_b_es100_11401764_20260409_120850/best_model.pt
Epoch 34/100 | train_total=2.0464 | train_seg=0.1691 | train_cls=0.9387 | val_total=2.2248 | val_seg=0.1758 | val_cls=1.0245 | val_dice=0.5807 | val_iou=0.5630 | val_cls_acc=0.6249 | val_cls_f1=0.2629 | val_joint=0.4218
Saved best model to /sfs/gpfs/tardis/home/xxn2pb/disaster_vision/jobs/runs/after_only_baseline_tuned_rerun_b_es100_11401764_20260409_120850/best_model.pt
Epoch 35/100 | train_total=2.0224 | train_seg=0.1695 | train_cls=0.9265 | val_total=2.2369 | val_seg=0.1743 | val_cls=1.0313 | val_dice=0.5718 | val_iou=0.5550 | val_cls_acc=0.6324 | val_cls_f1=0.2611 | val_joint=0.4164
Epoch 36/100 | train_total=1.9843 | train_seg=0.1678 | train_cls=0.9083 | val_total=2.3320 | val_seg=0.1746 | val_cls=1.0787 | val_dice=0.5599 | val_iou=0.5431 | val_cls_acc=0.5798 | val_cls_f1=0.2509 | val_joint=0.4054
Epoch 37/100 | train_total=2.0197 | train_seg=0.1698 | train_cls=0.9249 | val_total=2.2805 | val_seg=0.1740 | val_cls=1.0532 | val_dice=0.5628 | val_iou=0.5465 | val_cls_acc=0.6131 | val_cls_f1=0.2356 | val_joint=0.3992
Epoch 38/100 | train_total=1.9616 | train_seg=0.1652 | train_cls=0.8982 | val_total=2.1708 | val_seg=0.1719 | val_cls=0.9994 | val_dice=0.5612 | val_iou=0.5437 | val_cls_acc=0.6324 | val_cls_f1=0.2547 | val_joint=0.4080
Epoch 39/100 | train_total=1.9018 | train_seg=0.1651 | train_cls=0.8684 | val_total=2.3315 | val_seg=0.1725 | val_cls=1.0795 | val_dice=0.5768 | val_iou=0.5586 | val_cls_acc=0.5756 | val_cls_f1=0.2230 | val_joint=0.3999
Epoch 40/100 | train_total=1.9216 | train_seg=0.1633 | train_cls=0.8792 | val_total=2.1631 | val_seg=0.1692 | val_cls=0.9970 | val_dice=0.5708 | val_iou=0.5521 | val_cls_acc=0.6174 | val_cls_f1=0.2573 | val_joint=0.4140
Epoch 41/100 | train_total=1.8716 | train_seg=0.1613 | train_cls=0.8552 | val_total=2.3389 | val_seg=0.1737 | val_cls=1.0826 | val_dice=0.5617 | val_iou=0.5426 | val_cls_acc=0.6066 | val_cls_f1=0.2378 | val_joint=0.3998
Epoch 42/100 | train_total=1.8250 | train_seg=0.1612 | train_cls=0.8319 | val_total=2.1759 | val_seg=0.1704 | val_cls=1.0027 | val_dice=0.5781 | val_iou=0.5585 | val_cls_acc=0.6259 | val_cls_f1=0.2590 | val_joint=0.4186
Early stopping triggered at epoch 42 after 8 epochs without joint_score improvement greater than 0.0.
Finished training.
Best joint_score: 0.4218 at epoch 34
Training stopped early at epoch 42.
Metrics saved to: /sfs/gpfs/tardis/home/xxn2pb/disaster_vision/jobs/runs/after_only_baseline_tuned_rerun_b_es100_11401764_20260409_120850/metrics.csv
Plots saved to: /sfs/gpfs/tardis/home/xxn2pb/disaster_vision/jobs/runs/after_only_baseline_tuned_rerun_b_es100_11401764_20260409_120850/plots
==============================
Job ended at: Thu Apr  9 12:34:38 EDT 2026
Total runtime: 1545 seconds
==============================
