==============================
Job started at: Tue Apr  7 19:26:03 EDT 2026
Running on host: udc-an37-7
Working directory: /sfs/gpfs/tardis/home/xxn2pb/disaster_vision/jobs
SLURM job ID: 11320199
Run directory: /sfs/gpfs/tardis/home/xxn2pb/disaster_vision/jobs/runs/baseline_xview2_11320199_20260407_192602
==============================
Python location:
/home/xxn2pb/venvs/disaster_vision/bin/python
Python version:
Python 3.11.4
GPU check:
Tue Apr  7 19:26:03 2026       
+-----------------------------------------------------------------------------------------+
| NVIDIA-SMI 580.95.05              Driver Version: 580.95.05      CUDA Version: 13.0     |
+-----------------------------------------+------------------------+----------------------+
| GPU  Name                 Persistence-M | Bus-Id          Disp.A | Volatile Uncorr. ECC |
| Fan  Temp   Perf          Pwr:Usage/Cap |           Memory-Usage | GPU-Util  Compute M. |
|                                         |                        |               MIG M. |
|=========================================+========================+======================|
|   0  NVIDIA A100-SXM4-80GB          Off |   00000000:07:00.0 Off |                    0 |
| N/A   28C    P0             61W /  400W |     238MiB /  81920MiB |      0%      Default |
|                                         |                        |             Disabled |
+-----------------------------------------+------------------------+----------------------+

+-----------------------------------------------------------------------------------------+
| Processes:                                                                              |
|  GPU   GI   CI              PID   Type   Process name                        GPU Memory |
|        ID   ID                                                               Usage      |
|=========================================================================================|
|    0   N/A  N/A           22849      G   /usr/libexec/Xorg                       108MiB |
|    0   N/A  N/A           23225      G   /usr/bin/gnome-shell                    101MiB |
+-----------------------------------------------------------------------------------------+
Checking key paths...
baseline_test_output
change_family_experiments.py
logs
new_jobs.txt
run_change_experiment.slurm
runs
run_siamese_baseline_cpu.slurm
run_siamese_baseline.slurm
siamese_baseline.py
slurm-11265533.out
slurm-11266543.out
hold
test
tier1
tier3
images_jpeg
labels
images_jpeg
labels
Using device: cuda
torch.cuda.is_available(): True
GPU name: NVIDIA A100-SXM4-80GB
Train root: /sfs/gpfs/tardis/home/xxn2pb/siamese_project/data/xview2_jpeg/tier1
Val root: /sfs/gpfs/tardis/home/xxn2pb/siamese_project/data/xview2_jpeg/hold
Save dir: /sfs/gpfs/tardis/home/xxn2pb/disaster_vision/jobs/runs/baseline_xview2_11320199_20260407_192602
Train samples: 2799
Val samples: 933
[DEBUG] guatemala-volcano_00000000 | mask unique=tensor([0, 1]) | mask max=1 | class_label=1 (no-damage)
[SANITY CHECK] sample key: guatemala-volcano_00000000
[SANITY CHECK] mask unique values: tensor([0, 1])
[SANITY CHECK] mask max class: 1 (no-damage)
[SANITY CHECK] class label: 1 (no-damage)
[DEBUG] guatemala-volcano_00000001 | mask unique=tensor([0, 2]) | mask max=2 | class_label=2 (minor-damage)
[DEBUG] guatemala-volcano_00000000 | mask unique=tensor([0, 1]) | mask max=1 | class_label=1 (no-damage)
[DEBUG] guatemala-volcano_00000002 | mask unique=tensor([0, 4]) | mask max=4 | class_label=4 (destroyed)
[DEBUG] guatemala-volcano_00000004 | mask unique=tensor([0, 1, 2, 3, 4]) | mask max=4 | class_label=4 (destroyed)
[DEBUG] guatemala-volcano_00000012 | mask unique=tensor([0, 1]) | mask max=1 | class_label=1 (no-damage)
[DEBUG] guatemala-volcano_00000014 | mask unique=tensor([0, 1, 3, 4]) | mask max=4 | class_label=4 (destroyed)
Epoch 1/5 | train_total=1.7860 | train_seg=0.2750 | train_cls=1.5110 | val_total=1.7318 | val_seg=0.2462 | val_cls=1.4856 | val_dice=0.5791 | val_iou=0.5789 | val_cls_acc=0.3558 | val_cls_f1=0.1108
Saved best model to /sfs/gpfs/tardis/home/xxn2pb/disaster_vision/jobs/runs/baseline_xview2_11320199_20260407_192602/best_model.pt
[DEBUG] guatemala-volcano_00000000 | mask unique=tensor([0, 1]) | mask max=1 | class_label=1 (no-damage)
[DEBUG] guatemala-volcano_00000002 | mask unique=tensor([0, 4]) | mask max=4 | class_label=4 (destroyed)
[DEBUG] guatemala-volcano_00000001 | mask unique=tensor([0, 2]) | mask max=2 | class_label=2 (minor-damage)
[DEBUG] guatemala-volcano_00000004 | mask unique=tensor([0, 1, 2, 3, 4]) | mask max=4 | class_label=4 (destroyed)
[DEBUG] guatemala-volcano_00000012 | mask unique=tensor([0, 1]) | mask max=1 | class_label=1 (no-damage)
[DEBUG] guatemala-volcano_00000014 | mask unique=tensor([0, 1, 3, 4]) | mask max=4 | class_label=4 (destroyed)
Epoch 2/5 | train_total=1.7304 | train_seg=0.2224 | train_cls=1.5080 | val_total=1.7099 | val_seg=0.2220 | val_cls=1.4879 | val_dice=0.5485 | val_iou=0.5335 | val_cls_acc=0.3558 | val_cls_f1=0.1108
[DEBUG] guatemala-volcano_00000002 | mask unique=tensor([0, 4]) | mask max=4 | class_label=4 (destroyed)
[DEBUG] guatemala-volcano_00000001 | mask unique=tensor([0, 2]) | mask max=2 | class_label=2 (minor-damage)
[DEBUG] guatemala-volcano_00000000 | mask unique=tensor([0, 1]) | mask max=1 | class_label=1 (no-damage)
[DEBUG] guatemala-volcano_00000004 | mask unique=tensor([0, 1, 2, 3, 4]) | mask max=4 | class_label=4 (destroyed)
[DEBUG] guatemala-volcano_00000012 | mask unique=tensor([0, 1]) | mask max=1 | class_label=1 (no-damage)
[DEBUG] guatemala-volcano_00000014 | mask unique=tensor([0, 1, 3, 4]) | mask max=4 | class_label=4 (destroyed)
Epoch 3/5 | train_total=1.7184 | train_seg=0.2162 | train_cls=1.5022 | val_total=1.6922 | val_seg=0.2108 | val_cls=1.4814 | val_dice=0.5515 | val_iou=0.5360 | val_cls_acc=0.3558 | val_cls_f1=0.1108
[DEBUG] guatemala-volcano_00000000 | mask unique=tensor([0, 1]) | mask max=1 | class_label=1 (no-damage)
[DEBUG] guatemala-volcano_00000002 | mask unique=tensor([0, 4]) | mask max=4 | class_label=4 (destroyed)
[DEBUG] guatemala-volcano_00000001 | mask unique=tensor([0, 2]) | mask max=2 | class_label=2 (minor-damage)
[DEBUG] guatemala-volcano_00000004 | mask unique=tensor([0, 1, 2, 3, 4]) | mask max=4 | class_label=4 (destroyed)
[DEBUG] guatemala-volcano_00000012 | mask unique=tensor([0, 1]) | mask max=1 | class_label=1 (no-damage)
[DEBUG] guatemala-volcano_00000014 | mask unique=tensor([0, 1, 3, 4]) | mask max=4 | class_label=4 (destroyed)
Epoch 4/5 | train_total=1.6893 | train_seg=0.2108 | train_cls=1.4785 | val_total=1.5781 | val_seg=0.2096 | val_cls=1.3686 | val_dice=0.5656 | val_iou=0.5589 | val_cls_acc=0.4459 | val_cls_f1=0.1449
[DEBUG] guatemala-volcano_00000001 | mask unique=tensor([0, 2]) | mask max=2 | class_label=2 (minor-damage)
[DEBUG] guatemala-volcano_00000000 | mask unique=tensor([0, 1]) | mask max=1 | class_label=1 (no-damage)
[DEBUG] guatemala-volcano_00000002 | mask unique=tensor([0, 4]) | mask max=4 | class_label=4 (destroyed)
[DEBUG] guatemala-volcano_00000004 | mask unique=tensor([0, 1, 2, 3, 4]) | mask max=4 | class_label=4 (destroyed)
[DEBUG] guatemala-volcano_00000012 | mask unique=tensor([0, 1]) | mask max=1 | class_label=1 (no-damage)
[DEBUG] guatemala-volcano_00000014 | mask unique=tensor([0, 1, 3, 4]) | mask max=4 | class_label=4 (destroyed)
Epoch 5/5 | train_total=1.5631 | train_seg=0.2020 | train_cls=1.3611 | val_total=1.5442 | val_seg=0.1915 | val_cls=1.3527 | val_dice=0.5539 | val_iou=0.5378 | val_cls_acc=0.4116 | val_cls_f1=0.1151
Finished training.
Best val dice: 0.5791
Metrics saved to: /sfs/gpfs/tardis/home/xxn2pb/disaster_vision/jobs/runs/baseline_xview2_11320199_20260407_192602/metrics.csv
Plots saved to: /sfs/gpfs/tardis/home/xxn2pb/disaster_vision/jobs/runs/baseline_xview2_11320199_20260407_192602/plots
==============================
Job ended at: Tue Apr  7 19:29:00 EDT 2026
Total runtime: 176 seconds
==============================
