==============================
Job started at: Tue Apr  7 02:47:47 EDT 2026
Running on host: udc-ba06-38
Working directory: /sfs/gpfs/tardis/home/xxn2pb/disaster_vision/jobs
SLURM job ID: 11255666
==============================
Python location:
/home/xxn2pb/venvs/disaster_vision/bin/python
Python version:
Python 3.11.4
GPU check:
Tue Apr  7 02:47:47 2026       
+-----------------------------------------------------------------------------------------+
| NVIDIA-SMI 580.95.05              Driver Version: 580.95.05      CUDA Version: 13.0     |
+-----------------------------------------+------------------------+----------------------+
| GPU  Name                 Persistence-M | Bus-Id          Disp.A | Volatile Uncorr. ECC |
| Fan  Temp   Perf          Pwr:Usage/Cap |           Memory-Usage | GPU-Util  Compute M. |
|                                         |                        |               MIG M. |
|=========================================+========================+======================|
|   0  NVIDIA A40                     Off |   00000000:04:00.0 Off |                    0 |
|  0%   30C    P8             29W /  300W |     117MiB /  46068MiB |      0%      Default |
|                                         |                        |                  N/A |
+-----------------------------------------+------------------------+----------------------+

+-----------------------------------------------------------------------------------------+
| Processes:                                                                              |
|  GPU   GI   CI              PID   Type   Process name                        GPU Memory |
|        ID   ID                                                               Usage      |
|=========================================================================================|
|    0   N/A  N/A           20842      G   /usr/libexec/Xorg                       106MiB |
+-----------------------------------------------------------------------------------------+
Checking key paths...
baseline_test_output
logs
run_siamese_baseline_cpu.slurm
run_siamese_baseline.slurm
siamese_baseline.py
slurm-11265533.out
slurm-11266543.out
