==============================
Job started at: Thu Apr  9 12:08:52 EDT 2026
Running on host: udc-an38-33
Working directory: /sfs/gpfs/tardis/home/xxn2pb/disaster_vision/jobs
SLURM job ID: 11401761
Run directory: /sfs/gpfs/tardis/home/xxn2pb/disaster_vision/jobs/runs/siamese_shared_concat_absdiff_bottleneck_tuned_rerun_b_es100_11401761_20260409_120850
Experiment: siamese_shared_concat_absdiff_bottleneck_tuned_rerun_b_es100
==============================
Python location:
/home/xxn2pb/venvs/disaster_vision/bin/python
Python version:
Python 3.11.4
GPU check:
Thu Apr  9 12:08:52 2026       
+-----------------------------------------------------------------------------------------+
| NVIDIA-SMI 580.95.05              Driver Version: 580.95.05      CUDA Version: 13.0     |
+-----------------------------------------+------------------------+----------------------+
| GPU  Name                 Persistence-M | Bus-Id          Disp.A | Volatile Uncorr. ECC |
| Fan  Temp   Perf          Pwr:Usage/Cap |           Memory-Usage | GPU-Util  Compute M. |
|                                         |                        |               MIG M. |
|=========================================+========================+======================|
|   0  NVIDIA RTX A6000               Off |   00000000:41:00.0 Off |                  Off |
| 30%   32C    P8             33W /  300W |      20MiB /  49140MiB |      0%      Default |
|                                         |                        |                  N/A |
+-----------------------------------------+------------------------+----------------------+

+-----------------------------------------------------------------------------------------+
| Processes:                                                                              |
|  GPU   GI   CI              PID   Type   Process name                        GPU Memory |
|        ID   ID                                                               Usage      |
|=========================================================================================|
|    0   N/A  N/A           20022      G   /usr/libexec/Xorg                         8MiB |
+-----------------------------------------------------------------------------------------+
Using device: cuda
Experiment name: siamese_shared_concat_absdiff_bottleneck_tuned_rerun_b_es100
Train root: /sfs/gpfs/tardis/home/xxn2pb/siamese_project/data/xview2_jpeg/tier1
Val root: /sfs/gpfs/tardis/home/xxn2pb/siamese_project/data/xview2_jpeg/hold
Run dir: /sfs/gpfs/tardis/home/xxn2pb/disaster_vision/jobs/runs/siamese_shared_concat_absdiff_bottleneck_tuned_rerun_b_es100_11401761_20260409_120850
Config | input_mode=siamese | encoder_mode=shared | fusion_strategy=concat_absdiff | fusion_stage=bottleneck_only
Early stopping | patience=8 | min_delta=0.0
Train samples: 2799
Val samples: 933
Epoch 1/100 | train_total=3.3908 | train_seg=0.3647 | train_cls=1.5131 | val_total=3.2580 | val_seg=0.2556 | val_cls=1.5012 | val_dice=0.5815 | val_iou=0.5815 | val_cls_acc=0.2744 | val_cls_f1=0.0993 | val_joint=0.3404
Saved best model to /sfs/gpfs/tardis/home/xxn2pb/disaster_vision/jobs/runs/siamese_shared_concat_absdiff_bottleneck_tuned_rerun_b_es100_11401761_20260409_120850/best_model.pt
Epoch 2/100 | train_total=3.2572 | train_seg=0.2436 | train_cls=1.5068 | val_total=3.2266 | val_seg=0.2724 | val_cls=1.4771 | val_dice=0.5814 | val_iou=0.5813 | val_cls_acc=0.3558 | val_cls_f1=0.1146 | val_joint=0.3480
Saved best model to /sfs/gpfs/tardis/home/xxn2pb/disaster_vision/jobs/runs/siamese_shared_concat_absdiff_bottleneck_tuned_rerun_b_es100_11401761_20260409_120850/best_model.pt
Epoch 3/100 | train_total=3.2026 | train_seg=0.2373 | train_cls=1.4826 | val_total=3.1252 | val_seg=0.2410 | val_cls=1.4421 | val_dice=0.5713 | val_iou=0.5673 | val_cls_acc=0.4030 | val_cls_f1=0.1921 | val_joint=0.3817
Saved best model to /sfs/gpfs/tardis/home/xxn2pb/disaster_vision/jobs/runs/siamese_shared_concat_absdiff_bottleneck_tuned_rerun_b_es100_11401761_20260409_120850/best_model.pt
Epoch 4/100 | train_total=3.1519 | train_seg=0.2341 | train_cls=1.4589 | val_total=3.1178 | val_seg=0.2403 | val_cls=1.4388 | val_dice=0.5815 | val_iou=0.5815 | val_cls_acc=0.3751 | val_cls_f1=0.1870 | val_joint=0.3842
Saved best model to /sfs/gpfs/tardis/home/xxn2pb/disaster_vision/jobs/runs/siamese_shared_concat_absdiff_bottleneck_tuned_rerun_b_es100_11401761_20260409_120850/best_model.pt
Epoch 5/100 | train_total=3.1315 | train_seg=0.2313 | train_cls=1.4501 | val_total=3.0660 | val_seg=0.2269 | val_cls=1.4196 | val_dice=0.5783 | val_iou=0.5754 | val_cls_acc=0.4298 | val_cls_f1=0.2049 | val_joint=0.3916
Saved best model to /sfs/gpfs/tardis/home/xxn2pb/disaster_vision/jobs/runs/siamese_shared_concat_absdiff_bottleneck_tuned_rerun_b_es100_11401761_20260409_120850/best_model.pt
Epoch 6/100 | train_total=3.0868 | train_seg=0.2251 | train_cls=1.4309 | val_total=3.1311 | val_seg=0.2251 | val_cls=1.4530 | val_dice=0.5748 | val_iou=0.5721 | val_cls_acc=0.4191 | val_cls_f1=0.2004 | val_joint=0.3876
Epoch 7/100 | train_total=3.0529 | train_seg=0.2196 | train_cls=1.4167 | val_total=2.9890 | val_seg=0.2197 | val_cls=1.3846 | val_dice=0.5642 | val_iou=0.5579 | val_cls_acc=0.4502 | val_cls_f1=0.2208 | val_joint=0.3925
Saved best model to /sfs/gpfs/tardis/home/xxn2pb/disaster_vision/jobs/runs/siamese_shared_concat_absdiff_bottleneck_tuned_rerun_b_es100_11401761_20260409_120850/best_model.pt
Epoch 8/100 | train_total=2.9347 | train_seg=0.2202 | train_cls=1.3572 | val_total=3.1393 | val_seg=0.2382 | val_cls=1.4505 | val_dice=0.5484 | val_iou=0.5370 | val_cls_acc=0.4191 | val_cls_f1=0.2091 | val_joint=0.3788
Epoch 9/100 | train_total=2.8573 | train_seg=0.2178 | train_cls=1.3198 | val_total=2.6665 | val_seg=0.2240 | val_cls=1.2213 | val_dice=0.5725 | val_iou=0.5667 | val_cls_acc=0.5284 | val_cls_f1=0.2087 | val_joint=0.3906
Epoch 10/100 | train_total=2.6284 | train_seg=0.2098 | train_cls=1.2093 | val_total=2.5795 | val_seg=0.2092 | val_cls=1.1851 | val_dice=0.5700 | val_iou=0.5623 | val_cls_acc=0.5445 | val_cls_f1=0.2272 | val_joint=0.3986
Saved best model to /sfs/gpfs/tardis/home/xxn2pb/disaster_vision/jobs/runs/siamese_shared_concat_absdiff_bottleneck_tuned_rerun_b_es100_11401761_20260409_120850/best_model.pt
Epoch 11/100 | train_total=2.5763 | train_seg=0.2078 | train_cls=1.1843 | val_total=2.6392 | val_seg=0.2102 | val_cls=1.2145 | val_dice=0.5696 | val_iou=0.5606 | val_cls_acc=0.5091 | val_cls_f1=0.1934 | val_joint=0.3815
Epoch 12/100 | train_total=2.5170 | train_seg=0.2028 | train_cls=1.1571 | val_total=2.5638 | val_seg=0.2072 | val_cls=1.1783 | val_dice=0.5744 | val_iou=0.5656 | val_cls_acc=0.5477 | val_cls_f1=0.2200 | val_joint=0.3972
Epoch 13/100 | train_total=2.4486 | train_seg=0.2000 | train_cls=1.1243 | val_total=2.4785 | val_seg=0.2019 | val_cls=1.1383 | val_dice=0.5748 | val_iou=0.5652 | val_cls_acc=0.5713 | val_cls_f1=0.2292 | val_joint=0.4020
Saved best model to /sfs/gpfs/tardis/home/xxn2pb/disaster_vision/jobs/runs/siamese_shared_concat_absdiff_bottleneck_tuned_rerun_b_es100_11401761_20260409_120850/best_model.pt
Epoch 14/100 | train_total=2.4442 | train_seg=0.1990 | train_cls=1.1226 | val_total=2.5119 | val_seg=0.2076 | val_cls=1.1522 | val_dice=0.5806 | val_iou=0.5672 | val_cls_acc=0.5681 | val_cls_f1=0.2301 | val_joint=0.4053
Saved best model to /sfs/gpfs/tardis/home/xxn2pb/disaster_vision/jobs/runs/siamese_shared_concat_absdiff_bottleneck_tuned_rerun_b_es100_11401761_20260409_120850/best_model.pt
Epoch 15/100 | train_total=2.3975 | train_seg=0.1943 | train_cls=1.1016 | val_total=2.5089 | val_seg=0.1984 | val_cls=1.1553 | val_dice=0.5809 | val_iou=0.5691 | val_cls_acc=0.5723 | val_cls_f1=0.2475 | val_joint=0.4142
Saved best model to /sfs/gpfs/tardis/home/xxn2pb/disaster_vision/jobs/runs/siamese_shared_concat_absdiff_bottleneck_tuned_rerun_b_es100_11401761_20260409_120850/best_model.pt
Epoch 16/100 | train_total=2.3527 | train_seg=0.1935 | train_cls=1.0796 | val_total=2.3545 | val_seg=0.1956 | val_cls=1.0794 | val_dice=0.5836 | val_iou=0.5718 | val_cls_acc=0.5991 | val_cls_f1=0.2343 | val_joint=0.4090
Epoch 17/100 | train_total=2.3207 | train_seg=0.1902 | train_cls=1.0653 | val_total=2.4733 | val_seg=0.2004 | val_cls=1.1364 | val_dice=0.5868 | val_iou=0.5772 | val_cls_acc=0.5552 | val_cls_f1=0.2214 | val_joint=0.4041
Epoch 18/100 | train_total=2.2805 | train_seg=0.1892 | train_cls=1.0456 | val_total=2.2845 | val_seg=0.1909 | val_cls=1.0468 | val_dice=0.5830 | val_iou=0.5697 | val_cls_acc=0.6045 | val_cls_f1=0.2540 | val_joint=0.4185
Saved best model to /sfs/gpfs/tardis/home/xxn2pb/disaster_vision/jobs/runs/siamese_shared_concat_absdiff_bottleneck_tuned_rerun_b_es100_11401761_20260409_120850/best_model.pt
Epoch 19/100 | train_total=2.2526 | train_seg=0.1872 | train_cls=1.0327 | val_total=2.3019 | val_seg=0.1980 | val_cls=1.0519 | val_dice=0.5871 | val_iou=0.5764 | val_cls_acc=0.6120 | val_cls_f1=0.2551 | val_joint=0.4211
Saved best model to /sfs/gpfs/tardis/home/xxn2pb/disaster_vision/jobs/runs/siamese_shared_concat_absdiff_bottleneck_tuned_rerun_b_es100_11401761_20260409_120850/best_model.pt
Epoch 20/100 | train_total=2.2309 | train_seg=0.1856 | train_cls=1.0227 | val_total=2.2883 | val_seg=0.1961 | val_cls=1.0461 | val_dice=0.5833 | val_iou=0.5759 | val_cls_acc=0.6195 | val_cls_f1=0.2451 | val_joint=0.4142
Epoch 21/100 | train_total=2.1926 | train_seg=0.1829 | train_cls=1.0049 | val_total=2.2923 | val_seg=0.1872 | val_cls=1.0525 | val_dice=0.5809 | val_iou=0.5681 | val_cls_acc=0.6131 | val_cls_f1=0.2539 | val_joint=0.4174
Epoch 22/100 | train_total=2.1541 | train_seg=0.1795 | train_cls=0.9873 | val_total=2.3016 | val_seg=0.1839 | val_cls=1.0588 | val_dice=0.5769 | val_iou=0.5639 | val_cls_acc=0.6109 | val_cls_f1=0.2664 | val_joint=0.4217
Saved best model to /sfs/gpfs/tardis/home/xxn2pb/disaster_vision/jobs/runs/siamese_shared_concat_absdiff_bottleneck_tuned_rerun_b_es100_11401761_20260409_120850/best_model.pt
Epoch 23/100 | train_total=2.1358 | train_seg=0.1782 | train_cls=0.9788 | val_total=2.1735 | val_seg=0.1835 | val_cls=0.9950 | val_dice=0.5802 | val_iou=0.5642 | val_cls_acc=0.6163 | val_cls_f1=0.2490 | val_joint=0.4146
Epoch 24/100 | train_total=2.0861 | train_seg=0.1737 | train_cls=0.9562 | val_total=2.1593 | val_seg=0.1806 | val_cls=0.9893 | val_dice=0.5834 | val_iou=0.5704 | val_cls_acc=0.6356 | val_cls_f1=0.2467 | val_joint=0.4150
Epoch 25/100 | train_total=2.0599 | train_seg=0.1742 | train_cls=0.9429 | val_total=2.3288 | val_seg=0.1803 | val_cls=1.0742 | val_dice=0.5866 | val_iou=0.5723 | val_cls_acc=0.5927 | val_cls_f1=0.2505 | val_joint=0.4186
Epoch 26/100 | train_total=2.0334 | train_seg=0.1717 | train_cls=0.9308 | val_total=2.1899 | val_seg=0.1855 | val_cls=1.0022 | val_dice=0.5799 | val_iou=0.5629 | val_cls_acc=0.6452 | val_cls_f1=0.2551 | val_joint=0.4175
Epoch 27/100 | train_total=2.0101 | train_seg=0.1734 | train_cls=0.9184 | val_total=2.1304 | val_seg=0.1757 | val_cls=0.9773 | val_dice=0.5896 | val_iou=0.5740 | val_cls_acc=0.6527 | val_cls_f1=0.2671 | val_joint=0.4283
Saved best model to /sfs/gpfs/tardis/home/xxn2pb/disaster_vision/jobs/runs/siamese_shared_concat_absdiff_bottleneck_tuned_rerun_b_es100_11401761_20260409_120850/best_model.pt
Epoch 28/100 | train_total=1.9723 | train_seg=0.1689 | train_cls=0.9017 | val_total=2.0883 | val_seg=0.1791 | val_cls=0.9546 | val_dice=0.5754 | val_iou=0.5582 | val_cls_acc=0.6602 | val_cls_f1=0.2752 | val_joint=0.4253
Epoch 29/100 | train_total=1.9250 | train_seg=0.1674 | train_cls=0.8788 | val_total=2.0972 | val_seg=0.1754 | val_cls=0.9609 | val_dice=0.5753 | val_iou=0.5590 | val_cls_acc=0.6538 | val_cls_f1=0.2638 | val_joint=0.4196
Epoch 30/100 | train_total=1.9352 | train_seg=0.1659 | train_cls=0.8846 | val_total=2.1079 | val_seg=0.1883 | val_cls=0.9598 | val_dice=0.5728 | val_iou=0.5540 | val_cls_acc=0.6613 | val_cls_f1=0.2703 | val_joint=0.4216
Epoch 31/100 | train_total=1.9098 | train_seg=0.1684 | train_cls=0.8707 | val_total=2.1499 | val_seg=0.1751 | val_cls=0.9874 | val_dice=0.5921 | val_iou=0.5775 | val_cls_acc=0.6377 | val_cls_f1=0.2745 | val_joint=0.4333
Saved best model to /sfs/gpfs/tardis/home/xxn2pb/disaster_vision/jobs/runs/siamese_shared_concat_absdiff_bottleneck_tuned_rerun_b_es100_11401761_20260409_120850/best_model.pt
Epoch 32/100 | train_total=1.8615 | train_seg=0.1648 | train_cls=0.8484 | val_total=2.1309 | val_seg=0.1735 | val_cls=0.9787 | val_dice=0.5890 | val_iou=0.5734 | val_cls_acc=0.6474 | val_cls_f1=0.2693 | val_joint=0.4291
Epoch 33/100 | train_total=1.8345 | train_seg=0.1641 | train_cls=0.8352 | val_total=2.0664 | val_seg=0.1691 | val_cls=0.9486 | val_dice=0.5813 | val_iou=0.5632 | val_cls_acc=0.6656 | val_cls_f1=0.2778 | val_joint=0.4296
Epoch 34/100 | train_total=1.7952 | train_seg=0.1606 | train_cls=0.8173 | val_total=2.2216 | val_seg=0.1699 | val_cls=1.0259 | val_dice=0.5516 | val_iou=0.5338 | val_cls_acc=0.6259 | val_cls_f1=0.2760 | val_joint=0.4138
Epoch 35/100 | train_total=1.7607 | train_seg=0.1632 | train_cls=0.7987 | val_total=2.0674 | val_seg=0.1721 | val_cls=0.9476 | val_dice=0.5779 | val_iou=0.5632 | val_cls_acc=0.6463 | val_cls_f1=0.2720 | val_joint=0.4249
Epoch 36/100 | train_total=1.7625 | train_seg=0.1596 | train_cls=0.8014 | val_total=2.1769 | val_seg=0.1691 | val_cls=1.0039 | val_dice=0.5775 | val_iou=0.5593 | val_cls_acc=0.6399 | val_cls_f1=0.2669 | val_joint=0.4222
Epoch 37/100 | train_total=1.6952 | train_seg=0.1584 | train_cls=0.7684 | val_total=2.0366 | val_seg=0.1669 | val_cls=0.9349 | val_dice=0.5804 | val_iou=0.5615 | val_cls_acc=0.6506 | val_cls_f1=0.2829 | val_joint=0.4317
Epoch 38/100 | train_total=1.6608 | train_seg=0.1563 | train_cls=0.7522 | val_total=2.1224 | val_seg=0.1703 | val_cls=0.9761 | val_dice=0.5712 | val_iou=0.5543 | val_cls_acc=0.6442 | val_cls_f1=0.2642 | val_joint=0.4177
Epoch 39/100 | train_total=1.6509 | train_seg=0.1583 | train_cls=0.7463 | val_total=2.1109 | val_seg=0.1650 | val_cls=0.9729 | val_dice=0.5726 | val_iou=0.5539 | val_cls_acc=0.6613 | val_cls_f1=0.2815 | val_joint=0.4271
Early stopping triggered at epoch 39 after 8 epochs without joint_score improvement greater than 0.0.
Finished training.
Best joint_score: 0.4333 at epoch 31
Training stopped early at epoch 39.
Metrics saved to: /sfs/gpfs/tardis/home/xxn2pb/disaster_vision/jobs/runs/siamese_shared_concat_absdiff_bottleneck_tuned_rerun_b_es100_11401761_20260409_120850/metrics.csv
Plots saved to: /sfs/gpfs/tardis/home/xxn2pb/disaster_vision/jobs/runs/siamese_shared_concat_absdiff_bottleneck_tuned_rerun_b_es100_11401761_20260409_120850/plots
==============================
Job ended at: Thu Apr  9 12:33:25 EDT 2026
Total runtime: 1472 seconds
==============================
