==============================
Job started at: Wed Apr  8 23:31:07 EDT 2026
Running on host: udc-an25-20
Working directory: /sfs/gpfs/tardis/home/xxn2pb/disaster_vision/jobs
SLURM job ID: 11388227
Run directory: /sfs/gpfs/tardis/home/xxn2pb/disaster_vision/jobs/runs/siamese_shared_concat_absdiff_bottleneck_tuned_es100_11388227_20260408_233106
Experiment: siamese_shared_concat_absdiff_bottleneck_tuned_es100
==============================
Python location:
/home/xxn2pb/venvs/disaster_vision/bin/python
Python version:
Python 3.11.4
GPU check:
Wed Apr  8 23:31:07 2026       
+-----------------------------------------------------------------------------------------+
| NVIDIA-SMI 580.95.05              Driver Version: 580.95.05      CUDA Version: 13.0     |
+-----------------------------------------+------------------------+----------------------+
| GPU  Name                 Persistence-M | Bus-Id          Disp.A | Volatile Uncorr. ECC |
| Fan  Temp   Perf          Pwr:Usage/Cap |           Memory-Usage | GPU-Util  Compute M. |
|                                         |                        |               MIG M. |
|=========================================+========================+======================|
|   0  NVIDIA RTX A6000               Off |   00000000:A1:00.0 Off |                  Off |
| 30%   44C    P8             37W /  300W |      30MiB /  49140MiB |      0%      Default |
|                                         |                        |                  N/A |
+-----------------------------------------+------------------------+----------------------+

+-----------------------------------------------------------------------------------------+
| Processes:                                                                              |
|  GPU   GI   CI              PID   Type   Process name                        GPU Memory |
|        ID   ID                                                               Usage      |
|=========================================================================================|
|    0   N/A  N/A           27926      G   /usr/libexec/Xorg                         8MiB |
+-----------------------------------------------------------------------------------------+
Using device: cuda
Experiment name: siamese_shared_concat_absdiff_bottleneck_tuned_es100
Train root: /sfs/gpfs/tardis/home/xxn2pb/siamese_project/data/xview2_jpeg/tier1
Val root: /sfs/gpfs/tardis/home/xxn2pb/siamese_project/data/xview2_jpeg/hold
Run dir: /sfs/gpfs/tardis/home/xxn2pb/disaster_vision/jobs/runs/siamese_shared_concat_absdiff_bottleneck_tuned_es100_11388227_20260408_233106
Config | input_mode=siamese | encoder_mode=shared | fusion_strategy=concat_absdiff | fusion_stage=bottleneck_only
Early stopping | patience=12 | min_delta=0.0
Train samples: 2799
Val samples: 933
Epoch 1/100 | train_total=3.3718 | train_seg=0.3387 | train_cls=1.5166 | val_total=3.2606 | val_seg=0.2897 | val_cls=1.4855 | val_dice=0.5815 | val_iou=0.5815 | val_cls_acc=0.3837 | val_cls_f1=0.1518 | val_joint=0.3666
Saved best model to /sfs/gpfs/tardis/home/xxn2pb/disaster_vision/jobs/runs/siamese_shared_concat_absdiff_bottleneck_tuned_es100_11388227_20260408_233106/best_model.pt
Epoch 2/100 | train_total=3.2639 | train_seg=0.2475 | train_cls=1.5082 | val_total=3.2076 | val_seg=0.2479 | val_cls=1.4798 | val_dice=0.5815 | val_iou=0.5815 | val_cls_acc=0.3558 | val_cls_f1=0.1146 | val_joint=0.3480
Epoch 3/100 | train_total=3.2422 | train_seg=0.2389 | train_cls=1.5016 | val_total=3.1867 | val_seg=0.2366 | val_cls=1.4750 | val_dice=0.5717 | val_iou=0.5690 | val_cls_acc=0.3623 | val_cls_f1=0.1744 | val_joint=0.3730
Saved best model to /sfs/gpfs/tardis/home/xxn2pb/disaster_vision/jobs/runs/siamese_shared_concat_absdiff_bottleneck_tuned_es100_11388227_20260408_233106/best_model.pt
Epoch 4/100 | train_total=3.2033 | train_seg=0.2363 | train_cls=1.4835 | val_total=3.0972 | val_seg=0.2353 | val_cls=1.4309 | val_dice=0.5588 | val_iou=0.5538 | val_cls_acc=0.4266 | val_cls_f1=0.2041 | val_joint=0.3815
Saved best model to /sfs/gpfs/tardis/home/xxn2pb/disaster_vision/jobs/runs/siamese_shared_concat_absdiff_bottleneck_tuned_es100_11388227_20260408_233106/best_model.pt
Epoch 5/100 | train_total=3.1437 | train_seg=0.2314 | train_cls=1.4561 | val_total=3.0332 | val_seg=0.2351 | val_cls=1.3991 | val_dice=0.5506 | val_iou=0.5439 | val_cls_acc=0.4287 | val_cls_f1=0.1975 | val_joint=0.3741
Epoch 6/100 | train_total=3.0723 | train_seg=0.2248 | train_cls=1.4237 | val_total=3.0430 | val_seg=0.2235 | val_cls=1.4097 | val_dice=0.5553 | val_iou=0.5485 | val_cls_acc=0.4373 | val_cls_f1=0.2097 | val_joint=0.3825
Saved best model to /sfs/gpfs/tardis/home/xxn2pb/disaster_vision/jobs/runs/siamese_shared_concat_absdiff_bottleneck_tuned_es100_11388227_20260408_233106/best_model.pt
Epoch 7/100 | train_total=3.0352 | train_seg=0.2230 | train_cls=1.4061 | val_total=3.0322 | val_seg=0.2193 | val_cls=1.4064 | val_dice=0.5509 | val_iou=0.5402 | val_cls_acc=0.4534 | val_cls_f1=0.1954 | val_joint=0.3731
Epoch 8/100 | train_total=2.9370 | train_seg=0.2162 | train_cls=1.3604 | val_total=2.9485 | val_seg=0.2233 | val_cls=1.3626 | val_dice=0.5679 | val_iou=0.5624 | val_cls_acc=0.4737 | val_cls_f1=0.1694 | val_joint=0.3687
Epoch 9/100 | train_total=2.7866 | train_seg=0.2077 | train_cls=1.2894 | val_total=2.7571 | val_seg=0.2075 | val_cls=1.2748 | val_dice=0.5664 | val_iou=0.5542 | val_cls_acc=0.5145 | val_cls_f1=0.1828 | val_joint=0.3746
Epoch 10/100 | train_total=2.6495 | train_seg=0.2029 | train_cls=1.2233 | val_total=2.5811 | val_seg=0.2095 | val_cls=1.1858 | val_dice=0.5657 | val_iou=0.5597 | val_cls_acc=0.5541 | val_cls_f1=0.2113 | val_joint=0.3885
Saved best model to /sfs/gpfs/tardis/home/xxn2pb/disaster_vision/jobs/runs/siamese_shared_concat_absdiff_bottleneck_tuned_es100_11388227_20260408_233106/best_model.pt
Epoch 11/100 | train_total=2.5355 | train_seg=0.1974 | train_cls=1.1691 | val_total=2.4976 | val_seg=0.1932 | val_cls=1.1522 | val_dice=0.5702 | val_iou=0.5590 | val_cls_acc=0.5638 | val_cls_f1=0.2356 | val_joint=0.4029
Saved best model to /sfs/gpfs/tardis/home/xxn2pb/disaster_vision/jobs/runs/siamese_shared_concat_absdiff_bottleneck_tuned_es100_11388227_20260408_233106/best_model.pt
Epoch 12/100 | train_total=2.4482 | train_seg=0.1928 | train_cls=1.1277 | val_total=2.4440 | val_seg=0.1909 | val_cls=1.1265 | val_dice=0.5694 | val_iou=0.5565 | val_cls_acc=0.5563 | val_cls_f1=0.2205 | val_joint=0.3950
Epoch 13/100 | train_total=2.3967 | train_seg=0.1885 | train_cls=1.1041 | val_total=2.3455 | val_seg=0.1887 | val_cls=1.0784 | val_dice=0.5786 | val_iou=0.5648 | val_cls_acc=0.5959 | val_cls_f1=0.2285 | val_joint=0.4035
Saved best model to /sfs/gpfs/tardis/home/xxn2pb/disaster_vision/jobs/runs/siamese_shared_concat_absdiff_bottleneck_tuned_es100_11388227_20260408_233106/best_model.pt
Epoch 14/100 | train_total=2.3145 | train_seg=0.1856 | train_cls=1.0644 | val_total=2.2821 | val_seg=0.1865 | val_cls=1.0478 | val_dice=0.5716 | val_iou=0.5575 | val_cls_acc=0.6099 | val_cls_f1=0.2444 | val_joint=0.4080
Saved best model to /sfs/gpfs/tardis/home/xxn2pb/disaster_vision/jobs/runs/siamese_shared_concat_absdiff_bottleneck_tuned_es100_11388227_20260408_233106/best_model.pt
Epoch 15/100 | train_total=2.2708 | train_seg=0.1843 | train_cls=1.0433 | val_total=2.2894 | val_seg=0.2062 | val_cls=1.0416 | val_dice=0.5807 | val_iou=0.5731 | val_cls_acc=0.6077 | val_cls_f1=0.2389 | val_joint=0.4098
Saved best model to /sfs/gpfs/tardis/home/xxn2pb/disaster_vision/jobs/runs/siamese_shared_concat_absdiff_bottleneck_tuned_es100_11388227_20260408_233106/best_model.pt
Epoch 16/100 | train_total=2.2312 | train_seg=0.1857 | train_cls=1.0227 | val_total=2.2611 | val_seg=0.1941 | val_cls=1.0335 | val_dice=0.5819 | val_iou=0.5728 | val_cls_acc=0.6045 | val_cls_f1=0.2494 | val_joint=0.4157
Saved best model to /sfs/gpfs/tardis/home/xxn2pb/disaster_vision/jobs/runs/siamese_shared_concat_absdiff_bottleneck_tuned_es100_11388227_20260408_233106/best_model.pt
Epoch 17/100 | train_total=2.2033 | train_seg=0.1831 | train_cls=1.0101 | val_total=2.2174 | val_seg=0.1969 | val_cls=1.0103 | val_dice=0.5837 | val_iou=0.5741 | val_cls_acc=0.6141 | val_cls_f1=0.2512 | val_joint=0.4175
Saved best model to /sfs/gpfs/tardis/home/xxn2pb/disaster_vision/jobs/runs/siamese_shared_concat_absdiff_bottleneck_tuned_es100_11388227_20260408_233106/best_model.pt
Epoch 18/100 | train_total=2.1952 | train_seg=0.1817 | train_cls=1.0068 | val_total=2.1770 | val_seg=0.1814 | val_cls=0.9978 | val_dice=0.5849 | val_iou=0.5701 | val_cls_acc=0.6313 | val_cls_f1=0.2670 | val_joint=0.4259
Saved best model to /sfs/gpfs/tardis/home/xxn2pb/disaster_vision/jobs/runs/siamese_shared_concat_absdiff_bottleneck_tuned_es100_11388227_20260408_233106/best_model.pt
Epoch 19/100 | train_total=2.1173 | train_seg=0.1771 | train_cls=0.9701 | val_total=2.3572 | val_seg=0.1847 | val_cls=1.0863 | val_dice=0.5838 | val_iou=0.5698 | val_cls_acc=0.5874 | val_cls_f1=0.2425 | val_joint=0.4132
Epoch 20/100 | train_total=2.1105 | train_seg=0.1763 | train_cls=0.9671 | val_total=2.1023 | val_seg=0.1894 | val_cls=0.9565 | val_dice=0.5560 | val_iou=0.5467 | val_cls_acc=0.6431 | val_cls_f1=0.2605 | val_joint=0.4083
Epoch 21/100 | train_total=2.0726 | train_seg=0.1735 | train_cls=0.9495 | val_total=2.1340 | val_seg=0.1819 | val_cls=0.9761 | val_dice=0.5816 | val_iou=0.5655 | val_cls_acc=0.6367 | val_cls_f1=0.2656 | val_joint=0.4236
Epoch 22/100 | train_total=2.0420 | train_seg=0.1735 | train_cls=0.9343 | val_total=2.2186 | val_seg=0.1791 | val_cls=1.0198 | val_dice=0.5853 | val_iou=0.5739 | val_cls_acc=0.6152 | val_cls_f1=0.2670 | val_joint=0.4261
Saved best model to /sfs/gpfs/tardis/home/xxn2pb/disaster_vision/jobs/runs/siamese_shared_concat_absdiff_bottleneck_tuned_es100_11388227_20260408_233106/best_model.pt
Epoch 23/100 | train_total=2.0203 | train_seg=0.1718 | train_cls=0.9243 | val_total=2.0705 | val_seg=0.1853 | val_cls=0.9426 | val_dice=0.5805 | val_iou=0.5733 | val_cls_acc=0.6356 | val_cls_f1=0.2635 | val_joint=0.4220
Epoch 24/100 | train_total=1.9797 | train_seg=0.1696 | train_cls=0.9051 | val_total=2.0926 | val_seg=0.1777 | val_cls=0.9574 | val_dice=0.5813 | val_iou=0.5670 | val_cls_acc=0.6292 | val_cls_f1=0.2620 | val_joint=0.4216
Epoch 25/100 | train_total=1.9245 | train_seg=0.1687 | train_cls=0.8779 | val_total=2.2322 | val_seg=0.1778 | val_cls=1.0272 | val_dice=0.5731 | val_iou=0.5559 | val_cls_acc=0.6259 | val_cls_f1=0.2571 | val_joint=0.4151
Epoch 26/100 | train_total=1.9187 | train_seg=0.1651 | train_cls=0.8768 | val_total=2.0294 | val_seg=0.1744 | val_cls=0.9275 | val_dice=0.5253 | val_iou=0.5107 | val_cls_acc=0.6517 | val_cls_f1=0.2776 | val_joint=0.4015
Epoch 27/100 | train_total=1.8849 | train_seg=0.1656 | train_cls=0.8596 | val_total=2.1421 | val_seg=0.1744 | val_cls=0.9838 | val_dice=0.5729 | val_iou=0.5553 | val_cls_acc=0.6206 | val_cls_f1=0.2614 | val_joint=0.4171
Epoch 28/100 | train_total=1.8604 | train_seg=0.1655 | train_cls=0.8475 | val_total=2.0131 | val_seg=0.1731 | val_cls=0.9200 | val_dice=0.5913 | val_iou=0.5745 | val_cls_acc=0.6506 | val_cls_f1=0.2744 | val_joint=0.4329
Saved best model to /sfs/gpfs/tardis/home/xxn2pb/disaster_vision/jobs/runs/siamese_shared_concat_absdiff_bottleneck_tuned_es100_11388227_20260408_233106/best_model.pt
Epoch 29/100 | train_total=1.8291 | train_seg=0.1619 | train_cls=0.8336 | val_total=2.0424 | val_seg=0.1712 | val_cls=0.9356 | val_dice=0.5553 | val_iou=0.5404 | val_cls_acc=0.6495 | val_cls_f1=0.2707 | val_joint=0.4130
Epoch 30/100 | train_total=1.8211 | train_seg=0.1627 | train_cls=0.8292 | val_total=2.1126 | val_seg=0.1736 | val_cls=0.9695 | val_dice=0.5494 | val_iou=0.5314 | val_cls_acc=0.6388 | val_cls_f1=0.2564 | val_joint=0.4029
Epoch 31/100 | train_total=1.7821 | train_seg=0.1624 | train_cls=0.8099 | val_total=2.0101 | val_seg=0.1640 | val_cls=0.9230 | val_dice=0.5857 | val_iou=0.5686 | val_cls_acc=0.6506 | val_cls_f1=0.2756 | val_joint=0.4306
Epoch 32/100 | train_total=1.7378 | train_seg=0.1593 | train_cls=0.7892 | val_total=2.0920 | val_seg=0.1684 | val_cls=0.9618 | val_dice=0.5801 | val_iou=0.5620 | val_cls_acc=0.6484 | val_cls_f1=0.2698 | val_joint=0.4249
Epoch 33/100 | train_total=1.6733 | train_seg=0.1579 | train_cls=0.7577 | val_total=2.0090 | val_seg=0.1630 | val_cls=0.9230 | val_dice=0.5575 | val_iou=0.5389 | val_cls_acc=0.6559 | val_cls_f1=0.2801 | val_joint=0.4188
Epoch 34/100 | train_total=1.6579 | train_seg=0.1566 | train_cls=0.7507 | val_total=2.0570 | val_seg=0.1614 | val_cls=0.9478 | val_dice=0.5891 | val_iou=0.5713 | val_cls_acc=0.6549 | val_cls_f1=0.2706 | val_joint=0.4299
Epoch 35/100 | train_total=1.6147 | train_seg=0.1535 | train_cls=0.7306 | val_total=2.0203 | val_seg=0.1625 | val_cls=0.9289 | val_dice=0.5715 | val_iou=0.5521 | val_cls_acc=0.6474 | val_cls_f1=0.2717 | val_joint=0.4216
Epoch 36/100 | train_total=1.5794 | train_seg=0.1530 | train_cls=0.7132 | val_total=2.0743 | val_seg=0.1655 | val_cls=0.9544 | val_dice=0.5730 | val_iou=0.5564 | val_cls_acc=0.6527 | val_cls_f1=0.2706 | val_joint=0.4218
Epoch 37/100 | train_total=1.5544 | train_seg=0.1526 | train_cls=0.7009 | val_total=2.0459 | val_seg=0.1646 | val_cls=0.9406 | val_dice=0.5887 | val_iou=0.5703 | val_cls_acc=0.6570 | val_cls_f1=0.2746 | val_joint=0.4317
Epoch 38/100 | train_total=1.5272 | train_seg=0.1531 | train_cls=0.6871 | val_total=2.0984 | val_seg=0.1694 | val_cls=0.9645 | val_dice=0.5701 | val_iou=0.5510 | val_cls_acc=0.6667 | val_cls_f1=0.2715 | val_joint=0.4208
Epoch 39/100 | train_total=1.4973 | train_seg=0.1525 | train_cls=0.6724 | val_total=2.3939 | val_seg=0.1626 | val_cls=1.1157 | val_dice=0.5829 | val_iou=0.5666 | val_cls_acc=0.6034 | val_cls_f1=0.2635 | val_joint=0.4232
Epoch 40/100 | train_total=1.4450 | train_seg=0.1502 | train_cls=0.6474 | val_total=2.0811 | val_seg=0.1620 | val_cls=0.9595 | val_dice=0.5642 | val_iou=0.5440 | val_cls_acc=0.6484 | val_cls_f1=0.2846 | val_joint=0.4244
Early stopping triggered at epoch 40 after 12 epochs without joint_score improvement greater than 0.0.
Finished training.
Best joint_score: 0.4329 at epoch 28
Training stopped early at epoch 40.
Metrics saved to: /sfs/gpfs/tardis/home/xxn2pb/disaster_vision/jobs/runs/siamese_shared_concat_absdiff_bottleneck_tuned_es100_11388227_20260408_233106/metrics.csv
Plots saved to: /sfs/gpfs/tardis/home/xxn2pb/disaster_vision/jobs/runs/siamese_shared_concat_absdiff_bottleneck_tuned_es100_11388227_20260408_233106/plots
==============================
Job ended at: Wed Apr  8 23:58:21 EDT 2026
Total runtime: 1634 seconds
==============================
